#
# A fatal error has been detected by the Java Runtime Environment:
#
#  SIGSEGV (0xb) at pc=0x0000000110d158a9, pid=2758, tid=259
#
# JRE version: OpenJDK Runtime Environment AdoptOpenJDK (15.0.2+7) (build 15.0.2+7)
# Java VM: OpenJDK 64-Bit Server VM AdoptOpenJDK (15.0.2+7, mixed mode, sharing, tiered, compressed oops, g1 gc, bsd-amd64)
# Problematic frame:
# V  [libjvm.dylib+0x5158a9]  jni_IsSameObject+0x39
#
# No core dump will be written. Core dumps have been disabled. To enable core dumping, try "ulimit -c unlimited" before starting Java again
#
# If you would like to submit a bug report, please visit:
#   https://github.com/AdoptOpenJDK/openjdk-support/issues
#

---------------  S U M M A R Y ------------

Command Line: -ea --module-path=/Library/Java/javafx-sdk-15.0.1/lib --add-modules=javafx.controls,javafx.fxml,javafx.media -Djava.library.path=/Library/Java/javafx-sdk-15.0.1/lib -javaagent:/Applications/IntelliJ IDEA.app/Contents/lib/idea_rt.jar=50120:/Applications/IntelliJ IDEA.app/Contents/bin -Dfile.encoding=UTF-8 comp1110.ass2.gui.Game

Host: MacBookPro17,1 x86_64 2400 MHz, 8 cores, 16G, Darwin 20.4.0
Time: Tue May 18 11:07:47 2021 KST elapsed time: 26.511076 seconds (0d 0h 0m 26s)

---------------  T H R E A D  ---------------

Current thread is native thread

Stack: [0x000000030c3c4000,0x000000030cbc4000],  sp=0x000000030cbbfa30,  free space=8174k
Native frames: (J=compiled Java code, A=aot compiled Java code, j=interpreted, Vv=VM code, C=native code)
V  [libjvm.dylib+0x5158a9]  jni_IsSameObject+0x39
C  [JavaNativeFoundation+0x9682]  -[JNFWeakJObjectWrapper _getWithEnv:]+0x31
C  [JavaNativeFoundation+0x9496]  -[JNFJObjectWrapper jObjectWithEnv:]+0x16
C  [libawt_lwawt.dylib+0x1d281]  -[CGLLayer drawInCGLContext:pixelFormat:forLayerTime:displayTime:]+0xa1
C  [QuartzCore+0xc6979]  _ZL17CAOpenGLLayerDrawP13CAOpenGLLayerdPK11CVTimeStampj+0x7d9
C  [QuartzCore+0xc5fc2]  -[CAOpenGLLayer _display]+0x246
C  [QuartzCore+0x2125f]  _ZN2CA5Layer17display_if_neededEPNS_11TransactionE+0x35f
C  [QuartzCore+0x16c44a]  _ZN2CA7Context18commit_transactionEPNS_11TransactionEdPd+0x29a
C  [QuartzCore+0x274f]  _ZN2CA11Transaction6commitEv+0x2c9
C  [QuartzCore+0x3b1de]  _ZN2CA11Transaction17observer_callbackEP19__CFRunLoopObservermPv+0x6e
C  [CoreFoundation+0x80b7d]  __CFRUNLOOP_IS_CALLING_OUT_TO_AN_OBSERVER_CALLBACK_FUNCTION__+0x17
C  [CoreFoundation+0x80a0d]  __CFRunLoopDoObservers+0x21f
C  [CoreFoundation+0x7ffd2]  __CFRunLoopRun+0x48b
C  [CoreFoundation+0x7f480]  CFRunLoopRunSpecific+0x237
C  [libjli.dylib+0x6e82]  CreateExecutionEnvironment+0x192
C  [libjli.dylib+0x2848]  JLI_Launch+0x5d8
C  [java+0xc0e]  main+0x19e
C  [libdyld.dylib+0x15f3d]  start+0x1


siginfo: si_signo: 11 (SIGSEGV), si_code: 1 (SEGV_MAPERR), si_addr: 0x0000000000000398

Registers:
RAX=0x000000000000dead, RBX=0x00007f866d920528, RCX=0x00000002046d2e00, RDX=0x0000000000000000
RSP=0x000000030cbbfa30, RBP=0x000000030cbbfa60, RSI=0x00007f866c7b1109, RDI=0x00007f866d920200
R8 =0x0000000000000000, R9 =0x0000000000000000, R10=0x00007fff85dd8420, R11=0x00007fff6eb5c602
R12=0x00007f866d920528, R13=0x0000000000000000, R14=0x0000000000000000, R15=0x00007f866c7b1109
RIP=0x0000000110d158a9, EFLAGS=0x0000000000000297, ERR=0x0000000000000006
  TRAPNO=0x000000000000000e

Top of Stack: (sp=0x000000030cbbfa30)
0x000000030cbbfa30:   00000001114699d0 00007f866d920528
0x000000030cbbfa40:   00007f861ea33400 00007f861d1c5bb0
0x000000030cbbfa50:   00007f861d1c3180 00007f866c7b1109
0x000000030cbbfa60:   000000030cbbfa90 00007fff6eb5c682
0x000000030cbbfa70:   00007f861d1c3180 00007f866d920528
0x000000030cbbfa80:   00007fff20214780 00007f861d321790
0x000000030cbbfa90:   000000030cbbfab0 00007fff6eb5c496
0x000000030cbbfaa0:   00007f861d1c3180 00007f866d920528
0x000000030cbbfab0:   000000030cbbfb10 000000013f630281
0x000000030cbbfac0:   00007f861d1cde90 00007fff7bb30a27
0x000000030cbbfad0:   00007f861d1c5bb0 0000000000000000
0x000000030cbbfae0:   40c6f164449fd7a2 00007fff20214780
0x000000030cbbfaf0:   00007f861d1cde90 00007f861d1c5bb0
0x000000030cbbfb00:   00007f861d1c5bb0 00007f861d004f30
0x000000030cbbfb10:   000000030cbbfbd0 00007fff26ee4979
0x000000030cbbfb20:   00007f866c7f0870 0000000000000000
0x000000030cbbfb30:   00007f861d1c5bb0 0000000000000000
0x000000030cbbfb40:   000000041d1c5bb0 0000000000000000
0x000000030cbbfb50:   40c6f164449fd7a2 0000000000000000
0x000000030cbbfb60:   0000000000000000 00007f866e0b3fa0
0x000000030cbbfb70:   0000000000000004 0000000000000000
0x000000030cbbfb80:   0000000000000000 000000030cbbfba8
0x000000030cbbfb90:   0000000300000000 00007fff26e609cf
0x000000030cbbfba0:   044f0e32f2e00013 00007fff20214780
0x000000030cbbfbb0:   0000000000000004 0000000000000000
0x000000030cbbfbc0:   00007f861d1c5bb0 00007fff7bb30a27
0x000000030cbbfbd0:   000000030cbbfc50 00007fff26ee3fc2
0x000000030cbbfbe0:   0000000000000000 4070200000000000
0x000000030cbbfbf0:   4080300000000000 4000000000000000
0x000000030cbbfc00:   0000000000000000 0000000000000000
0x000000030cbbfc10:   4080300000000000 4070200000000000
0x000000030cbbfc20:   044f0e32f2e00013 000000030cbbfd30 

Instructions: (pc=0x0000000110d158a9)
0x0000000110d157a9:   00 20 75 0e eb 14 48 8d 05 6a 92 7c 00 83 38 00
0x0000000110d157b9:   74 e3 4c 89 e7 e8 dd d5 50 00 41 c7 84 24 98 03
0x0000000110d157c9:   00 00 06 00 00 00 4c 89 ff 4c 89 f6 90 0f 1f 40
0x0000000110d157d9:   00 4d 85 f6 74 0b 31 f6 4c 89 f7 ff 15 9e fb 74
0x0000000110d157e9:   00 90 0f 1f 40 00 49 8b 9c 24 f8 00 00 00 48 8b
0x0000000110d157f9:   43 10 48 83 38 00 74 0c 48 89 df e8 07 4b f4 ff
0x0000000110d15809:   48 8b 43 10 48 8b 4b 08 48 89 41 10 48 8b 43 08
0x0000000110d15819:   48 8b 4b 18 48 89 48 18 48 8b 43 08 48 8b 4b 20
0x0000000110d15829:   48 89 48 20 41 c7 84 24 98 03 00 00 07 00 00 00
0x0000000110d15839:   f0 83 04 24 00 49 8b 84 24 10 01 00 00 a8 08 74
0x0000000110d15849:   08 4c 89 e7 e8 6e eb 3b 00 41 c7 84 24 98 03 00
0x0000000110d15859:   00 04 00 00 00 5b 41 5c 41 5e 41 5f 5d c3 66 0f
0x0000000110d15869:   1f 84 00 00 00 00 00 55 48 89 e5 41 57 41 56 41
0x0000000110d15879:   55 41 54 53 50 49 89 d6 49 89 f7 49 89 fc 4c 8d
0x0000000110d15889:   af d8 fc ff ff b8 55 21 ff ff 03 87 88 00 00 00
0x0000000110d15899:   83 f8 02 72 0b 4c 89 ef e8 2a b1 50 00 45 31 ed
0x0000000110d158a9:   41 c7 85 98 03 00 00 05 00 00 00 f0 83 04 24 00
0x0000000110d158b9:   49 8b 45 00 4c 89 ef ff 50 40 84 c0 74 1b 49 8b
0x0000000110d158c9:   85 10 01 00 00 a8 08 75 1c 41 8b 85 e0 00 00 00
0x0000000110d158d9:   a9 04 00 00 20 75 0e eb 14 48 8d 05 37 91 7c 00
0x0000000110d158e9:   83 38 00 74 e4 4c 89 ef e8 aa d4 50 00 41 c7 85
0x0000000110d158f9:   98 03 00 00 06 00 00 00 4c 89 e7 4c 89 fe 4c 89
0x0000000110d15909:   f2 90 0f 1f 40 00 4d 85 ff 74 19 41 f6 c7 01 75
0x0000000110d15919:   1f 4c 89 ff ff 15 5d fa 74 00 49 89 c7 4d 85 f6
0x0000000110d15929:   75 22 eb 08 45 31 ff 4d 85 f6 75 18 31 c0 eb 31
0x0000000110d15939:   49 ff cf 4c 89 ff ff 15 fb 45 76 00 49 89 c7 4d
0x0000000110d15949:   85 f6 74 e8 41 f6 c6 01 75 0b 4c 89 f7 ff 15 24
0x0000000110d15959:   fa 74 00 eb 0c 49 ff ce 4c 89 f7 ff 15 d6 45 76
0x0000000110d15969:   00 45 31 f6 49 39 c7 41 0f 94 c6 4c 89 f7 90 0f
0x0000000110d15979:   1f 40 00 49 8b 9d f8 00 00 00 48 8b 43 10 48 83
0x0000000110d15989:   38 00 74 0c 48 89 df e8 7b 49 f4 ff 48 8b 43 10
0x0000000110d15999:   48 8b 4b 08 48 89 41 10 48 8b 43 08 48 8b 4b 18 



---------------  P R O C E S S  ---------------

VM state: not at safepoint (normal execution)

VM Mutex/Monitor currently owned by a thread: None

Heap address: 0x0000000700000000, size: 4096 MB, Compressed Oops mode: Zero based, Oop shift amount: 3
CDS archive(s) mapped at: [0x0000000800000000-0x0000000800b2f000-0x0000000800b2f000), size 11726848, SharedBaseAddress: 0x0000000800000000, ArchiveRelocationMode: 0.
Compressed class space mapped at: 0x0000000800b30000-0x0000000840b30000, size: 1073741824
Narrow klass base: 0x0000000800000000, Narrow klass shift: 3, Narrow klass range: 0x100000000

GC Precious Log:
 CPUs: 8 total, 8 available
 Memory: 16384M
 Large Page Support: Disabled
 NUMA Support: Disabled
 Compressed Oops: Enabled (Zero based)
 Heap Region Size: 2M
 Heap Min Capacity: 8M
 Heap Initial Capacity: 256M
 Heap Max Capacity: 4G
 Pre-touch: Disabled
 Parallel Workers: 8
 Concurrent Workers: 2
 Concurrent Refinement Workers: 8
 Periodic GC: Disabled

Heap:
 garbage-first heap   total 356352K, used 231292K [0x0000000700000000, 0x0000000800000000)
  region size 2048K, 77 young (157696K), 1 survivors (2048K)
 Metaspace       used 22569K, capacity 22850K, committed 23168K, reserved 1069056K
  class space    used 2788K, capacity 2890K, committed 2944K, reserved 1048576K

Heap Regions: E=young(eden), S=young(survivor), O=old, HS=humongous(starts), HC=humongous(continues), CS=collection set, F=free, OA=open archive, CA=closed archive, TAMS=top-at-mark-start (previous, next)
|   0|0x0000000700000000, 0x0000000700200000, 0x0000000700200000|100%| O|  |TAMS 0x0000000700200000, 0x0000000700000000| Untracked 
|   1|0x0000000700200000, 0x0000000700400000, 0x0000000700400000|100%| O|  |TAMS 0x0000000700400000, 0x0000000700200000| Untracked 
|   2|0x0000000700400000, 0x0000000700600000, 0x0000000700600000|100%|HS|  |TAMS 0x0000000700600000, 0x0000000700400000| Complete 
|   3|0x0000000700600000, 0x0000000700800000, 0x0000000700800000|100%|HC|  |TAMS 0x0000000700800000, 0x0000000700600000| Complete 
|   4|0x0000000700800000, 0x0000000700a00000, 0x0000000700a00000|100%|HC|  |TAMS 0x0000000700a00000, 0x0000000700800000| Complete 
|   5|0x0000000700a00000, 0x0000000700c00000, 0x0000000700c00000|100%|HC|  |TAMS 0x0000000700c00000, 0x0000000700a00000| Complete 
|   6|0x0000000700c00000, 0x0000000700e00000, 0x0000000700e00000|100%|HC|  |TAMS 0x0000000700e00000, 0x0000000700c00000| Complete 
|   7|0x0000000700e00000, 0x0000000701000000, 0x0000000701000000|100%|HC|  |TAMS 0x0000000701000000, 0x0000000700e00000| Complete 
|   8|0x0000000701000000, 0x0000000701200000, 0x0000000701200000|100%|HS|  |TAMS 0x0000000701200000, 0x0000000701000000| Complete 
|   9|0x0000000701200000, 0x0000000701271600, 0x0000000701400000| 22%| O|  |TAMS 0x0000000701271600, 0x0000000701200000| Untracked 
|  10|0x0000000701400000, 0x0000000701600000, 0x0000000701600000|100%|HS|  |TAMS 0x0000000701600000, 0x0000000701400000| Complete 
|  11|0x0000000701600000, 0x0000000701800000, 0x0000000701800000|100%|HC|  |TAMS 0x0000000701800000, 0x0000000701600000| Complete 
|  12|0x0000000701800000, 0x0000000701a00000, 0x0000000701a00000|100%|HC|  |TAMS 0x0000000701a00000, 0x0000000701800000| Complete 
|  13|0x0000000701a00000, 0x0000000701c00000, 0x0000000701c00000|100%|HC|  |TAMS 0x0000000701c00000, 0x0000000701a00000| Complete 
|  14|0x0000000701c00000, 0x0000000701e00000, 0x0000000701e00000|100%| O|  |TAMS 0x0000000701e00000, 0x0000000701c00000| Untracked 
|  15|0x0000000701e00000, 0x0000000702000000, 0x0000000702000000|100%| O|  |TAMS 0x0000000702000000, 0x0000000701e00000| Untracked 
|  16|0x0000000702000000, 0x0000000702200000, 0x0000000702200000|100%|HS|  |TAMS 0x0000000702000000, 0x0000000702000000| Complete 
|  17|0x0000000702200000, 0x0000000702400000, 0x0000000702400000|100%|HC|  |TAMS 0x0000000702200000, 0x0000000702200000| Complete 
|  18|0x0000000702400000, 0x0000000702600000, 0x0000000702600000|100%|HC|  |TAMS 0x0000000702400000, 0x0000000702400000| Complete 
|  19|0x0000000702600000, 0x0000000702800000, 0x0000000702800000|100%|HC|  |TAMS 0x0000000702600000, 0x0000000702600000| Complete 
|  20|0x0000000702800000, 0x0000000702a00000, 0x0000000702a00000|100%|HS|  |TAMS 0x0000000702a00000, 0x0000000702800000| Complete 
|  21|0x0000000702a00000, 0x0000000702c00000, 0x0000000702c00000|100%|HC|  |TAMS 0x0000000702c00000, 0x0000000702a00000| Complete 
|  22|0x0000000702c00000, 0x0000000702e00000, 0x0000000702e00000|100%|HC|  |TAMS 0x0000000702e00000, 0x0000000702c00000| Complete 
|  23|0x0000000702e00000, 0x0000000703000000, 0x0000000703000000|100%|HC|  |TAMS 0x0000000703000000, 0x0000000702e00000| Complete 
|  24|0x0000000703000000, 0x0000000703200000, 0x0000000703200000|100%| O|  |TAMS 0x0000000703200000, 0x0000000703000000| Untracked 
|  25|0x0000000703200000, 0x0000000703400000, 0x0000000703400000|100%| O|  |TAMS 0x0000000703400000, 0x0000000703200000| Untracked 
|  26|0x0000000703400000, 0x0000000703600000, 0x0000000703600000|100%| O|  |TAMS 0x0000000703600000, 0x0000000703400000| Untracked 
|  27|0x0000000703600000, 0x000000070377a800, 0x0000000703800000| 73%| O|  |TAMS 0x0000000703644c00, 0x0000000703600000| Untracked 
|  28|0x0000000703800000, 0x0000000703a00000, 0x0000000703a00000|100%|HS|  |TAMS 0x0000000703800000, 0x0000000703800000| Complete 
|  29|0x0000000703a00000, 0x0000000703c00000, 0x0000000703c00000|100%|HC|  |TAMS 0x0000000703a00000, 0x0000000703a00000| Complete 
|  30|0x0000000703c00000, 0x0000000703e00000, 0x0000000703e00000|100%|HC|  |TAMS 0x0000000703c00000, 0x0000000703c00000| Complete 
|  31|0x0000000703e00000, 0x0000000704000000, 0x0000000704000000|100%|HC|  |TAMS 0x0000000703e00000, 0x0000000703e00000| Complete 
|  32|0x0000000704000000, 0x0000000704200000, 0x0000000704200000|100%|HS|  |TAMS 0x0000000704000000, 0x0000000704000000| Complete 
|  33|0x0000000704200000, 0x0000000704400000, 0x0000000704400000|100%|HC|  |TAMS 0x0000000704200000, 0x0000000704200000| Complete 
|  34|0x0000000704400000, 0x0000000704600000, 0x0000000704600000|100%|HC|  |TAMS 0x0000000704400000, 0x0000000704400000| Complete 
|  35|0x0000000704600000, 0x0000000704800000, 0x0000000704800000|100%|HC|  |TAMS 0x0000000704600000, 0x0000000704600000| Complete 
|  36|0x0000000704800000, 0x0000000704800000, 0x0000000704a00000|  0%| F|  |TAMS 0x0000000704800000, 0x0000000704800000| Untracked 
|  37|0x0000000704a00000, 0x0000000704a00000, 0x0000000704c00000|  0%| F|  |TAMS 0x0000000704a00000, 0x0000000704a00000| Untracked 
|  38|0x0000000704c00000, 0x0000000704c00000, 0x0000000704e00000|  0%| F|  |TAMS 0x0000000704c00000, 0x0000000704c00000| Untracked 
|  39|0x0000000704e00000, 0x0000000704e00000, 0x0000000705000000|  0%| F|  |TAMS 0x0000000704e00000, 0x0000000704e00000| Untracked 
|  40|0x0000000705000000, 0x0000000705000000, 0x0000000705200000|  0%| F|  |TAMS 0x0000000705000000, 0x0000000705000000| Untracked 
|  41|0x0000000705200000, 0x0000000705200000, 0x0000000705400000|  0%| F|  |TAMS 0x0000000705200000, 0x0000000705200000| Untracked 
|  42|0x0000000705400000, 0x0000000705400000, 0x0000000705600000|  0%| F|  |TAMS 0x0000000705400000, 0x0000000705400000| Untracked 
|  43|0x0000000705600000, 0x0000000705600000, 0x0000000705800000|  0%| F|  |TAMS 0x0000000705600000, 0x0000000705600000| Untracked 
|  44|0x0000000705800000, 0x0000000705800000, 0x0000000705a00000|  0%| F|  |TAMS 0x0000000705800000, 0x0000000705800000| Untracked 
|  45|0x0000000705a00000, 0x0000000705a00000, 0x0000000705c00000|  0%| F|  |TAMS 0x0000000705a00000, 0x0000000705a00000| Untracked 
|  46|0x0000000705c00000, 0x0000000705c00000, 0x0000000705e00000|  0%| F|  |TAMS 0x0000000705c00000, 0x0000000705c00000| Untracked 
|  47|0x0000000705e00000, 0x0000000705e00000, 0x0000000706000000|  0%| F|  |TAMS 0x0000000705e00000, 0x0000000705e00000| Untracked 
|  48|0x0000000706000000, 0x0000000706000000, 0x0000000706200000|  0%| F|  |TAMS 0x0000000706000000, 0x0000000706000000| Untracked 
|  49|0x0000000706200000, 0x0000000706200000, 0x0000000706400000|  0%| F|  |TAMS 0x0000000706200000, 0x0000000706200000| Untracked 
|  50|0x0000000706400000, 0x0000000706400000, 0x0000000706600000|  0%| F|  |TAMS 0x0000000706400000, 0x0000000706400000| Untracked 
|  51|0x0000000706600000, 0x0000000706600000, 0x0000000706800000|  0%| F|  |TAMS 0x0000000706600000, 0x0000000706600000| Untracked 
|  52|0x0000000706800000, 0x0000000706800000, 0x0000000706a00000|  0%| F|  |TAMS 0x0000000706800000, 0x0000000706800000| Untracked 
|  53|0x0000000706a00000, 0x0000000706a29328, 0x0000000706c00000|  8%| S|CS|TAMS 0x0000000706a00000, 0x0000000706a00000| Complete 
|  54|0x0000000706c00000, 0x0000000706c00000, 0x0000000706e00000|  0%| F|  |TAMS 0x0000000706c00000, 0x0000000706c00000| Untracked 
|  55|0x0000000706e00000, 0x0000000706e00000, 0x0000000707000000|  0%| F|  |TAMS 0x0000000706e00000, 0x0000000706e00000| Untracked 
|  56|0x0000000707000000, 0x0000000707000000, 0x0000000707200000|  0%| F|  |TAMS 0x0000000707000000, 0x0000000707000000| Untracked 
|  57|0x0000000707200000, 0x0000000707200000, 0x0000000707400000|  0%| F|  |TAMS 0x0000000707200000, 0x0000000707200000| Untracked 
|  58|0x0000000707400000, 0x0000000707400000, 0x0000000707600000|  0%| F|  |TAMS 0x0000000707400000, 0x0000000707400000| Untracked 
|  59|0x0000000707600000, 0x0000000707600000, 0x0000000707800000|  0%| F|  |TAMS 0x0000000707600000, 0x0000000707600000| Untracked 
|  60|0x0000000707800000, 0x0000000707800000, 0x0000000707a00000|  0%| F|  |TAMS 0x0000000707800000, 0x0000000707800000| Untracked 
|  61|0x0000000707a00000, 0x0000000707a00000, 0x0000000707c00000|  0%| F|  |TAMS 0x0000000707a00000, 0x0000000707a00000| Untracked 
|  62|0x0000000707c00000, 0x0000000707c00000, 0x0000000707e00000|  0%| F|  |TAMS 0x0000000707c00000, 0x0000000707c00000| Untracked 
|  63|0x0000000707e00000, 0x0000000707e00000, 0x0000000708000000|  0%| F|  |TAMS 0x0000000707e00000, 0x0000000707e00000| Untracked 
|  64|0x0000000708000000, 0x0000000708000000, 0x0000000708200000|  0%| F|  |TAMS 0x0000000708000000, 0x0000000708000000| Untracked 
|  65|0x0000000708200000, 0x0000000708200000, 0x0000000708400000|  0%| F|  |TAMS 0x0000000708200000, 0x0000000708200000| Untracked 
|  66|0x0000000708400000, 0x0000000708400000, 0x0000000708600000|  0%| F|  |TAMS 0x0000000708400000, 0x0000000708400000| Untracked 
|  67|0x0000000708600000, 0x0000000708600000, 0x0000000708800000|  0%| F|  |TAMS 0x0000000708600000, 0x0000000708600000| Untracked 
|  68|0x0000000708800000, 0x0000000708800000, 0x0000000708a00000|  0%| F|  |TAMS 0x0000000708800000, 0x0000000708800000| Untracked 
|  69|0x0000000708a00000, 0x0000000708a00000, 0x0000000708c00000|  0%| F|  |TAMS 0x0000000708a00000, 0x0000000708a00000| Untracked 
|  70|0x0000000708c00000, 0x0000000708c00000, 0x0000000708e00000|  0%| F|  |TAMS 0x0000000708c00000, 0x0000000708c00000| Untracked 
|  71|0x0000000708e00000, 0x0000000708e00000, 0x0000000709000000|  0%| F|  |TAMS 0x0000000708e00000, 0x0000000708e00000| Untracked 
|  72|0x0000000709000000, 0x0000000709000000, 0x0000000709200000|  0%| F|  |TAMS 0x0000000709000000, 0x0000000709000000| Untracked 
|  73|0x0000000709200000, 0x0000000709200000, 0x0000000709400000|  0%| F|  |TAMS 0x0000000709200000, 0x0000000709200000| Untracked 
|  74|0x0000000709400000, 0x0000000709400000, 0x0000000709600000|  0%| F|  |TAMS 0x0000000709400000, 0x0000000709400000| Untracked 
|  75|0x0000000709600000, 0x0000000709600000, 0x0000000709800000|  0%| F|  |TAMS 0x0000000709600000, 0x0000000709600000| Untracked 
|  76|0x0000000709800000, 0x0000000709800000, 0x0000000709a00000|  0%| F|  |TAMS 0x0000000709800000, 0x0000000709800000| Untracked 
|  77|0x0000000709a00000, 0x0000000709a00000, 0x0000000709c00000|  0%| F|  |TAMS 0x0000000709a00000, 0x0000000709a00000| Untracked 
|  78|0x0000000709c00000, 0x0000000709c00000, 0x0000000709e00000|  0%| F|  |TAMS 0x0000000709c00000, 0x0000000709c00000| Untracked 
|  79|0x0000000709e00000, 0x0000000709e00000, 0x000000070a000000|  0%| F|  |TAMS 0x0000000709e00000, 0x0000000709e00000| Untracked 
|  80|0x000000070a000000, 0x000000070a000000, 0x000000070a200000|  0%| F|  |TAMS 0x000000070a000000, 0x000000070a000000| Untracked 
|  81|0x000000070a200000, 0x000000070a200000, 0x000000070a400000|  0%| F|  |TAMS 0x000000070a200000, 0x000000070a200000| Untracked 
|  82|0x000000070a400000, 0x000000070a400000, 0x000000070a600000|  0%| F|  |TAMS 0x000000070a400000, 0x000000070a400000| Untracked 
|  83|0x000000070a600000, 0x000000070a600000, 0x000000070a800000|  0%| F|  |TAMS 0x000000070a600000, 0x000000070a600000| Untracked 
|  84|0x000000070a800000, 0x000000070a800000, 0x000000070aa00000|  0%| F|  |TAMS 0x000000070a800000, 0x000000070a800000| Untracked 
|  85|0x000000070aa00000, 0x000000070aa00000, 0x000000070ac00000|  0%| F|  |TAMS 0x000000070aa00000, 0x000000070aa00000| Untracked 
|  86|0x000000070ac00000, 0x000000070ac00000, 0x000000070ae00000|  0%| F|  |TAMS 0x000000070ac00000, 0x000000070ac00000| Untracked 
|  87|0x000000070ae00000, 0x000000070ae00000, 0x000000070b000000|  0%| F|  |TAMS 0x000000070ae00000, 0x000000070ae00000| Untracked 
|  88|0x000000070b000000, 0x000000070b000000, 0x000000070b200000|  0%| F|  |TAMS 0x000000070b000000, 0x000000070b000000| Untracked 
|  89|0x000000070b200000, 0x000000070b200000, 0x000000070b400000|  0%| F|  |TAMS 0x000000070b200000, 0x000000070b200000| Untracked 
|  90|0x000000070b400000, 0x000000070b400000, 0x000000070b600000|  0%| F|  |TAMS 0x000000070b400000, 0x000000070b400000| Untracked 
|  91|0x000000070b600000, 0x000000070b600000, 0x000000070b800000|  0%| F|  |TAMS 0x000000070b600000, 0x000000070b600000| Untracked 
|  92|0x000000070b800000, 0x000000070b800000, 0x000000070ba00000|  0%| F|  |TAMS 0x000000070b800000, 0x000000070b800000| Untracked 
|  93|0x000000070ba00000, 0x000000070ba00000, 0x000000070bc00000|  0%| F|  |TAMS 0x000000070ba00000, 0x000000070ba00000| Untracked 
|  94|0x000000070bc00000, 0x000000070bd00800, 0x000000070be00000| 50%| E|  |TAMS 0x000000070bc00000, 0x000000070bc00000| Complete 
|  95|0x000000070be00000, 0x000000070c000000, 0x000000070c000000|100%| E|CS|TAMS 0x000000070be00000, 0x000000070be00000| Complete 
|  96|0x000000070c000000, 0x000000070c200000, 0x000000070c200000|100%| E|CS|TAMS 0x000000070c000000, 0x000000070c000000| Complete 
|  97|0x000000070c200000, 0x000000070c400000, 0x000000070c400000|100%| E|CS|TAMS 0x000000070c200000, 0x000000070c200000| Complete 
|  98|0x000000070c400000, 0x000000070c600000, 0x000000070c600000|100%| E|CS|TAMS 0x000000070c400000, 0x000000070c400000| Complete 
|  99|0x000000070c600000, 0x000000070c800000, 0x000000070c800000|100%| E|CS|TAMS 0x000000070c600000, 0x000000070c600000| Complete 
| 100|0x000000070c800000, 0x000000070ca00000, 0x000000070ca00000|100%| E|CS|TAMS 0x000000070c800000, 0x000000070c800000| Complete 
| 101|0x000000070ca00000, 0x000000070cc00000, 0x000000070cc00000|100%| E|CS|TAMS 0x000000070ca00000, 0x000000070ca00000| Complete 
| 102|0x000000070cc00000, 0x000000070ce00000, 0x000000070ce00000|100%| E|CS|TAMS 0x000000070cc00000, 0x000000070cc00000| Complete 
| 103|0x000000070ce00000, 0x000000070d000000, 0x000000070d000000|100%| E|CS|TAMS 0x000000070ce00000, 0x000000070ce00000| Complete 
| 104|0x000000070d000000, 0x000000070d200000, 0x000000070d200000|100%| E|CS|TAMS 0x000000070d000000, 0x000000070d000000| Complete 
| 105|0x000000070d200000, 0x000000070d400000, 0x000000070d400000|100%| E|CS|TAMS 0x000000070d200000, 0x000000070d200000| Complete 
| 106|0x000000070d400000, 0x000000070d600000, 0x000000070d600000|100%| E|CS|TAMS 0x000000070d400000, 0x000000070d400000| Complete 
| 107|0x000000070d600000, 0x000000070d800000, 0x000000070d800000|100%| E|CS|TAMS 0x000000070d600000, 0x000000070d600000| Complete 
| 108|0x000000070d800000, 0x000000070da00000, 0x000000070da00000|100%| E|CS|TAMS 0x000000070d800000, 0x000000070d800000| Complete 
| 109|0x000000070da00000, 0x000000070dc00000, 0x000000070dc00000|100%| E|CS|TAMS 0x000000070da00000, 0x000000070da00000| Complete 
| 110|0x000000070dc00000, 0x000000070de00000, 0x000000070de00000|100%| E|CS|TAMS 0x000000070dc00000, 0x000000070dc00000| Complete 
| 111|0x000000070de00000, 0x000000070e000000, 0x000000070e000000|100%| E|CS|TAMS 0x000000070de00000, 0x000000070de00000| Complete 
| 112|0x000000070e000000, 0x000000070e200000, 0x000000070e200000|100%| E|CS|TAMS 0x000000070e000000, 0x000000070e000000| Complete 
| 113|0x000000070e200000, 0x000000070e400000, 0x000000070e400000|100%| E|CS|TAMS 0x000000070e200000, 0x000000070e200000| Complete 
| 114|0x000000070e400000, 0x000000070e600000, 0x000000070e600000|100%| E|CS|TAMS 0x000000070e400000, 0x000000070e400000| Complete 
| 115|0x000000070e600000, 0x000000070e800000, 0x000000070e800000|100%| E|CS|TAMS 0x000000070e600000, 0x000000070e600000| Complete 
| 116|0x000000070e800000, 0x000000070ea00000, 0x000000070ea00000|100%| E|CS|TAMS 0x000000070e800000, 0x000000070e800000| Complete 
| 117|0x000000070ea00000, 0x000000070ec00000, 0x000000070ec00000|100%| E|CS|TAMS 0x000000070ea00000, 0x000000070ea00000| Complete 
| 118|0x000000070ec00000, 0x000000070ee00000, 0x000000070ee00000|100%| E|CS|TAMS 0x000000070ec00000, 0x000000070ec00000| Complete 
| 119|0x000000070ee00000, 0x000000070f000000, 0x000000070f000000|100%| E|CS|TAMS 0x000000070ee00000, 0x000000070ee00000| Complete 
| 120|0x000000070f000000, 0x000000070f200000, 0x000000070f200000|100%| E|CS|TAMS 0x000000070f000000, 0x000000070f000000| Complete 
| 121|0x000000070f200000, 0x000000070f400000, 0x000000070f400000|100%| E|CS|TAMS 0x000000070f200000, 0x000000070f200000| Complete 
| 122|0x000000070f400000, 0x000000070f600000, 0x000000070f600000|100%| E|CS|TAMS 0x000000070f400000, 0x000000070f400000| Complete 
| 123|0x000000070f600000, 0x000000070f800000, 0x000000070f800000|100%| E|CS|TAMS 0x000000070f600000, 0x000000070f600000| Complete 
| 124|0x000000070f800000, 0x000000070fa00000, 0x000000070fa00000|100%| E|CS|TAMS 0x000000070f800000, 0x000000070f800000| Complete 
| 125|0x000000070fa00000, 0x000000070fc00000, 0x000000070fc00000|100%| E|CS|TAMS 0x000000070fa00000, 0x000000070fa00000| Complete 
| 126|0x000000070fc00000, 0x000000070fe00000, 0x000000070fe00000|100%| E|CS|TAMS 0x000000070fc00000, 0x000000070fc00000| Complete 
| 127|0x000000070fe00000, 0x0000000710000000, 0x0000000710000000|100%| E|CS|TAMS 0x000000070fe00000, 0x000000070fe00000| Complete 
| 128|0x0000000710000000, 0x0000000710200000, 0x0000000710200000|100%| E|CS|TAMS 0x0000000710000000, 0x0000000710000000| Complete 
| 129|0x0000000710200000, 0x0000000710400000, 0x0000000710400000|100%| E|CS|TAMS 0x0000000710200000, 0x0000000710200000| Complete 
| 130|0x0000000710400000, 0x0000000710600000, 0x0000000710600000|100%| E|CS|TAMS 0x0000000710400000, 0x0000000710400000| Complete 
| 131|0x0000000710600000, 0x0000000710800000, 0x0000000710800000|100%| E|CS|TAMS 0x0000000710600000, 0x0000000710600000| Complete 
| 132|0x0000000710800000, 0x0000000710a00000, 0x0000000710a00000|100%| E|CS|TAMS 0x0000000710800000, 0x0000000710800000| Complete 
| 133|0x0000000710a00000, 0x0000000710c00000, 0x0000000710c00000|100%| E|CS|TAMS 0x0000000710a00000, 0x0000000710a00000| Complete 
| 134|0x0000000710c00000, 0x0000000710e00000, 0x0000000710e00000|100%| E|CS|TAMS 0x0000000710c00000, 0x0000000710c00000| Complete 
| 135|0x0000000710e00000, 0x0000000711000000, 0x0000000711000000|100%| E|CS|TAMS 0x0000000710e00000, 0x0000000710e00000| Complete 
| 136|0x0000000711000000, 0x0000000711200000, 0x0000000711200000|100%| E|CS|TAMS 0x0000000711000000, 0x0000000711000000| Complete 
| 137|0x0000000711200000, 0x0000000711400000, 0x0000000711400000|100%| E|CS|TAMS 0x0000000711200000, 0x0000000711200000| Complete 
| 138|0x0000000711400000, 0x0000000711600000, 0x0000000711600000|100%| E|CS|TAMS 0x0000000711400000, 0x0000000711400000| Complete 
| 139|0x0000000711600000, 0x0000000711800000, 0x0000000711800000|100%| E|CS|TAMS 0x0000000711600000, 0x0000000711600000| Complete 
| 140|0x0000000711800000, 0x0000000711a00000, 0x0000000711a00000|100%| E|CS|TAMS 0x0000000711800000, 0x0000000711800000| Complete 
| 141|0x0000000711a00000, 0x0000000711c00000, 0x0000000711c00000|100%| E|CS|TAMS 0x0000000711a00000, 0x0000000711a00000| Complete 
| 142|0x0000000711c00000, 0x0000000711e00000, 0x0000000711e00000|100%| E|CS|TAMS 0x0000000711c00000, 0x0000000711c00000| Complete 
| 143|0x0000000711e00000, 0x0000000712000000, 0x0000000712000000|100%| E|CS|TAMS 0x0000000711e00000, 0x0000000711e00000| Complete 
| 144|0x0000000712000000, 0x0000000712200000, 0x0000000712200000|100%| E|CS|TAMS 0x0000000712000000, 0x0000000712000000| Complete 
| 145|0x0000000712200000, 0x0000000712400000, 0x0000000712400000|100%| E|CS|TAMS 0x0000000712200000, 0x0000000712200000| Complete 
| 146|0x0000000712400000, 0x0000000712600000, 0x0000000712600000|100%| E|CS|TAMS 0x0000000712400000, 0x0000000712400000| Complete 
| 147|0x0000000712600000, 0x0000000712800000, 0x0000000712800000|100%| E|CS|TAMS 0x0000000712600000, 0x0000000712600000| Complete 
| 148|0x0000000712800000, 0x0000000712a00000, 0x0000000712a00000|100%| E|CS|TAMS 0x0000000712800000, 0x0000000712800000| Complete 
| 149|0x0000000712a00000, 0x0000000712c00000, 0x0000000712c00000|100%| E|CS|TAMS 0x0000000712a00000, 0x0000000712a00000| Complete 
| 150|0x0000000712c00000, 0x0000000712e00000, 0x0000000712e00000|100%| E|CS|TAMS 0x0000000712c00000, 0x0000000712c00000| Complete 
| 151|0x0000000712e00000, 0x0000000713000000, 0x0000000713000000|100%| E|CS|TAMS 0x0000000712e00000, 0x0000000712e00000| Complete 
| 152|0x0000000713000000, 0x0000000713200000, 0x0000000713200000|100%| E|CS|TAMS 0x0000000713000000, 0x0000000713000000| Complete 
| 153|0x0000000713200000, 0x0000000713400000, 0x0000000713400000|100%| E|CS|TAMS 0x0000000713200000, 0x0000000713200000| Complete 
| 154|0x0000000713400000, 0x0000000713600000, 0x0000000713600000|100%| E|CS|TAMS 0x0000000713400000, 0x0000000713400000| Complete 
| 155|0x0000000713600000, 0x0000000713800000, 0x0000000713800000|100%| E|CS|TAMS 0x0000000713600000, 0x0000000713600000| Complete 
| 156|0x0000000713800000, 0x0000000713a00000, 0x0000000713a00000|100%| E|CS|TAMS 0x0000000713800000, 0x0000000713800000| Complete 
| 157|0x0000000713a00000, 0x0000000713c00000, 0x0000000713c00000|100%| E|CS|TAMS 0x0000000713a00000, 0x0000000713a00000| Complete 
| 158|0x0000000713c00000, 0x0000000713e00000, 0x0000000713e00000|100%| E|CS|TAMS 0x0000000713c00000, 0x0000000713c00000| Complete 
| 159|0x0000000713e00000, 0x0000000714000000, 0x0000000714000000|100%| E|CS|TAMS 0x0000000713e00000, 0x0000000713e00000| Complete 
| 160|0x0000000714000000, 0x0000000714200000, 0x0000000714200000|100%| E|CS|TAMS 0x0000000714000000, 0x0000000714000000| Complete 
| 161|0x0000000714200000, 0x0000000714400000, 0x0000000714400000|100%| E|CS|TAMS 0x0000000714200000, 0x0000000714200000| Complete 
| 162|0x0000000714400000, 0x0000000714600000, 0x0000000714600000|100%| E|CS|TAMS 0x0000000714400000, 0x0000000714400000| Complete 
| 163|0x0000000714600000, 0x0000000714800000, 0x0000000714800000|100%| E|CS|TAMS 0x0000000714600000, 0x0000000714600000| Complete 
| 164|0x0000000714800000, 0x0000000714a00000, 0x0000000714a00000|100%| E|CS|TAMS 0x0000000714800000, 0x0000000714800000| Complete 
| 165|0x0000000714a00000, 0x0000000714c00000, 0x0000000714c00000|100%| E|CS|TAMS 0x0000000714a00000, 0x0000000714a00000| Complete 
| 166|0x0000000714c00000, 0x0000000714e00000, 0x0000000714e00000|100%| E|CS|TAMS 0x0000000714c00000, 0x0000000714c00000| Complete 
| 167|0x0000000714e00000, 0x0000000715000000, 0x0000000715000000|100%| E|CS|TAMS 0x0000000714e00000, 0x0000000714e00000| Complete 
| 168|0x0000000715000000, 0x0000000715200000, 0x0000000715200000|100%| E|CS|TAMS 0x0000000715000000, 0x0000000715000000| Complete 
| 169|0x0000000715200000, 0x0000000715400000, 0x0000000715400000|100%| E|CS|TAMS 0x0000000715200000, 0x0000000715200000| Complete 
|1534|0x00000007bfc00000, 0x00000007bfd51000, 0x00000007bfe00000| 65%|OA|  |TAMS 0x00000007bfd51000, 0x00000007bfc00000| Untracked 
|1535|0x00000007bfe00000, 0x00000007bfe79000, 0x00000007c0000000| 23%|CA|  |TAMS 0x00000007bfe79000, 0x00000007bfe00000| Untracked 
|2046|0x00000007ffc00000, 0x00000007ffe00000, 0x00000007ffe00000|100%| O|  |TAMS 0x00000007ffe00000, 0x00000007ffc00000| Untracked 
|2047|0x00000007ffe00000, 0x0000000800000000, 0x0000000800000000|100%| O|  |TAMS 0x0000000800000000, 0x00000007ffe00000| Untracked 

Card table byte_map: [0x000000012af58000,0x000000012b758000] _byte_map_base: 0x0000000127758000

Marking Bits (Prev, Next): (CMBitMap*) 0x00007f864c808250, (CMBitMap*) 0x00007f864c808210
 Prev Bits: [0x000000012ff58000, 0x0000000133f58000)
 Next Bits: [0x000000012bf58000, 0x000000012ff58000)

Polling page: 0x00000001044c4000

Metaspace:

Usage:
  Non-class:     19.49 MB capacity,    19.32 MB (>99%) used,   142.32 KB ( <1%) free+waste,    36.81 KB ( <1%) overhead. 
      Class:      2.82 MB capacity,     2.72 MB ( 96%) used,    86.91 KB (  3%) free+waste,    14.69 KB ( <1%) overhead. 
       Both:     22.31 MB capacity,    22.04 MB ( 99%) used,   229.23 KB (  1%) free+waste,    51.50 KB ( <1%) overhead. 

Virtual space:
  Non-class space:       20.00 MB reserved,      19.75 MB ( 99%) committed 
      Class space:        1.00 GB reserved,       2.88 MB ( <1%) committed 
             Both:        1.02 GB reserved,      22.62 MB (  2%) committed 

Chunk freelists:
   Non-Class:  120.00 KB
       Class:  22.00 KB
        Both:  142.00 KB

MaxMetaspaceSize: 17179869184.00 GB
CompressedClassSpaceSize: 1.00 GB

CodeHeap 'non-profiled nmethods': size=120028Kb used=1740Kb max_used=1740Kb free=118287Kb
 bounds [0x000000012304b000, 0x00000001232bb000, 0x000000012a582000]
CodeHeap 'profiled nmethods': size=120028Kb used=7541Kb max_used=7541Kb free=112486Kb
 bounds [0x000000011bb14000, 0x000000011c274000, 0x000000012304b000]
CodeHeap 'non-nmethods': size=5704Kb used=1563Kb max_used=1602Kb free=4140Kb
 bounds [0x000000011b582000, 0x000000011b7f2000, 0x000000011bb14000]
 total_blobs=4808 nmethods=3869 adapters=851
 compilation: enabled
              stopped_count=0, restarted_count=0
 full_count=0

Compilation events (20 events):
Event: 25.883 Thread 0x00007f866d815000 3857       4       java.nio.DirectFloatBufferU::ix (10 bytes)
Event: 25.884 Thread 0x00007f866d815000 nmethod 3857 0x00000001231fc090 code [0x00000001231fc200, 0x00000001231fc278]
Event: 25.884 Thread 0x00007f866d815000 3856       4       java.lang.StrictMath::floorOrCeil (128 bytes)
Event: 25.885 Thread 0x00007f866d815000 nmethod 3856 0x00000001231fc390 code [0x00000001231fc520, 0x00000001231fc5f8]
Event: 25.885 Thread 0x00007f866d815000 3859       4       com.sun.prism.impl.ManagedResource::isLocked (13 bytes)
Event: 25.886 Thread 0x00007f866d815000 nmethod 3859 0x00000001231fc690 code [0x00000001231fc800, 0x00000001231fc878]
Event: 26.471 Thread 0x00007f866d815600 3860       3       java.awt.KeyboardFocusManager::checkKFMSecurity (11 bytes)
Event: 26.472 Thread 0x00007f866d815600 nmethod 3860 0x000000011c264710 code [0x000000011c264920, 0x000000011c264ed0]
Event: 26.495 Thread 0x00007f866d815600 3861       3       javax.swing.JComponent::isOpaque (6 bytes)
Event: 26.496 Thread 0x00007f866d815600 nmethod 3861 0x000000011c265090 code [0x000000011c265220, 0x000000011c2653d0]
Event: 26.504 Thread 0x00007f866d815600 3862       3       java.awt.geom.AffineTransform::equals (92 bytes)
Event: 26.504 Thread 0x00007f866d815600 nmethod 3862 0x000000011c265490 code [0x000000011c265640, 0x000000011c265c10]
Event: 26.504 Thread 0x00007f866d815600 3863       3       java.awt.geom.AffineTransform::hashCode (87 bytes)
Event: 26.505 Thread 0x00007f866d815000 3864       4       java.util.concurrent.locks.ReentrantLock$NonfairSync::initialTryLock (58 bytes)
Event: 26.505 Thread 0x00007f866d815600 nmethod 3863 0x000000011c265d10 code [0x000000011c265f20, 0x000000011c266a70]
Event: 26.506 Thread 0x00007f866d815600 3865       3       sun.java2d.SunGraphics2D::translate (68 bytes)
Event: 26.507 Thread 0x00007f866d815000 nmethod 3864 0x00000001231fc990 code [0x00000001231fcb00, 0x00000001231fcc98]
Event: 26.507 Thread 0x00007f866d815600 nmethod 3865 0x000000011c266c90 code [0x000000011c266e40, 0x000000011c2670b0]
Event: 26.507 Thread 0x00007f866d815600 3866       3       sun.java2d.pipe.Region::isInsideQuickCheck (57 bytes)
Event: 26.507 Thread 0x00007f866d815600 nmethod 3866 0x000000011c267190 code [0x000000011c267320, 0x000000011c267570]

GC Heap History (20 events):
Event: 14.906 GC heap before
{Heap before GC invocations=18 (full 0):
 garbage-first heap   total 131072K, used 106326K [0x0000000700000000, 0x0000000800000000)
  region size 2048K, 27 young (55296K), 1 survivors (2048K)
 Metaspace       used 22301K, capacity 22594K, committed 22912K, reserved 1069056K
  class space    used 2781K, capacity 2890K, committed 2944K, reserved 1048576K
}
Event: 14.907 GC heap after
{Heap after GC invocations=19 (full 0):
 garbage-first heap   total 131072K, used 53074K [0x0000000700000000, 0x0000000800000000)
  region size 2048K, 1 young (2048K), 1 survivors (2048K)
 Metaspace       used 22301K, capacity 22594K, committed 22912K, reserved 1069056K
  class space    used 2781K, capacity 2890K, committed 2944K, reserved 1048576K
}
Event: 14.918 GC heap before
{Heap before GC invocations=19 (full 0):
 garbage-first heap   total 131072K, used 108370K [0x0000000700000000, 0x0000000800000000)
  region size 2048K, 28 young (57344K), 1 survivors (2048K)
 Metaspace       used 22301K, capacity 22594K, committed 22912K, reserved 1069056K
  class space    used 2781K, capacity 2890K, committed 2944K, reserved 1048576K
}
Event: 14.919 GC heap after
{Heap after GC invocations=20 (full 0):
 garbage-first heap   total 196608K, used 53102K [0x0000000700000000, 0x0000000800000000)
  region size 2048K, 1 young (2048K), 1 survivors (2048K)
 Metaspace       used 22301K, capacity 22594K, committed 22912K, reserved 1069056K
  class space    used 2781K, capacity 2890K, committed 2944K, reserved 1048576K
}
Event: 14.959 GC heap before
{Heap before GC invocations=20 (full 0):
 garbage-first heap   total 196608K, used 167790K [0x0000000700000000, 0x0000000800000000)
  region size 2048K, 57 young (116736K), 1 survivors (2048K)
 Metaspace       used 22301K, capacity 22594K, committed 22912K, reserved 1069056K
  class space    used 2781K, capacity 2890K, committed 2944K, reserved 1048576K
}
Event: 14.960 GC heap after
{Heap after GC invocations=21 (full 0):
 garbage-first heap   total 196608K, used 53154K [0x0000000700000000, 0x0000000800000000)
  region size 2048K, 1 young (2048K), 1 survivors (2048K)
 Metaspace       used 22301K, capacity 22594K, committed 22912K, reserved 1069056K
  class space    used 2781K, capacity 2890K, committed 2944K, reserved 1048576K
}
Event: 15.037 GC heap before
{Heap before GC invocations=21 (full 0):
 garbage-first heap   total 196608K, used 176034K [0x0000000700000000, 0x0000000800000000)
  region size 2048K, 57 young (116736K), 1 survivors (2048K)
 Metaspace       used 22308K, capacity 22594K, committed 22912K, reserved 1069056K
  class space    used 2781K, capacity 2890K, committed 2944K, reserved 1048576K
}
Event: 15.038 GC heap after
{Heap after GC invocations=22 (full 0):
 garbage-first heap   total 196608K, used 61307K [0x0000000700000000, 0x0000000800000000)
  region size 2048K, 1 young (2048K), 1 survivors (2048K)
 Metaspace       used 22308K, capacity 22594K, committed 22912K, reserved 1069056K
  class space    used 2781K, capacity 2890K, committed 2944K, reserved 1048576K
}
Event: 15.058 GC heap before
{Heap before GC invocations=22 (full 0):
 garbage-first heap   total 196608K, used 167803K [0x0000000700000000, 0x0000000800000000)
  region size 2048K, 53 young (108544K), 1 survivors (2048K)
 Metaspace       used 22308K, capacity 22594K, committed 22912K, reserved 1069056K
  class space    used 2781K, capacity 2890K, committed 2944K, reserved 1048576K
}
Event: 15.059 GC heap after
{Heap after GC invocations=23 (full 0):
 garbage-first heap   total 196608K, used 61315K [0x0000000700000000, 0x0000000800000000)
  region size 2048K, 1 young (2048K), 1 survivors (2048K)
 Metaspace       used 22308K, capacity 22594K, committed 22912K, reserved 1069056K
  class space    used 2781K, capacity 2890K, committed 2944K, reserved 1048576K
}
Event: 15.082 GC heap before
{Heap before GC invocations=23 (full 0):
 garbage-first heap   total 196608K, used 167811K [0x0000000700000000, 0x0000000800000000)
  region size 2048K, 53 young (108544K), 1 survivors (2048K)
 Metaspace       used 22308K, capacity 22594K, committed 22912K, reserved 1069056K
  class space    used 2781K, capacity 2890K, committed 2944K, reserved 1048576K
}
Event: 15.083 GC heap after
{Heap after GC invocations=24 (full 0):
 garbage-first heap   total 296960K, used 61359K [0x0000000700000000, 0x0000000800000000)
  region size 2048K, 1 young (2048K), 1 survivors (2048K)
 Metaspace       used 22308K, capacity 22594K, committed 22912K, reserved 1069056K
  class space    used 2781K, capacity 2890K, committed 2944K, reserved 1048576K
}
Event: 15.140 GC heap before
{Heap before GC invocations=24 (full 0):
 garbage-first heap   total 296960K, used 237487K [0x0000000700000000, 0x0000000800000000)
  region size 2048K, 87 young (178176K), 1 survivors (2048K)
 Metaspace       used 22308K, capacity 22594K, committed 22912K, reserved 1069056K
  class space    used 2781K, capacity 2890K, committed 2944K, reserved 1048576K
}
Event: 15.140 GC heap after
{Heap after GC invocations=25 (full 0):
 garbage-first heap   total 296960K, used 61327K [0x0000000700000000, 0x0000000800000000)
  region size 2048K, 1 young (2048K), 1 survivors (2048K)
 Metaspace       used 22308K, capacity 22594K, committed 22912K, reserved 1069056K
  class space    used 2781K, capacity 2890K, committed 2944K, reserved 1048576K
}
Event: 15.177 GC heap before
{Heap before GC invocations=25 (full 0):
 garbage-first heap   total 296960K, used 237455K [0x0000000700000000, 0x0000000800000000)
  region size 2048K, 87 young (178176K), 1 survivors (2048K)
 Metaspace       used 22308K, capacity 22594K, committed 22912K, reserved 1069056K
  class space    used 2781K, capacity 2890K, committed 2944K, reserved 1048576K
}
Event: 15.178 GC heap after
{Heap after GC invocations=26 (full 0):
 garbage-first heap   total 296960K, used 61319K [0x0000000700000000, 0x0000000800000000)
  region size 2048K, 1 young (2048K), 1 survivors (2048K)
 Metaspace       used 22308K, capacity 22594K, committed 22912K, reserved 1069056K
  class space    used 2781K, capacity 2890K, committed 2944K, reserved 1048576K
}
Event: 15.260 GC heap before
{Heap before GC invocations=26 (full 0):
 garbage-first heap   total 296960K, used 245639K [0x0000000700000000, 0x0000000800000000)
  region size 2048K, 87 young (178176K), 1 survivors (2048K)
 Metaspace       used 22308K, capacity 22594K, committed 22912K, reserved 1069056K
  class space    used 2781K, capacity 2890K, committed 2944K, reserved 1048576K
}
Event: 15.260 GC heap after
{Heap after GC invocations=27 (full 0):
 garbage-first heap   total 296960K, used 69524K [0x0000000700000000, 0x0000000800000000)
  region size 2048K, 1 young (2048K), 1 survivors (2048K)
 Metaspace       used 22308K, capacity 22594K, committed 22912K, reserved 1069056K
  class space    used 2781K, capacity 2890K, committed 2944K, reserved 1048576K
}
Event: 15.294 GC heap before
{Heap before GC invocations=27 (full 0):
 garbage-first heap   total 296960K, used 245652K [0x0000000700000000, 0x0000000800000000)
  region size 2048K, 87 young (178176K), 1 survivors (2048K)
 Metaspace       used 22308K, capacity 22594K, committed 22912K, reserved 1069056K
  class space    used 2781K, capacity 2890K, committed 2944K, reserved 1048576K
}
Event: 15.295 GC heap after
{Heap after GC invocations=28 (full 0):
 garbage-first heap   total 356352K, used 69500K [0x0000000700000000, 0x0000000800000000)
  region size 2048K, 1 young (2048K), 1 survivors (2048K)
 Metaspace       used 22308K, capacity 22594K, committed 22912K, reserved 1069056K
  class space    used 2781K, capacity 2890K, committed 2944K, reserved 1048576K
}

Deoptimization events (20 events):
Event: 15.398 Thread 0x00007f866d920200 DEOPT PACKING pc=0x000000011bfe8ee9 sp=0x000000030cbbe430
Event: 15.398 Thread 0x00007f866d920200 DEOPT UNPACKING pc=0x000000011b5cfc1c sp=0x000000030cbbd8d8 mode 0
Event: 15.399 Thread 0x00007f866d920200 DEOPT PACKING pc=0x000000011bfe8ee9 sp=0x000000030cbbe430
Event: 15.399 Thread 0x00007f866d920200 DEOPT UNPACKING pc=0x000000011b5cfc1c sp=0x000000030cbbd8d8 mode 0
Event: 15.478 Thread 0x00007f866d820600 DEOPT PACKING pc=0x000000011c07b8bd sp=0x000000030e08c4e0
Event: 15.478 Thread 0x00007f866d820600 DEOPT UNPACKING pc=0x000000011b5cfc1c sp=0x000000030e08b9b0 mode 0
Event: 15.489 Thread 0x00007f866d820600 DEOPT PACKING pc=0x000000011c07b8bd sp=0x000000030e08c4e0
Event: 15.489 Thread 0x00007f866d820600 DEOPT UNPACKING pc=0x000000011b5cfc1c sp=0x000000030e08b9b0 mode 0
Event: 15.493 Thread 0x00007f866d820600 DEOPT PACKING pc=0x000000011c055e90 sp=0x000000030e08c730
Event: 15.493 Thread 0x00007f866d820600 DEOPT UNPACKING pc=0x000000011b5cfc1c sp=0x000000030e08bb70 mode 0
Event: 15.560 Thread 0x00007f866d820600 DEOPT PACKING pc=0x000000011c055e90 sp=0x000000030e08c730
Event: 15.560 Thread 0x00007f866d820600 DEOPT UNPACKING pc=0x000000011b5cfc1c sp=0x000000030e08bb70 mode 0
Event: 15.562 Thread 0x00007f866d820600 DEOPT PACKING pc=0x000000011c055e90 sp=0x000000030e08c730
Event: 15.562 Thread 0x00007f866d820600 DEOPT UNPACKING pc=0x000000011b5cfc1c sp=0x000000030e08bb70 mode 0
Event: 16.838 Thread 0x00007f866d920200 DEOPT PACKING pc=0x000000011bf3589c sp=0x000000030cbbf520
Event: 16.838 Thread 0x00007f866d920200 DEOPT UNPACKING pc=0x000000011b5cfc1c sp=0x000000030cbbe9f0 mode 0
Event: 25.385 Thread 0x00007f866d820600 DEOPT PACKING pc=0x000000011c055e90 sp=0x000000030e08c720
Event: 25.385 Thread 0x00007f866d820600 DEOPT UNPACKING pc=0x000000011b5cfc1c sp=0x000000030e08bb40 mode 0
Event: 25.877 Thread 0x00007f866d820600 DEOPT PACKING pc=0x000000011c07b8bd sp=0x000000030e08c4d0
Event: 25.877 Thread 0x00007f866d820600 DEOPT UNPACKING pc=0x000000011b5cfc1c sp=0x000000030e08b9a0 mode 0

Classes unloaded (0 events):
No events

Classes redefined (0 events):
No events

Internal exceptions (20 events):
Event: 15.391 Thread 0x00007f866d920200 Exception <a 'java/io/FileNotFoundException'{0x000000070c4869d0}> (0x000000070c4869d0) 
thrown [./src/hotspot/share/prims/jni.cpp, line 578]
Event: 15.391 Thread 0x00007f866d920200 Exception <a 'java/io/FileNotFoundException'{0x000000070c49d230}> (0x000000070c49d230) 
thrown [./src/hotspot/share/prims/jni.cpp, line 578]
Event: 15.391 Thread 0x00007f866d920200 Exception <a 'java/io/FileNotFoundException'{0x000000070c4b40b8}> (0x000000070c4b40b8) 
thrown [./src/hotspot/share/prims/jni.cpp, line 578]
Event: 15.391 Thread 0x00007f866d920200 Exception <a 'java/io/FileNotFoundException'{0x000000070c4caf40}> (0x000000070c4caf40) 
thrown [./src/hotspot/share/prims/jni.cpp, line 578]
Event: 15.392 Thread 0x00007f866d920200 Exception <a 'java/io/FileNotFoundException'{0x000000070c4e1fc8}> (0x000000070c4e1fc8) 
thrown [./src/hotspot/share/prims/jni.cpp, line 578]
Event: 15.392 Thread 0x00007f866d920200 Exception <a 'java/io/FileNotFoundException'{0x000000070c4f8828}> (0x000000070c4f8828) 
thrown [./src/hotspot/share/prims/jni.cpp, line 578]
Event: 15.392 Thread 0x00007f866d920200 Exception <a 'java/io/FileNotFoundException'{0x000000070c50f6e8}> (0x000000070c50f6e8) 
thrown [./src/hotspot/share/prims/jni.cpp, line 578]
Event: 15.392 Thread 0x00007f866d920200 Exception <a 'java/io/FileNotFoundException'{0x000000070c5269c0}> (0x000000070c5269c0) 
thrown [./src/hotspot/share/prims/jni.cpp, line 578]
Event: 15.393 Thread 0x00007f866d920200 Exception <a 'java/io/FileNotFoundException'{0x000000070c53da48}> (0x000000070c53da48) 
thrown [./src/hotspot/share/prims/jni.cpp, line 578]
Event: 15.393 Thread 0x00007f866d920200 Exception <a 'java/io/FileNotFoundException'{0x000000070c5542a8}> (0x000000070c5542a8) 
thrown [./src/hotspot/share/prims/jni.cpp, line 578]
Event: 15.393 Thread 0x00007f866d920200 Exception <a 'java/io/FileNotFoundException'{0x000000070c56ab08}> (0x000000070c56ab08) 
thrown [./src/hotspot/share/prims/jni.cpp, line 578]
Event: 15.393 Thread 0x00007f866d920200 Exception <a 'java/io/FileNotFoundException'{0x000000070c581778}> (0x000000070c581778) 
thrown [./src/hotspot/share/prims/jni.cpp, line 578]
Event: 15.394 Thread 0x00007f866d920200 Exception <a 'java/io/FileNotFoundException'{0x000000070c5983e8}> (0x000000070c5983e8) 
thrown [./src/hotspot/share/prims/jni.cpp, line 578]
Event: 15.394 Thread 0x00007f866d920200 Exception <a 'java/io/FileNotFoundException'{0x000000070c5af058}> (0x000000070c5af058) 
thrown [./src/hotspot/share/prims/jni.cpp, line 578]
Event: 15.394 Thread 0x00007f866d920200 Exception <a 'java/io/FileNotFoundException'{0x000000070c5c62e8}> (0x000000070c5c62e8) 
thrown [./src/hotspot/share/prims/jni.cpp, line 578]
Event: 15.394 Thread 0x00007f866d920200 Exception <a 'java/io/FileNotFoundException'{0x000000070c5dd548}> (0x000000070c5dd548) 
thrown [./src/hotspot/share/prims/jni.cpp, line 578]
Event: 15.399 Thread 0x00007f866d920200 Exception <a 'java/io/FileNotFoundException'{0x000000070c5f1540}> (0x000000070c5f1540) 
thrown [./src/hotspot/share/prims/jni.cpp, line 578]
Event: 15.401 Thread 0x00007f866d920200 Exception <a 'java/io/FileNotFoundException'{0x000000070c5f7c98}> (0x000000070c5f7c98) 
thrown [./src/hotspot/share/prims/jni.cpp, line 578]
Event: 15.401 Thread 0x00007f866d920200 Exception <a 'java/io/FileNotFoundException'{0x000000070c5fe400}> (0x000000070c5fe400) 
thrown [./src/hotspot/share/prims/jni.cpp, line 578]
Event: 15.402 Thread 0x00007f866d920200 Exception <a 'java/io/FileNotFoundException'{0x000000070c236e78}> (0x000000070c236e78) 
thrown [./src/hotspot/share/prims/jni.cpp, line 578]

Events (20 events):
Event: 25.649 Thread 0x00007f861e0f0e00 Thread exited: 0x00007f861e0f0e00
Event: 25.862 Protecting memory [0x000000030e091000,0x000000030e095000] with protection modes 0
Event: 25.862 Thread 0x00007f866d00a600 Thread added: 0x00007f866d00a600
Event: 25.879 Loaded shared library /Library/Java/javafx-sdk-15.0.1/lib/libprism_es2.dylib
Event: 26.163 Protecting memory [0x000000030e091000,0x000000030e095000] with protection modes 3
Event: 26.163 Thread 0x00007f866d00a600 Thread exited: 0x00007f866d00a600
Event: 26.329 Executing VM operation: HandshakeAllThreads
Event: 26.329 Executing VM operation: HandshakeAllThreads done
Event: 26.466 Protecting memory [0x000000030e091000,0x000000030e095000] with protection modes 0
Event: 26.466 Thread 0x00007f866edf2c00 Thread added: 0x00007f866edf2c00
Event: 26.501 Protecting memory [0x000000030c3c4000,0x000000030c3c8000] with protection modes 3
Event: 26.501 Thread 0x00007f866d920200 Thread exited: 0x00007f866d920200
Event: 26.501 Protecting memory [0x000000030cc47000,0x000000030cc4b000] with protection modes 3
Event: 26.501 Thread 0x00007f866d812000 Thread exited: 0x00007f866d812000
Event: 26.502 Protecting memory [0x000000030e430000,0x000000030e434000] with protection modes 3
Event: 26.502 Thread 0x00007f866ea07800 Thread exited: 0x00007f866ea07800
Event: 26.502 Protecting memory [0x000000030cc47000,0x000000030cc4b000] with protection modes 0
Event: 26.502 Thread 0x00007f861e0a7600 Thread added: 0x00007f861e0a7600
Event: 26.504 Protecting memory [0x000000030df8e000,0x000000030df92000] with protection modes 3
Event: 26.504 Thread 0x00007f866d820600 Thread exited: 0x00007f866d820600


Dynamic libraries:
0x00007ffdfff15000 	/Library/Apple/usr/libexec/oah/runtime
0x00007fff2a5d5000 	/usr/lib/libz.1.dylib
0x000000010c765000 	/Library/Java/JavaVirtualMachines/adoptopenjdk-15.jdk/Contents/Home/lib/libjli.dylib
0x00007fff350fd000 	/System/Library/Frameworks/Cocoa.framework/Versions/A/Cocoa
0x00007fff22127000 	/System/Library/Frameworks/Security.framework/Versions/A/Security
0x00007fff33320000 	/System/Library/Frameworks/ApplicationServices.framework/Versions/A/ApplicationServices
0x00007fff2a6a1000 	/usr/lib/libSystem.B.dylib
0x00007fff2a69b000 	/usr/lib/system/libcache.dylib
0x00007fff2a657000 	/usr/lib/system/libcommonCrypto.dylib
0x00007fff2a681000 	/usr/lib/system/libcompiler_rt.dylib
0x00007fff2a676000 	/usr/lib/system/libcopyfile.dylib
0x00007fff200fe000 	/usr/lib/system/libcorecrypto.dylib
0x00007fff201c9000 	/usr/lib/system/libdispatch.dylib
0x00007fff2037c000 	/usr/lib/system/libdyld.dylib
0x00007fff2a692000 	/usr/lib/system/libkeymgr.dylib
0x00007fff2dbeb000 	/usr/lib/system/liblaunch.dylib
0x00007fff2a635000 	/usr/lib/system/libmacho.dylib
0x00007fff29e29000 	/usr/lib/system/libquarantine.dylib
0x00007fff2a68f000 	/usr/lib/system/libremovefile.dylib
0x00007fff24af5000 	/usr/lib/system/libsystem_asl.dylib
0x00007fff200ae000 	/usr/lib/system/libsystem_blocks.dylib
0x00007fff2024b000 	/usr/lib/system/libsystem_c.dylib
0x00007fff2a689000 	/usr/lib/system/libsystem_collections.dylib
0x00007fff29221000 	/usr/lib/system/libsystem_configuration.dylib
0x00007fff2850a000 	/usr/lib/system/libsystem_containermanager.dylib
0x00007fff2a3d4000 	/usr/lib/system/libsystem_coreservices.dylib
0x00007fff226dc000 	/usr/lib/system/libsystem_darwin.dylib
0x00007fff2a693000 	/usr/lib/system/libsystem_dnssd.dylib
0x00007fff20248000 	/usr/lib/system/libsystem_featureflags.dylib
0x00007fff203c2000 	/usr/lib/system/libsystem_info.dylib
0x00007fff2a5e8000 	/usr/lib/system/libsystem_m.dylib
0x00007fff2019c000 	/usr/lib/system/libsystem_malloc.dylib
0x00007fff24a88000 	/usr/lib/system/libsystem_networkextension.dylib
0x00007fff22afb000 	/usr/lib/system/libsystem_notify.dylib
0x00007fff3006f000 	/usr/lib/system/libsystem_product_info_filter.dylib
0x00007fff29225000 	/usr/lib/system/libsystem_sandbox.dylib
0x00007fff2a68c000 	/usr/lib/system/libsystem_secinit.dylib
0x00007fff20340000 	/usr/lib/system/libsystem_kernel.dylib
0x00007fff203b8000 	/usr/lib/system/libsystem_platform.dylib
0x00007fff20370000 	/usr/lib/system/libsystem_pthread.dylib
0x00007fff26203000 	/usr/lib/system/libsystem_symptoms.dylib
0x00007fff200e6000 	/usr/lib/system/libsystem_trace.dylib
0x00007fff2a663000 	/usr/lib/system/libunwind.dylib
0x00007fff200b0000 	/usr/lib/system/libxpc.dylib
0x00007fff2032a000 	/usr/lib/libc++abi.dylib
0x00007fff2020e000 	/usr/lib/libobjc.A.dylib
0x00007fff2a66e000 	/usr/lib/liboah.dylib
0x00007fff202d4000 	/usr/lib/libc++.1.dylib
0x00007fff203ee000 	/System/Library/Frameworks/CoreFoundation.framework/Versions/A/CoreFoundation
0x00007fff210c2000 	/System/Library/Frameworks/Foundation.framework/Versions/C/Foundation
0x00007fff22b55000 	/System/Library/Frameworks/AppKit.framework/Versions/C/AppKit
0x00007fff25a33000 	/System/Library/Frameworks/CoreData.framework/Versions/A/CoreData
0x00007fff2389d000 	/System/Library/PrivateFrameworks/UIFoundation.framework/Versions/A/UIFoundation
0x00007fff2fe02000 	/System/Library/PrivateFrameworks/RemoteViewServices.framework/Versions/A/RemoteViewServices
0x00007fff28bd0000 	/System/Library/PrivateFrameworks/XCTTargetBootstrap.framework/Versions/A/XCTTargetBootstrap
0x00007fff2b917000 	/usr/lib/libspindump.dylib
0x00007fff23aec000 	/System/Library/Frameworks/UniformTypeIdentifiers.framework/Versions/A/UniformTypeIdentifiers
0x00007fff273d4000 	/usr/lib/libapp_launch_measurement.dylib
0x00007fff273d7000 	/System/Library/PrivateFrameworks/CoreAutoLayout.framework/Versions/A/CoreAutoLayout
0x00007fff28537000 	/System/Library/Frameworks/Metal.framework/Versions/A/Metal
0x00007fff29230000 	/usr/lib/liblangid.dylib
0x00007fff28bd4000 	/System/Library/PrivateFrameworks/CoreSVG.framework/Versions/A/CoreSVG
0x00007fff24b24000 	/System/Library/PrivateFrameworks/SkyLight.framework/Versions/A/SkyLight
0x00007fff24e88000 	/System/Library/Frameworks/CoreGraphics.framework/Versions/A/CoreGraphics
0x00007fff30324000 	/System/Library/Frameworks/Accelerate.framework/Versions/A/Accelerate
0x00007fff2b356000 	/System/Library/PrivateFrameworks/IconServices.framework/Versions/A/IconServices
0x00007fff2851b000 	/System/Library/Frameworks/IOSurface.framework/Versions/A/IOSurface
0x00007fff263c0000 	/usr/lib/libDiagnosticMessagesClient.dylib
0x00007fff28bbc000 	/System/Library/PrivateFrameworks/DFRFoundation.framework/Versions/A/DFRFoundation
0x00007fff2247c000 	/usr/lib/libicucore.A.dylib
0x00007fff2ce54000 	/System/Library/Frameworks/AudioToolbox.framework/Versions/A/AudioToolbox
0x00007fff2c0e6000 	/System/Library/PrivateFrameworks/DataDetectorsCore.framework/Versions/A/DataDetectorsCore
0x00007fff24a98000 	/usr/lib/libMobileGestalt.dylib
0x00007fff288c0000 	/System/Library/Frameworks/Carbon.framework/Versions/A/Frameworks/HIToolbox.framework/Versions/A/HIToolbox
0x00007fff26e1e000 	/System/Library/Frameworks/QuartzCore.framework/Versions/A/QuartzCore
0x00007fff2fe3a000 	/System/Library/Frameworks/Carbon.framework/Versions/A/Frameworks/SpeechRecognition.framework/Versions/A/SpeechRecognition
0x00007fff2713d000 	/System/Library/PrivateFrameworks/CoreUI.framework/Versions/A/CoreUI
0x00007fff21a96000 	/System/Library/Frameworks/CoreAudio.framework/Versions/A/CoreAudio
0x00007fff264ab000 	/System/Library/Frameworks/DiskArbitration.framework/Versions/A/DiskArbitration
0x00007fff2bce4000 	/System/Library/PrivateFrameworks/MultitouchSupport.framework/Versions/A/MultitouchSupport
0x00007fff2c0dd000 	/System/Library/PrivateFrameworks/InternationalSupport.framework/Versions/A/InternationalSupport
0x00007fff24a97000 	/usr/lib/libenergytrace.dylib
0x00007fff22a4c000 	/System/Library/Frameworks/IOKit.framework/Versions/A/IOKit
0x00007fff3016d000 	/System/Library/Frameworks/CoreServices.framework/Versions/A/CoreServices
0x00007fff2736a000 	/System/Library/PrivateFrameworks/PerformanceAnalysis.framework/Versions/A/PerformanceAnalysis
0x00007fff6bbb7000 	/System/Library/Frameworks/OpenGL.framework/Versions/A/OpenGL
0x00007fff2c161000 	/System/Library/PrivateFrameworks/UserActivity.framework/Versions/A/UserActivity
0x00007fff2553a000 	/System/Library/Frameworks/ColorSync.framework/Versions/A/ColorSync
0x00007fff28e3e000 	/System/Library/Frameworks/CoreImage.framework/Versions/A/CoreImage
0x00007fff218b1000 	/System/Library/Frameworks/CoreText.framework/Versions/A/CoreText
0x00007fff28bfe000 	/System/Library/Frameworks/ImageIO.framework/Versions/A/ImageIO
0x00007fff2a6a7000 	/System/Library/PrivateFrameworks/SoftLinking.framework/Versions/A/SoftLinking
0x00007fff2741f000 	/usr/lib/libxml2.2.dylib
0x00007fff2a914000 	/usr/lib/libcompression.dylib
0x00007fff2c00f000 	/System/Library/PrivateFrameworks/TextureIO.framework/Versions/A/TextureIO
0x00007fff2affb000 	/usr/lib/libate.dylib
0x00007fff2ad28000 	/usr/lib/liblzma.5.dylib
0x00007fff20dd6000 	/System/Library/Frameworks/SystemConfiguration.framework/Versions/A/SystemConfiguration
0x00007fff2a6a3000 	/usr/lib/libfakelink.dylib
0x00007fff245e9000 	/System/Library/Frameworks/CFNetwork.framework/Versions/A/CFNetwork
0x00007fff2a7e3000 	/usr/lib/libarchive.2.dylib
0x00007fff20e54000 	/usr/lib/libCRFSuite.dylib
0x00007fff29e50000 	/usr/lib/libbsm.0.dylib
0x00007fff23f69000 	/usr/lib/libnetwork.dylib
0x00007fff2a6a8000 	/usr/lib/libpcap.A.dylib
0x00007fff261fc000 	/usr/lib/libdns_services.dylib
0x00007fff2ad41000 	/usr/lib/libcoretls_cfhelpers.dylib
0x00007fff2a8e2000 	/usr/lib/libapple_nghttp2.dylib
0x00007fff2a63b000 	/usr/lib/system/libkxld.dylib
0x00007fff25e7a000 	/usr/lib/libsqlite3.dylib
0x00007fff2a3b7000 	/System/Library/PrivateFrameworks/AppleFSCompression.framework/Versions/A/AppleFSCompression
0x00007fff29e38000 	/usr/lib/libcoretls.dylib
0x00007fff2a90f000 	/usr/lib/libpam.2.dylib
0x00007fff2ae3e000 	/usr/lib/libxar.1.dylib
0x00007fff2922c000 	/System/Library/PrivateFrameworks/AppleSystemInfo.framework/Versions/A/AppleSystemInfo
0x00007fff29a7a000 	/System/Library/PrivateFrameworks/IOMobileFramebuffer.framework/Versions/A/IOMobileFramebuffer
0x00007fff2a3c7000 	/usr/lib/libbz2.1.0.dylib
0x00007fff2a6e0000 	/usr/lib/libiconv.2.dylib
0x00007fff2a634000 	/usr/lib/libcharset.1.dylib
0x00007fff273a6000 	/System/Library/Frameworks/CoreServices.framework/Versions/A/Frameworks/FSEvents.framework/Versions/A/FSEvents
0x00007fff226e6000 	/System/Library/Frameworks/CoreServices.framework/Versions/A/Frameworks/CarbonCore.framework/Versions/A/CarbonCore
0x00007fff26410000 	/System/Library/Frameworks/CoreServices.framework/Versions/A/Frameworks/Metadata.framework/Versions/A/Metadata
0x00007fff2a3d9000 	/System/Library/Frameworks/CoreServices.framework/Versions/A/Frameworks/OSServices.framework/Versions/A/OSServices
0x00007fff2a855000 	/System/Library/Frameworks/CoreServices.framework/Versions/A/Frameworks/SearchKit.framework/Versions/A/SearchKit
0x00007fff26187000 	/System/Library/Frameworks/CoreServices.framework/Versions/A/Frameworks/AE.framework/Versions/A/AE
0x00007fff2088c000 	/System/Library/Frameworks/CoreServices.framework/Versions/A/Frameworks/LaunchServices.framework/Versions/A/LaunchServices
0x00007fff2acd8000 	/System/Library/Frameworks/CoreServices.framework/Versions/A/Frameworks/DictionaryServices.framework/Versions/A/DictionaryServices
0x00007fff273af000 	/System/Library/Frameworks/CoreServices.framework/Versions/A/Frameworks/SharedFileList.framework/Versions/A/SharedFileList
0x00007fff29e2c000 	/usr/lib/libCheckFix.dylib
0x00007fff24b0c000 	/System/Library/PrivateFrameworks/TCC.framework/Versions/A/TCC
0x00007fff29232000 	/System/Library/PrivateFrameworks/CoreNLP.framework/Versions/A/CoreNLP
0x00007fff263c3000 	/System/Library/PrivateFrameworks/MetadataUtilities.framework/Versions/A/MetadataUtilities
0x00007fff20e89000 	/usr/lib/libmecabra.dylib
0x00007fff2a136000 	/System/Library/Frameworks/MLCompute.framework/Versions/A/MLCompute
0x00007fff29e61000 	/usr/lib/libmecab.dylib
0x00007fff29eab000 	/usr/lib/libgermantok.dylib
0x00007fff2a8bd000 	/usr/lib/libThaiTokenizer.dylib
0x00007fff2ae79000 	/usr/lib/libChineseTokenizer.dylib
0x00007fff2a90d000 	/System/Library/Frameworks/MetalPerformanceShaders.framework/Versions/A/MetalPerformanceShaders
0x00007fff264b2000 	/System/Library/Frameworks/Accelerate.framework/Versions/A/Frameworks/vImage.framework/Versions/A/vImage
0x00007fff30147000 	/System/Library/Frameworks/Accelerate.framework/Versions/A/Frameworks/vecLib.framework/Versions/A/vecLib
0x00007fff2ae84000 	/System/Library/Frameworks/Accelerate.framework/Versions/A/Frameworks/vecLib.framework/Versions/A/libvMisc.dylib
0x00007fff298da000 	/System/Library/Frameworks/Accelerate.framework/Versions/A/Frameworks/vecLib.framework/Versions/A/libvDSP.dylib
0x00007fff20b93000 	/System/Library/Frameworks/Accelerate.framework/Versions/A/Frameworks/vecLib.framework/Versions/A/libBLAS.dylib
0x00007fff2a933000 	/System/Library/Frameworks/Accelerate.framework/Versions/A/Frameworks/vecLib.framework/Versions/A/libLAPACK.dylib
0x00007fff29eb1000 	/System/Library/Frameworks/Accelerate.framework/Versions/A/Frameworks/vecLib.framework/Versions/A/libLinearAlgebra.dylib
0x00007fff2a8fa000 	/System/Library/Frameworks/Accelerate.framework/Versions/A/Frameworks/vecLib.framework/Versions/A/libSparseBLAS.dylib
0x00007fff2a92d000 	/System/Library/Frameworks/Accelerate.framework/Versions/A/Frameworks/vecLib.framework/Versions/A/libQuadrature.dylib
0x00007fff292de000 	/System/Library/Frameworks/Accelerate.framework/Versions/A/Frameworks/vecLib.framework/Versions/A/libBNNS.dylib
0x00007fff20d67000 	/System/Library/Frameworks/Accelerate.framework/Versions/A/Frameworks/vecLib.framework/Versions/A/libSparse.dylib
0x00007fff291ba000 	/System/Library/Frameworks/MetalPerformanceShaders.framework/Versions/A/Frameworks/MPSCore.framework/Versions/A/MPSCore
0x00007fff2a326000 	/System/Library/Frameworks/MetalPerformanceShaders.framework/Versions/A/Frameworks/MPSImage.framework/Versions/A/MPSImage
0x00007fff29ec7000 	/System/Library/Frameworks/MetalPerformanceShaders.framework/Versions/A/Frameworks/MPSNeuralNetwork.framework/Versions/A/MPSNeuralNetwork
0x00007fff2a298000 	/System/Library/Frameworks/MetalPerformanceShaders.framework/Versions/A/Frameworks/MPSMatrix.framework/Versions/A/MPSMatrix
0x00007fff2a0e6000 	/System/Library/Frameworks/MetalPerformanceShaders.framework/Versions/A/Frameworks/MPSRayIntersector.framework/Versions/A/MPSRayIntersector
0x00007fff2a2cf000 	/System/Library/Frameworks/MetalPerformanceShaders.framework/Versions/A/Frameworks/MPSNDArray.framework/Versions/A/MPSNDArray
0x00007fff20abf000 	/System/Library/PrivateFrameworks/MetalTools.framework/Versions/A/MetalTools
0x00007fff2922a000 	/System/Library/PrivateFrameworks/AggregateDictionary.framework/Versions/A/AggregateDictionary
0x00007fff26390000 	/System/Library/PrivateFrameworks/CoreAnalytics.framework/Versions/A/CoreAnalytics
0x00007fff2a8bf000 	/System/Library/PrivateFrameworks/AppleSauce.framework/Versions/A/AppleSauce
0x00007fff2852d000 	/System/Library/PrivateFrameworks/IOAccelerator.framework/Versions/A/IOAccelerator
0x00007fff6bbab000 	/System/Library/Frameworks/OpenGL.framework/Versions/A/Libraries/libCoreFSCache.dylib
0x00007fff21420000 	/System/Library/PrivateFrameworks/LanguageModeling.framework/Versions/A/LanguageModeling
0x00007fff29a68000 	/System/Library/PrivateFrameworks/CoreEmoji.framework/Versions/A/CoreEmoji
0x00007fff292d7000 	/System/Library/PrivateFrameworks/LinguisticData.framework/Versions/A/LinguisticData
0x00007fff20d1a000 	/System/Library/PrivateFrameworks/Lexicon.framework/Versions/A/Lexicon
0x00007fff2a7d1000 	/usr/lib/libcmph.dylib
0x00007fff27386000 	/System/Library/Frameworks/OpenDirectory.framework/Versions/A/Frameworks/CFOpenDirectory.framework/Versions/A/CFOpenDirectory
0x00007fff27376000 	/System/Library/Frameworks/OpenDirectory.framework/Versions/A/OpenDirectory
0x00007fff2ad43000 	/System/Library/PrivateFrameworks/APFS.framework/Versions/A/APFS
0x00007fff29d8e000 	/System/Library/Frameworks/SecurityFoundation.framework/Versions/A/SecurityFoundation
0x00007fff2ae4c000 	/usr/lib/libutil.dylib
0x00007fff22a11000 	/System/Library/PrivateFrameworks/CoreServicesStore.framework/Versions/A/CoreServicesStore
0x00007fff29e24000 	/System/Library/Frameworks/ServiceManagement.framework/Versions/A/ServiceManagement
0x00007fff2ae50000 	/usr/lib/libxslt.1.dylib
0x00007fff29e1a000 	/System/Library/PrivateFrameworks/BackgroundTaskManagement.framework/Versions/A/BackgroundTaskManagement
0x00007fff2bf5a000 	/System/Library/Frameworks/ImageIO.framework/Versions/A/Resources/libRadiance.dylib
0x00007fff2bf63000 	/System/Library/Frameworks/ImageIO.framework/Versions/A/Resources/libJPEG.dylib
0x00007fff2beae000 	/System/Library/Frameworks/ImageIO.framework/Versions/A/Resources/libPng.dylib
0x00007fff2bed5000 	/System/Library/Frameworks/ImageIO.framework/Versions/A/Resources/libTIFF.dylib
0x00007fff2bfb8000 	/System/Library/Frameworks/ImageIO.framework/Versions/A/Resources/libGIF.dylib
0x00007fff2bc01000 	/System/Library/Frameworks/ImageIO.framework/Versions/A/Resources/libJP2.dylib
0x00007fff2b31e000 	/usr/lib/libexpat.1.dylib
0x00007fff2bbb7000 	/System/Library/PrivateFrameworks/AppleJPEG.framework/Versions/A/AppleJPEG
0x00007fff28763000 	/System/Library/PrivateFrameworks/FontServices.framework/libFontParser.dylib
0x00007fff2613e000 	/System/Library/PrivateFrameworks/RunningBoardServices.framework/Versions/A/RunningBoardServices
0x00007fff2bce0000 	/System/Library/PrivateFrameworks/WatchdogClient.framework/Versions/A/WatchdogClient
0x00007fff21509000 	/System/Library/Frameworks/CoreDisplay.framework/Versions/A/CoreDisplay
0x00007fff28678000 	/System/Library/Frameworks/CoreMedia.framework/Versions/A/CoreMedia
0x00007fff27502000 	/System/Library/Frameworks/CoreVideo.framework/Versions/A/CoreVideo
0x00007fff2bd1b000 	/System/Library/Frameworks/VideoToolbox.framework/Versions/A/VideoToolbox
0x00007fff260be000 	/System/Library/PrivateFrameworks/BaseBoard.framework/Versions/A/BaseBoard
0x00007fff2b461000 	/System/Library/PrivateFrameworks/PersistentConnection.framework/Versions/A/PersistentConnection
0x00007fff25e64000 	/System/Library/PrivateFrameworks/ProtocolBuffer.framework/Versions/A/ProtocolBuffer
0x00007fff260a6000 	/System/Library/PrivateFrameworks/CommonUtilities.framework/Versions/A/CommonUtilities
0x00007fff2bb7a000 	/System/Library/PrivateFrameworks/Bom.framework/Versions/A/Bom
0x00007fff2bf52000 	/System/Library/PrivateFrameworks/GPUWrangler.framework/Versions/A/GPUWrangler
0x00007fff2bf35000 	/System/Library/PrivateFrameworks/IOPresentment.framework/Versions/A/IOPresentment
0x00007fff2bf5d000 	/System/Library/PrivateFrameworks/DSExternalDisplay.framework/Versions/A/DSExternalDisplay
0x00007fff2bfbd000 	/System/Library/PrivateFrameworks/CMCaptureCore.framework/Versions/A/CMCaptureCore
0x00007fff2b8fd000 	/System/Library/PrivateFrameworks/AppServerSupport.framework/Versions/A/AppServerSupport
0x00007fff2d98e000 	/System/Library/PrivateFrameworks/perfdata.framework/Versions/A/perfdata
0x00007fff29d7d000 	/System/Library/PrivateFrameworks/AssertionServices.framework/Versions/A/AssertionServices
0x00007fff21640000 	/System/Library/PrivateFrameworks/AudioToolboxCore.framework/Versions/A/AudioToolboxCore
0x00007fff2865b000 	/System/Library/PrivateFrameworks/caulk.framework/Versions/A/caulk
0x00007fff3cd83000 	/System/Library/PrivateFrameworks/SystemPolicy.framework/Versions/A/SystemPolicy
0x00007fff2b12d000 	/usr/lib/libIOReport.dylib
0x00007fff2d1ca000 	/usr/lib/libSMC.dylib
0x00007fff2be7a000 	/usr/lib/libAudioToolboxUtility.dylib
0x00007fff3d6de000 	/usr/lib/libmis.dylib
0x00007fff6bc07000 	/System/Library/Frameworks/OpenGL.framework/Versions/A/Libraries/libGLU.dylib
0x00007fff6bbca000 	/System/Library/Frameworks/OpenGL.framework/Versions/A/Libraries/libGFXShared.dylib
0x00007fff6bdd8000 	/System/Library/Frameworks/OpenGL.framework/Versions/A/Libraries/libGL.dylib
0x00007fff6bbd3000 	/System/Library/Frameworks/OpenGL.framework/Versions/A/Libraries/libGLImage.dylib
0x00007fff6bbc7000 	/System/Library/Frameworks/OpenGL.framework/Versions/A/Libraries/libCVMSPluginSupport.dylib
0x00007fff6bbb2000 	/System/Library/Frameworks/OpenGL.framework/Versions/A/Libraries/libCoreVMClient.dylib
0x00007fff6d222000 	/System/Library/Frameworks/OpenCL.framework/Versions/A/OpenCL
0x00007fff2b48a000 	/System/Library/PrivateFrameworks/GraphVisualizer.framework/Versions/A/GraphVisualizer
0x00007fff2b499000 	/System/Library/PrivateFrameworks/FaceCore.framework/Versions/A/FaceCore
0x00007fff2b8b5000 	/System/Library/PrivateFrameworks/OTSVG.framework/Versions/A/OTSVG
0x00007fff270fb000 	/System/Library/Frameworks/ApplicationServices.framework/Versions/A/Frameworks/ATS.framework/Versions/A/Resources/libFontRegistry.dylib
0x00007fff2b904000 	/System/Library/PrivateFrameworks/FontServices.framework/libhvf.dylib
0x00007fff2b2ca000 	/System/Library/PrivateFrameworks/AppleVA.framework/Versions/A/AppleVA
0x00007fff2d012000 	/System/Library/Frameworks/ApplicationServices.framework/Versions/A/Frameworks/ATS.framework/Versions/A/ATS
0x00007fff2d325000 	/System/Library/Frameworks/ApplicationServices.framework/Versions/A/Frameworks/ColorSyncLegacy.framework/Versions/A/ColorSyncLegacy
0x00007fff25631000 	/System/Library/Frameworks/ApplicationServices.framework/Versions/A/Frameworks/HIServices.framework/Versions/A/HIServices
0x00007fff2d30a000 	/System/Library/Frameworks/ApplicationServices.framework/Versions/A/Frameworks/LangAnalysis.framework/Versions/A/LangAnalysis
0x00007fff2bfc7000 	/System/Library/Frameworks/ApplicationServices.framework/Versions/A/Frameworks/PrintCore.framework/Versions/A/PrintCore
0x00007fff2d32d000 	/System/Library/Frameworks/ApplicationServices.framework/Versions/A/Frameworks/QD.framework/Versions/A/QD
0x00007fff2d002000 	/System/Library/Frameworks/ApplicationServices.framework/Versions/A/Frameworks/SpeechSynthesis.framework/Versions/A/SpeechSynthesis
0x00007fff2bf88000 	/System/Library/Frameworks/ApplicationServices.framework/Versions/A/Frameworks/ATSUI.framework/Versions/A/ATSUI
0x00007fff2d2aa000 	/usr/lib/libcups.2.dylib
0x00007fff2d31a000 	/System/Library/PrivateFrameworks/NetAuth.framework/Versions/A/NetAuth
0x00007fff2d9a9000 	/System/Library/Frameworks/Kerberos.framework/Versions/A/Kerberos
0x00007fff2d9b9000 	/System/Library/Frameworks/GSS.framework/Versions/A/GSS
0x00007fff2d07f000 	/usr/lib/libresolv.9.dylib
0x00007fff2b91a000 	/System/Library/PrivateFrameworks/Heimdal.framework/Versions/A/Heimdal
0x00007fff33635000 	/System/Library/Frameworks/Kerberos.framework/Versions/A/Libraries/libHeimdalProxy.dylib
0x00007fff2620b000 	/System/Library/Frameworks/Network.framework/Versions/A/Network
0x00007fff2b337000 	/usr/lib/libheimdal-asn1.dylib
0x00007fff2da0a000 	/System/Library/PrivateFrameworks/CommonAuth.framework/Versions/A/CommonAuth
0x00007fff27550000 	/System/Library/PrivateFrameworks/login.framework/Versions/A/Frameworks/loginsupport.framework/Versions/A/loginsupport
0x00007fff2cf89000 	/System/Library/PrivateFrameworks/AudioSession.framework/Versions/A/AudioSession
0x00007fff2cfef000 	/usr/lib/libAudioStatistics.dylib
0x00007fff2b3c3000 	/System/Library/PrivateFrameworks/MediaExperience.framework/Versions/A/MediaExperience
0x00007fff2ce22000 	/System/Library/PrivateFrameworks/AudioSession.framework/libSessionUtility.dylib
0x00007fff2d99a000 	/usr/lib/libperfcheck.dylib
0x00007fff2d339000 	/System/Library/PrivateFrameworks/AudioResourceArbitration.framework/Versions/A/AudioResourceArbitration
0x00007fff2b341000 	/System/Library/PrivateFrameworks/IconFoundation.framework/Versions/A/IconFoundation
0x00007fff2fe2a000 	/System/Library/PrivateFrameworks/SpeechRecognitionCore.framework/Versions/A/SpeechRecognitionCore
0x0000000110800000 	/Library/Java/JavaVirtualMachines/adoptopenjdk-15.jdk/Contents/Home/lib/server/libjvm.dylib
0x00000001130c6000 	/Library/Java/JavaVirtualMachines/adoptopenjdk-15.jdk/Contents/Home/lib/libjimage.dylib
0x00000001130e1000 	/Library/Java/JavaVirtualMachines/adoptopenjdk-15.jdk/Contents/Home/lib/libinstrument.dylib
0x0000000113106000 	/Library/Java/JavaVirtualMachines/adoptopenjdk-15.jdk/Contents/Home/lib/libjava.dylib
0x000000013867b000 	/Library/Java/JavaVirtualMachines/adoptopenjdk-15.jdk/Contents/Home/lib/libnio.dylib
0x00000001386a9000 	/Library/Java/JavaVirtualMachines/adoptopenjdk-15.jdk/Contents/Home/lib/libnet.dylib
0x0000000138745000 	/Library/Java/JavaVirtualMachines/adoptopenjdk-15.jdk/Contents/Home/lib/libzip.dylib
0x0000000136890000 	/Library/Java/JavaVirtualMachines/adoptopenjdk-15.jdk/Contents/Home/lib/libextnet.dylib
0x0000000138977000 	/Library/Java/javafx-sdk-15.0.1/lib/libprism_es2.dylib
0x00007fff229d2000 	/System/Library/PrivateFrameworks/CoreServicesInternal.framework/Versions/A/CoreServicesInternal
0x00007fff6bde3000 	/System/Library/Frameworks/OpenGL.framework/Versions/A/Resources/GLEngine.bundle/GLEngine
0x00007fff6bc44000 	/System/Library/Frameworks/OpenGL.framework/Versions/A/Libraries/libGLProgrammability.dylib
0x0000000138a58000 	/System/Library/Extensions/AppleMetalOpenGLRenderer.bundle/Contents/MacOS/AppleMetalOpenGLRenderer
0x00007fff6bf61000 	/System/Library/Frameworks/OpenGL.framework/Versions/A/Resources/GLRendererFloat.bundle/GLRendererFloat
0x0000000138bd1000 	/System/Library/Extensions/AGXMetal13_3.bundle/Contents/MacOS/AGXMetal13_3
0x00007fff38706000 	/System/Library/PrivateFrameworks/IOGPU.framework/Versions/A/IOGPU
0x00007fff69760000 	/System/Library/PrivateFrameworks/GPUCompiler.framework/Versions/31001/Libraries/libmetal_timestamp.dylib
0x0000000139ff7000 	/Library/Java/javafx-sdk-15.0.1/lib/libglass.dylib
0x00007fff311ab000 	/System/Library/Frameworks/FileProvider.framework/Versions/A/FileProvider
0x00007fff26029000 	/System/Library/Frameworks/Accounts.framework/Versions/A/Accounts
0x00007fff312fa000 	/System/Library/PrivateFrameworks/GenerationalStorage.framework/Versions/A/GenerationalStorage
0x00007fff31c8e000 	/System/Library/PrivateFrameworks/CoreSymbolication.framework/Versions/A/CoreSymbolication
0x00007fff30bcb000 	/System/Library/PrivateFrameworks/SymptomDiagnosticReporter.framework/Versions/A/SymptomDiagnosticReporter
0x00007fff23aff000 	/System/Library/PrivateFrameworks/DesktopServicesPriv.framework/Versions/A/DesktopServicesPriv
0x00007fff22b07000 	/usr/lib/libsandbox.1.dylib
0x00007fff2757b000 	/System/Library/PrivateFrameworks/UserManagement.framework/Versions/A/UserManagement
0x00007fff29d5a000 	/System/Library/PrivateFrameworks/MobileKeyBag.framework/Versions/A/MobileKeyBag
0x00007fff346af000 	/System/Library/PrivateFrameworks/ChunkingLibrary.framework/Versions/A/ChunkingLibrary
0x00007fff31c52000 	/System/Library/PrivateFrameworks/DebugSymbols.framework/Versions/A/DebugSymbols
0x00007fff2e3cc000 	/System/Library/PrivateFrameworks/Sharing.framework/Versions/A/Sharing
0x00007fff32c38000 	/System/Library/PrivateFrameworks/Apple80211.framework/Versions/A/Apple80211
0x00007fff2a407000 	/System/Library/PrivateFrameworks/AuthKit.framework/Versions/A/AuthKit
0x00007fff29b58000 	/System/Library/PrivateFrameworks/CoreUtils.framework/Versions/A/CoreUtils
0x00007fff29a85000 	/System/Library/Frameworks/CoreWLAN.framework/Versions/A/CoreWLAN
0x00007fff2e518000 	/System/Library/Frameworks/IOBluetooth.framework/Versions/A/IOBluetooth
0x00007fff32c9c000 	/System/Library/PrivateFrameworks/CoreWiFi.framework/Versions/A/CoreWiFi
0x00007fff2da90000 	/System/Library/PrivateFrameworks/CorePhoneNumbers.framework/Versions/A/CorePhoneNumbers
0x00007fff30cd2000 	/System/Library/PrivateFrameworks/DiskManagement.framework/Versions/A/DiskManagement
0x00007fff30be8000 	/System/Library/PrivateFrameworks/AppleIDAuthSupport.framework/Versions/A/AppleIDAuthSupport
0x00007fff2da70000 	/System/Library/PrivateFrameworks/KeychainCircle.framework/Versions/A/KeychainCircle
0x00007fff30c9e000 	/System/Library/PrivateFrameworks/MediaKit.framework/Versions/A/MediaKit
0x00007fff30bf5000 	/System/Library/Frameworks/DiscRecording.framework/Versions/A/DiscRecording
0x00007fff2b23e000 	/usr/lib/libCoreStorage.dylib
0x00007fff330d7000 	/usr/lib/libcsfde.dylib
0x00007fff2e653000 	/System/Library/PrivateFrameworks/ProtectedCloudStorage.framework/Versions/A/ProtectedCloudStorage
0x00007fff330cf000 	/System/Library/PrivateFrameworks/EFILogin.framework/Versions/A/EFILogin
0x00007fff336e8000 	/System/Library/Frameworks/AudioUnit.framework/Versions/A/AudioUnit
0x00007fff30b66000 	/System/Library/Frameworks/CoreBluetooth.framework/Versions/A/CoreBluetooth
0x00007fff2b236000 	/usr/lib/libMatch.1.dylib
0x000000013bceb000 	/usr/lib/libobjc-trampolines.dylib
0x00007fff41388000 	/System/Library/Frameworks/Accelerate.framework/Versions/A/Frameworks/vImage.framework/Versions/A/Libraries/libCGInterfaces.dylib
0x00007fff2727e000 	/System/Library/PrivateFrameworks/ViewBridge.framework/Versions/A/ViewBridge
0x00007fff2b9db000 	/System/Library/PrivateFrameworks/login.framework/Versions/A/login
0x00007fff6f59f000 	/System/Library/PrivateFrameworks/AccessibilityBundles.framework/Versions/A/AccessibilityBundles
0x000000013ecde000 	/Library/Java/javafx-sdk-15.0.1/lib/libjavafx_font.dylib
0x00007fff779cc000 	/usr/lib/libRosetta.dylib
0x000000013f33f000 	/Library/Java/JavaVirtualMachines/adoptopenjdk-15.jdk/Contents/Home/lib/libawt.dylib
0x000000013f4ba000 	/Library/Java/JavaVirtualMachines/adoptopenjdk-15.jdk/Contents/Home/lib/libmlib_image.dylib
0x00007fff6eb53000 	/System/Library/Frameworks/JavaNativeFoundation.framework/Versions/A/JavaNativeFoundation
0x00007fff6eb5f000 	/System/Library/Frameworks/JavaRuntimeSupport.framework/Versions/A/JavaRuntimeSupport
0x00007fff3cacd000 	/System/Library/Frameworks/Carbon.framework/Versions/A/Carbon
0x00007fff3657d000 	/System/Library/Frameworks/Carbon.framework/Versions/A/Frameworks/CommonPanels.framework/Versions/A/CommonPanels
0x00007fff330cb000 	/System/Library/Frameworks/Carbon.framework/Versions/A/Frameworks/Help.framework/Versions/A/Help
0x00007fff36581000 	/System/Library/Frameworks/Carbon.framework/Versions/A/Frameworks/ImageCapture.framework/Versions/A/ImageCapture
0x00007fff36551000 	/System/Library/Frameworks/Carbon.framework/Versions/A/Frameworks/OpenScripting.framework/Versions/A/OpenScripting
0x00007fff36579000 	/System/Library/Frameworks/Carbon.framework/Versions/A/Frameworks/Ink.framework/Versions/A/Ink
0x00007fff3cac9000 	/System/Library/Frameworks/Carbon.framework/Versions/A/Frameworks/Print.framework/Versions/A/Print
0x00007fff36575000 	/System/Library/Frameworks/Carbon.framework/Versions/A/Frameworks/SecurityHI.framework/Versions/A/SecurityHI
0x000000013f613000 	/Library/Java/JavaVirtualMachines/adoptopenjdk-15.jdk/Contents/Home/lib/libawt_lwawt.dylib
0x000000013f797000 	/Library/Java/JavaVirtualMachines/adoptopenjdk-15.jdk/Contents/Home/lib/libosxapp.dylib
0x00007fff3c0e4000 	/System/Library/Frameworks/ExceptionHandling.framework/Versions/A/ExceptionHandling
0x000000013f7e3000 	/Library/Java/JavaVirtualMachines/adoptopenjdk-15.jdk/Contents/Home/lib/libfontmanager.dylib
0x000000013fa7d000 	/Library/Java/JavaVirtualMachines/adoptopenjdk-15.jdk/Contents/Home/lib/libfreetype.dylib
0x000000013fd0e000 	/Library/Java/JavaVirtualMachines/adoptopenjdk-15.jdk/Contents/Home/lib/libosxui.dylib
0x00000001b3df2000 	/Library/Java/javafx-sdk-15.0.1/lib/libjavafx_iio.dylib


VM Arguments:
jvm_args: -ea --module-path=/Library/Java/javafx-sdk-15.0.1/lib --add-modules=javafx.controls,javafx.fxml,javafx.media -Djava.library.path=/Library/Java/javafx-sdk-15.0.1/lib -javaagent:/Applications/IntelliJ IDEA.app/Contents/lib/idea_rt.jar=50120:/Applications/IntelliJ IDEA.app/Contents/bin -Dfile.encoding=UTF-8 
java_command: comp1110.ass2.gui.Game
java_class_path (initial): /Users/johnkim1216/IdeaProjects/comp1110-ass2-tue12i/out/production/comp1110-ass2:/Library/Java/javafx-sdk-15.0.1/lib/src.zip:/Library/Java/javafx-sdk-15.0.1/lib/javafx-swt.jar:/Library/Java/javafx-sdk-15.0.1/lib/javafx.web.jar:/Library/Java/javafx-sdk-15.0.1/lib/javafx.base.jar:/Library/Java/javafx-sdk-15.0.1/lib/javafx.fxml.jar:/Library/Java/javafx-sdk-15.0.1/lib/javafx.media.jar:/Library/Java/javafx-sdk-15.0.1/lib/javafx.swing.jar:/Library/Java/javafx-sdk-15.0.1/lib/javafx.controls.jar:/Library/Java/javafx-sdk-15.0.1/lib/javafx.graphics.jar
Launcher Type: SUN_STANDARD

[Global flags]
     intx CICompilerCount                          = 4                                         {product} {ergonomic}
     uint ConcGCThreads                            = 2                                         {product} {ergonomic}
     uint G1ConcRefinementThreads                  = 8                                         {product} {ergonomic}
   size_t G1HeapRegionSize                         = 2097152                                   {product} {ergonomic}
    uintx GCDrainStackTargetSize                   = 64                                        {product} {ergonomic}
   size_t InitialHeapSize                          = 268435456                                 {product} {ergonomic}
   size_t MarkStackSize                            = 4194304                                   {product} {ergonomic}
   size_t MaxHeapSize                              = 4294967296                                {product} {ergonomic}
   size_t MaxNewSize                               = 2575302656                                {product} {ergonomic}
   size_t MinHeapDeltaBytes                        = 2097152                                   {product} {ergonomic}
   size_t MinHeapSize                              = 8388608                                   {product} {ergonomic}
    uintx NonNMethodCodeHeapSize                   = 5839372                                {pd product} {ergonomic}
    uintx NonProfiledCodeHeapSize                  = 122909434                              {pd product} {ergonomic}
    uintx ProfiledCodeHeapSize                     = 122909434                              {pd product} {ergonomic}
    uintx ReservedCodeCacheSize                    = 251658240                              {pd product} {ergonomic}
     bool SegmentedCodeCache                       = true                                      {product} {ergonomic}
   size_t SoftMaxHeapSize                          = 4294967296                             {manageable} {ergonomic}
     bool UseCompressedClassPointers               = true                                 {lp64_product} {ergonomic}
     bool UseCompressedOops                        = true                                 {lp64_product} {ergonomic}
     bool UseG1GC                                  = true                                      {product} {ergonomic}
     bool UseNUMA                                  = false                                     {product} {ergonomic}
     bool UseNUMAInterleaving                      = false                                     {product} {ergonomic}

Logging:
Log output configuration:
 #0: stdout all=warning uptime,level,tags
 #1: stderr all=off uptime,level,tags

Environment Variables:
JAVA_HOME=/Library/Java/JavaVirtualMachines/adoptopenjdk-15.jdk/Contents/Home
PATH=/opt/homebrew/bin:/opt/homebrew/sbin:/opt/homebrew/bin:/opt/homebrew/sbin:/Library/Frameworks/Python.framework/Versions/3.9/bin:/usr/local/bin:/usr/bin:/bin:/usr/sbin:/sbin:/Library/TeX/texbin:/Library/Java/JavaVirtualMachines/adoptopenjdk-15.jdk/Contents/Home/bin
SHELL=/bin/zsh
LC_CTYPE=en_AU.UTF-8

Signal Handlers:
SIGSEGV: [libjvm.dylib+0xa88920], sa_mask[0]=11111111111111111111111111111111, sa_flags=SA_ONSTACK|SA_RESTART|SA_SIGINFO
SIGBUS: [libjvm.dylib+0xa88920], sa_mask[0]=11111111111111111111111111111111, sa_flags=SA_RESTART|SA_SIGINFO
SIGFPE: [libjvm.dylib+0xa88920], sa_mask[0]=11111111111111111111111111111111, sa_flags=SA_RESTART|SA_SIGINFO
SIGPIPE: [libjvm.dylib+0x842990], sa_mask[0]=11111111111111111111111111111111, sa_flags=SA_RESTART|SA_SIGINFO
SIGXFSZ: [libjvm.dylib+0x842990], sa_mask[0]=11111111111111111111111111111111, sa_flags=SA_RESTART|SA_SIGINFO
SIGILL: [libjvm.dylib+0xa88920], sa_mask[0]=11111111111111111111111111111111, sa_flags=SA_RESTART|SA_SIGINFO
SIGUSR2: [libjvm.dylib+0x8434b0], sa_mask[0]=00100000000000000000000000000000, sa_flags=SA_RESTART|SA_SIGINFO
SIGHUP: [libjvm.dylib+0x841b90], sa_mask[0]=11111111111111111111111111111111, sa_flags=SA_RESTART|SA_SIGINFO
SIGINT: [libjvm.dylib+0x841b90], sa_mask[0]=11111111111111111111111111111111, sa_flags=SA_RESTART|SA_SIGINFO
SIGTERM: [libjvm.dylib+0x841b90], sa_mask[0]=11111111111111111111111111111111, sa_flags=SA_RESTART|SA_SIGINFO
SIGQUIT: [libjvm.dylib+0x841b90], sa_mask[0]=11111111111111111111111111111111, sa_flags=SA_RESTART|SA_SIGINFO


---------------  S Y S T E M  ---------------

OS:uname: Darwin 20.4.0 Darwin Kernel Version 20.4.0: Thu Apr 22 21:46:41 PDT 2021; root:xnu-7195.101.2~1/RELEASE_ARM64_T8101 x86_64
OS uptime: 0 days 4:09 hours
rlimit (soft/hard): STACK 8176k/65520k , CORE 0k/infinity , NPROC 2666/4000 , NOFILE 10240/infinity , AS infinity/infinity , CPU infinity/infinity , DATA infinity/infinity , FSIZE infinity/infinity , MEMLOCK infinity/infinity , RSS infinity/infinity
load average: 3.53 3.25 2.31

CPU: total 8 (initial active 8) (1 cores per cpu, 1 threads per core) family 6 model 44 stepping 0 microcode 0x0, cmov, cx8, fxsr, mmx, sse, sse2, sse3, ssse3, sse4.1, sse4.2, popcnt, aes, clmul, tsc, tscinvbit, tscinv, clflush

Memory: 4k page, physical 16777216k(64624k free), swap 0k(0k free)

vm_info: OpenJDK 64-Bit Server VM (15.0.2+7) for bsd-amd64 JRE (15.0.2+7), built on Jan 21 2021 11:59:27 by "jenkins" with clang 4.2.1 Compatible Apple LLVM 10.0.1 (clang-1001.0.46.4)

END.
