#
# A fatal error has been detected by the Java Runtime Environment:
#
#  SIGSEGV (0xb) at pc=0x000000010d5158a9, pid=1361, tid=259
#
# JRE version: OpenJDK Runtime Environment AdoptOpenJDK (15.0.2+7) (build 15.0.2+7)
# Java VM: OpenJDK 64-Bit Server VM AdoptOpenJDK (15.0.2+7, mixed mode, sharing, tiered, compressed oops, g1 gc, bsd-amd64)
# Problematic frame:
# V  [libjvm.dylib+0x5158a9]  jni_IsSameObject+0x39
#
# No core dump will be written. Core dumps have been disabled. To enable core dumping, try "ulimit -c unlimited" before starting Java again
#
# If you would like to submit a bug report, please visit:
#   https://github.com/AdoptOpenJDK/openjdk-support/issues
#

---------------  S U M M A R Y ------------

Command Line: -ea --module-path=/Library/Java/javafx-sdk-15.0.1/lib --add-modules=javafx.controls,javafx.fxml,javafx.media -Djava.library.path=/Library/Java/javafx-sdk-15.0.1/lib -javaagent:/Applications/IntelliJ IDEA.app/Contents/lib/idea_rt.jar=49471:/Applications/IntelliJ IDEA.app/Contents/bin -Dfile.encoding=UTF-8 comp1110.ass2.gui.Game

Host: MacBookPro17,1 x86_64 2400 MHz, 8 cores, 16G, Darwin 20.4.0
Time: Mon May 17 08:32:47 2021 KST elapsed time: 74.589347 seconds (0d 0h 1m 14s)

---------------  T H R E A D  ---------------

Current thread is native thread

Stack: [0x000000030520d000,0x0000000305a0d000],  sp=0x0000000305a08a30,  free space=8174k
Native frames: (J=compiled Java code, A=aot compiled Java code, j=interpreted, Vv=VM code, C=native code)
V  [libjvm.dylib+0x5158a9]  jni_IsSameObject+0x39
C  [JavaNativeFoundation+0x9682]  -[JNFWeakJObjectWrapper _getWithEnv:]+0x31
C  [JavaNativeFoundation+0x9496]  -[JNFJObjectWrapper jObjectWithEnv:]+0x16
C  [libawt_lwawt.dylib+0x1d281]  -[CGLLayer drawInCGLContext:pixelFormat:forLayerTime:displayTime:]+0xa1
C  [QuartzCore+0xc6979]  CAOpenGLLayerDraw(CAOpenGLLayer*, double, CVTimeStamp const*, unsigned int)+0x7d9
C  [QuartzCore+0xc5fc2]  -[CAOpenGLLayer _display]+0x246
C  [QuartzCore+0x2125f]  CA::Layer::display_if_needed(CA::Transaction*)+0x35f
C  [QuartzCore+0x16c44a]  CA::Context::commit_transaction(CA::Transaction*, double, double*)+0x29a
C  [QuartzCore+0x274f]  CA::Transaction::commit()+0x2c9
C  [QuartzCore+0x3b1de]  CA::Transaction::observer_callback(__CFRunLoopObserver*, unsigned long, void*)+0x6e
C  [CoreFoundation+0x80b7d]  __CFRUNLOOP_IS_CALLING_OUT_TO_AN_OBSERVER_CALLBACK_FUNCTION__+0x17
C  [CoreFoundation+0x80a0d]  __CFRunLoopDoObservers+0x21f
C  [CoreFoundation+0x7ffd2]  __CFRunLoopRun+0x48b
C  [CoreFoundation+0x7f480]  CFRunLoopRunSpecific+0x237
C  [libjli.dylib+0x6e82]  CreateExecutionEnvironment+0x192
C  [libjli.dylib+0x2848]  JLI_Launch+0x5d8
C  [java+0xc0e]  main+0x19e
C  [libdyld.dylib+0x15f3d]  start+0x1


siginfo: si_signo: 11 (SIGSEGV), si_code: 1 (SEGV_MAPERR), si_addr: 0x0000000000000398

Registers:
RAX=0x000000000000dead, RBX=0x00007f8c63ffdb28, RCX=0x0000000200d58e00, RDX=0x0000000000000000
RSP=0x0000000305a08a30, RBP=0x0000000305a08a60, RSI=0x00007f8c129a9b49, RDI=0x00007f8c63ffd800
R8 =0x0000000000000000, R9 =0x0000000000000000, R10=0x00007fff85dc0420, R11=0x00007fff6eb44602
R12=0x00007f8c63ffdb28, R13=0x0000000000000000, R14=0x0000000000000000, R15=0x00007f8c129a9b49
RIP=0x000000010d5158a9, EFLAGS=0x0000000000000297, ERR=0x0000000000000006
  TRAPNO=0x000000000000000e

Top of Stack: (sp=0x0000000305a08a30)
0x0000000305a08a30:   000000010dc699d0 00007f8c63ffdb28
0x0000000305a08a40:   00007f8c114dd000 00007f8c12aa1cd0
0x0000000305a08a50:   00007f8c12aa1aa0 00007f8c129a9b49
0x0000000305a08a60:   0000000305a08a90 00007fff6eb44682
0x0000000305a08a70:   00007f8c12aa1aa0 00007f8c63ffdb28
0x0000000305a08a80:   00007fff201fc780 00007f8c129abe60
0x0000000305a08a90:   0000000305a08ab0 00007fff6eb44496
0x0000000305a08aa0:   00007f8c12aa1aa0 00007f8c63ffdb28
0x0000000305a08ab0:   0000000305a08b10 000000013be3e281
0x0000000305a08ac0:   00007f8c12aa2630 00007fff7bb18a27
0x0000000305a08ad0:   00007f8c12aa1cd0 0000000000000000
0x0000000305a08ae0:   409d3531b5a8fffb 00007fff201fc780
0x0000000305a08af0:   00007f8c12aa2630 00007f8c12aa1cd0
0x0000000305a08b00:   00007f8c12aa1cd0 00007f8c10d04ec0
0x0000000305a08b10:   0000000305a08bd0 00007fff26ecc979
0x0000000305a08b20:   00007f8c129582d0 0000000000000000
0x0000000305a08b30:   00007f8c12aa1cd0 0000000000000000
0x0000000305a08b40:   0000000412aa1cd0 0000000000000000
0x0000000305a08b50:   409d3531b5a8fffb 0000000000000000
0x0000000305a08b60:   0000000000000000 00007f8c62862970
0x0000000305a08b70:   0000000000000004 0000000000000000
0x0000000305a08b80:   0000000000000000 0000000305a08ba8
0x0000000305a08b90:   0000000300000000 00007fff26e489cf
0x0000000305a08ba0:   8836c16ac44d0068 00007fff201fc780
0x0000000305a08bb0:   0000000000000004 0000000000000000
0x0000000305a08bc0:   00007f8c12aa1cd0 00007fff7bb18a27
0x0000000305a08bd0:   0000000305a08c50 00007fff26ecbfc2
0x0000000305a08be0:   0000000000000000 4070200000000000
0x0000000305a08bf0:   4080300000000000 4000000000000000
0x0000000305a08c00:   0000000000000000 0000000000000000
0x0000000305a08c10:   4080300000000000 4070200000000000
0x0000000305a08c20:   8836c16ac44d0068 0000000305a08d30 

Instructions: (pc=0x000000010d5158a9)
0x000000010d5157a9:   00 20 75 0e eb 14 48 8d 05 6a 92 7c 00 83 38 00
0x000000010d5157b9:   74 e3 4c 89 e7 e8 dd d5 50 00 41 c7 84 24 98 03
0x000000010d5157c9:   00 00 06 00 00 00 4c 89 ff 4c 89 f6 90 0f 1f 40
0x000000010d5157d9:   00 4d 85 f6 74 0b 31 f6 4c 89 f7 ff 15 9e fb 74
0x000000010d5157e9:   00 90 0f 1f 40 00 49 8b 9c 24 f8 00 00 00 48 8b
0x000000010d5157f9:   43 10 48 83 38 00 74 0c 48 89 df e8 07 4b f4 ff
0x000000010d515809:   48 8b 43 10 48 8b 4b 08 48 89 41 10 48 8b 43 08
0x000000010d515819:   48 8b 4b 18 48 89 48 18 48 8b 43 08 48 8b 4b 20
0x000000010d515829:   48 89 48 20 41 c7 84 24 98 03 00 00 07 00 00 00
0x000000010d515839:   f0 83 04 24 00 49 8b 84 24 10 01 00 00 a8 08 74
0x000000010d515849:   08 4c 89 e7 e8 6e eb 3b 00 41 c7 84 24 98 03 00
0x000000010d515859:   00 04 00 00 00 5b 41 5c 41 5e 41 5f 5d c3 66 0f
0x000000010d515869:   1f 84 00 00 00 00 00 55 48 89 e5 41 57 41 56 41
0x000000010d515879:   55 41 54 53 50 49 89 d6 49 89 f7 49 89 fc 4c 8d
0x000000010d515889:   af d8 fc ff ff b8 55 21 ff ff 03 87 88 00 00 00
0x000000010d515899:   83 f8 02 72 0b 4c 89 ef e8 2a b1 50 00 45 31 ed
0x000000010d5158a9:   41 c7 85 98 03 00 00 05 00 00 00 f0 83 04 24 00
0x000000010d5158b9:   49 8b 45 00 4c 89 ef ff 50 40 84 c0 74 1b 49 8b
0x000000010d5158c9:   85 10 01 00 00 a8 08 75 1c 41 8b 85 e0 00 00 00
0x000000010d5158d9:   a9 04 00 00 20 75 0e eb 14 48 8d 05 37 91 7c 00
0x000000010d5158e9:   83 38 00 74 e4 4c 89 ef e8 aa d4 50 00 41 c7 85
0x000000010d5158f9:   98 03 00 00 06 00 00 00 4c 89 e7 4c 89 fe 4c 89
0x000000010d515909:   f2 90 0f 1f 40 00 4d 85 ff 74 19 41 f6 c7 01 75
0x000000010d515919:   1f 4c 89 ff ff 15 5d fa 74 00 49 89 c7 4d 85 f6
0x000000010d515929:   75 22 eb 08 45 31 ff 4d 85 f6 75 18 31 c0 eb 31
0x000000010d515939:   49 ff cf 4c 89 ff ff 15 fb 45 76 00 49 89 c7 4d
0x000000010d515949:   85 f6 74 e8 41 f6 c6 01 75 0b 4c 89 f7 ff 15 24
0x000000010d515959:   fa 74 00 eb 0c 49 ff ce 4c 89 f7 ff 15 d6 45 76
0x000000010d515969:   00 45 31 f6 49 39 c7 41 0f 94 c6 4c 89 f7 90 0f
0x000000010d515979:   1f 40 00 49 8b 9d f8 00 00 00 48 8b 43 10 48 83
0x000000010d515989:   38 00 74 0c 48 89 df e8 7b 49 f4 ff 48 8b 43 10
0x000000010d515999:   48 8b 4b 08 48 89 41 10 48 8b 43 08 48 8b 4b 18 



---------------  P R O C E S S  ---------------

VM state: not at safepoint (normal execution)

VM Mutex/Monitor currently owned by a thread: None

Heap address: 0x0000000700000000, size: 4096 MB, Compressed Oops mode: Zero based, Oop shift amount: 3
CDS archive(s) mapped at: [0x0000000800000000-0x0000000800b2f000-0x0000000800b2f000), size 11726848, SharedBaseAddress: 0x0000000800000000, ArchiveRelocationMode: 0.
Compressed class space mapped at: 0x0000000800b30000-0x0000000840b30000, size: 1073741824
Narrow klass base: 0x0000000800000000, Narrow klass shift: 3, Narrow klass range: 0x100000000

GC Precious Log:
 CPUs: 8 total, 8 available
 Memory: 16384M
 Large Page Support: Disabled
 NUMA Support: Disabled
 Compressed Oops: Enabled (Zero based)
 Heap Region Size: 2M
 Heap Min Capacity: 8M
 Heap Initial Capacity: 256M
 Heap Max Capacity: 4G
 Pre-touch: Disabled
 Parallel Workers: 8
 Concurrent Workers: 2
 Concurrent Refinement Workers: 8
 Periodic GC: Disabled

Heap:
 garbage-first heap   total 378880K, used 274611K [0x0000000700000000, 0x0000000800000000)
  region size 2048K, 81 young (165888K), 1 survivors (2048K)
 Metaspace       used 23828K, capacity 24091K, committed 24448K, reserved 1071104K
  class space    used 2790K, capacity 2922K, committed 2944K, reserved 1048576K

Heap Regions: E=young(eden), S=young(survivor), O=old, HS=humongous(starts), HC=humongous(continues), CS=collection set, F=free, OA=open archive, CA=closed archive, TAMS=top-at-mark-start (previous, next)
|   0|0x0000000700000000, 0x0000000700200000, 0x0000000700200000|100%| O|  |TAMS 0x0000000700200000, 0x0000000700000000| Untracked 
|   1|0x0000000700200000, 0x0000000700400000, 0x0000000700400000|100%| O|  |TAMS 0x0000000700400000, 0x0000000700200000| Untracked 
|   2|0x0000000700400000, 0x0000000700600000, 0x0000000700600000|100%|HS|  |TAMS 0x0000000700600000, 0x0000000700400000| Complete 
|   3|0x0000000700600000, 0x0000000700800000, 0x0000000700800000|100%|HC|  |TAMS 0x0000000700800000, 0x0000000700600000| Complete 
|   4|0x0000000700800000, 0x0000000700a00000, 0x0000000700a00000|100%|HC|  |TAMS 0x0000000700a00000, 0x0000000700800000| Complete 
|   5|0x0000000700a00000, 0x0000000700c00000, 0x0000000700c00000|100%|HC|  |TAMS 0x0000000700c00000, 0x0000000700a00000| Complete 
|   6|0x0000000700c00000, 0x0000000700e00000, 0x0000000700e00000|100%|HC|  |TAMS 0x0000000700e00000, 0x0000000700c00000| Complete 
|   7|0x0000000700e00000, 0x0000000701000000, 0x0000000701000000|100%|HC|  |TAMS 0x0000000701000000, 0x0000000700e00000| Complete 
|   8|0x0000000701000000, 0x0000000701200000, 0x0000000701200000|100%|HS|  |TAMS 0x0000000701200000, 0x0000000701000000| Complete 
|   9|0x0000000701200000, 0x0000000701200000, 0x0000000701400000|  0%| F|  |TAMS 0x0000000701200000, 0x0000000701200000| Untracked 
|  10|0x0000000701400000, 0x0000000701600000, 0x0000000701600000|100%| O|  |TAMS 0x0000000701400000, 0x0000000701400000| Untracked 
|  11|0x0000000701600000, 0x0000000701631800, 0x0000000701800000|  9%| O|  |TAMS 0x0000000701600000, 0x0000000701600000| Untracked 
|  12|0x0000000701800000, 0x0000000701800000, 0x0000000701a00000|  0%| F|  |TAMS 0x0000000701800000, 0x0000000701800000| Untracked 
|  13|0x0000000701a00000, 0x0000000701a00000, 0x0000000701c00000|  0%| F|  |TAMS 0x0000000701a00000, 0x0000000701a00000| Untracked 
|  14|0x0000000701c00000, 0x0000000701e00000, 0x0000000701e00000|100%| O|  |TAMS 0x0000000701e00000, 0x0000000701c00000| Untracked 
|  15|0x0000000701e00000, 0x0000000702000000, 0x0000000702000000|100%| O|  |TAMS 0x0000000702000000, 0x0000000701e00000| Untracked 
|  16|0x0000000702000000, 0x0000000702200000, 0x0000000702200000|100%|HS|  |TAMS 0x0000000702000000, 0x0000000702000000| Complete 
|  17|0x0000000702200000, 0x0000000702400000, 0x0000000702400000|100%|HC|  |TAMS 0x0000000702200000, 0x0000000702200000| Complete 
|  18|0x0000000702400000, 0x0000000702600000, 0x0000000702600000|100%|HC|  |TAMS 0x0000000702400000, 0x0000000702400000| Complete 
|  19|0x0000000702600000, 0x0000000702800000, 0x0000000702800000|100%|HC|  |TAMS 0x0000000702600000, 0x0000000702600000| Complete 
|  20|0x0000000702800000, 0x0000000702800000, 0x0000000702a00000|  0%| F|  |TAMS 0x0000000702800000, 0x0000000702800000| Untracked 
|  21|0x0000000702a00000, 0x0000000702a00000, 0x0000000702c00000|  0%| F|  |TAMS 0x0000000702a00000, 0x0000000702a00000| Untracked 
|  22|0x0000000702c00000, 0x0000000702c00000, 0x0000000702e00000|  0%| F|  |TAMS 0x0000000702c00000, 0x0000000702c00000| Untracked 
|  23|0x0000000702e00000, 0x0000000703000000, 0x0000000703000000|100%| O|  |TAMS 0x0000000703000000, 0x0000000702e00000| Untracked 
|  24|0x0000000703000000, 0x0000000703200000, 0x0000000703200000|100%| O|  |TAMS 0x0000000703200000, 0x0000000703000000| Untracked 
|  25|0x0000000703200000, 0x0000000703400000, 0x0000000703400000|100%|HS|  |TAMS 0x0000000703200000, 0x0000000703200000| Complete 
|  26|0x0000000703400000, 0x0000000703600000, 0x0000000703600000|100%|HC|  |TAMS 0x0000000703400000, 0x0000000703400000| Complete 
|  27|0x0000000703600000, 0x0000000703800000, 0x0000000703800000|100%|HC|  |TAMS 0x0000000703600000, 0x0000000703600000| Complete 
|  28|0x0000000703800000, 0x0000000703a00000, 0x0000000703a00000|100%|HC|  |TAMS 0x0000000703800000, 0x0000000703800000| Complete 
|  29|0x0000000703a00000, 0x0000000703c00000, 0x0000000703c00000|100%|HS|  |TAMS 0x0000000703c00000, 0x0000000703a00000| Complete 
|  30|0x0000000703c00000, 0x0000000703e00000, 0x0000000703e00000|100%|HC|  |TAMS 0x0000000703e00000, 0x0000000703c00000| Complete 
|  31|0x0000000703e00000, 0x0000000704000000, 0x0000000704000000|100%|HC|  |TAMS 0x0000000704000000, 0x0000000703e00000| Complete 
|  32|0x0000000704000000, 0x0000000704200000, 0x0000000704200000|100%|HC|  |TAMS 0x0000000704200000, 0x0000000704000000| Complete 
|  33|0x0000000704200000, 0x0000000704400000, 0x0000000704400000|100%|HS|  |TAMS 0x0000000704400000, 0x0000000704200000| Complete 
|  34|0x0000000704400000, 0x0000000704600000, 0x0000000704600000|100%|HC|  |TAMS 0x0000000704600000, 0x0000000704400000| Complete 
|  35|0x0000000704600000, 0x0000000704800000, 0x0000000704800000|100%|HC|  |TAMS 0x0000000704800000, 0x0000000704600000| Complete 
|  36|0x0000000704800000, 0x0000000704a00000, 0x0000000704a00000|100%|HC|  |TAMS 0x0000000704a00000, 0x0000000704800000| Complete 
|  37|0x0000000704a00000, 0x0000000704c00000, 0x0000000704c00000|100%| O|  |TAMS 0x0000000704c00000, 0x0000000704a00000| Untracked 
|  38|0x0000000704c00000, 0x0000000704e00000, 0x0000000704e00000|100%| O|  |TAMS 0x0000000704e00000, 0x0000000704c00000| Untracked 
|  39|0x0000000704e00000, 0x0000000704e00000, 0x0000000705000000|  0%| F|  |TAMS 0x0000000704e00000, 0x0000000704e00000| Untracked 
|  40|0x0000000705000000, 0x0000000705000000, 0x0000000705200000|  0%| F|  |TAMS 0x0000000705000000, 0x0000000705000000| Untracked 
|  41|0x0000000705200000, 0x0000000705400000, 0x0000000705400000|100%| O|  |TAMS 0x0000000705400000, 0x0000000705200000| Untracked 
|  42|0x0000000705400000, 0x0000000705400000, 0x0000000705600000|  0%| F|  |TAMS 0x0000000705400000, 0x0000000705400000| Untracked 
|  43|0x0000000705600000, 0x0000000705600000, 0x0000000705800000|  0%| F|  |TAMS 0x0000000705600000, 0x0000000705600000| Untracked 
|  44|0x0000000705800000, 0x0000000705a00000, 0x0000000705a00000|100%|HS|  |TAMS 0x0000000705a00000, 0x0000000705800000| Complete 
|  45|0x0000000705a00000, 0x0000000705c00000, 0x0000000705c00000|100%|HC|  |TAMS 0x0000000705c00000, 0x0000000705a00000| Complete 
|  46|0x0000000705c00000, 0x0000000705e00000, 0x0000000705e00000|100%|HC|  |TAMS 0x0000000705e00000, 0x0000000705c00000| Complete 
|  47|0x0000000705e00000, 0x0000000706000000, 0x0000000706000000|100%|HC|  |TAMS 0x0000000706000000, 0x0000000705e00000| Complete 
|  48|0x0000000706000000, 0x0000000706200000, 0x0000000706200000|100%|HS|  |TAMS 0x0000000706000000, 0x0000000706000000| Complete 
|  49|0x0000000706200000, 0x0000000706400000, 0x0000000706400000|100%|HC|  |TAMS 0x0000000706200000, 0x0000000706200000| Complete 
|  50|0x0000000706400000, 0x0000000706600000, 0x0000000706600000|100%|HC|  |TAMS 0x0000000706400000, 0x0000000706400000| Complete 
|  51|0x0000000706600000, 0x0000000706800000, 0x0000000706800000|100%|HC|  |TAMS 0x0000000706600000, 0x0000000706600000| Complete 
|  52|0x0000000706800000, 0x0000000706800000, 0x0000000706a00000|  0%| F|  |TAMS 0x0000000706800000, 0x0000000706800000| Untracked 
|  53|0x0000000706a00000, 0x0000000706a00000, 0x0000000706c00000|  0%| F|  |TAMS 0x0000000706a00000, 0x0000000706a00000| Untracked 
|  54|0x0000000706c00000, 0x0000000706c00000, 0x0000000706e00000|  0%| F|  |TAMS 0x0000000706c00000, 0x0000000706c00000| Untracked 
|  55|0x0000000706e00000, 0x0000000707000000, 0x0000000707000000|100%|HS|  |TAMS 0x0000000707000000, 0x0000000706e00000| Complete 
|  56|0x0000000707000000, 0x0000000707200000, 0x0000000707200000|100%|HC|  |TAMS 0x0000000707200000, 0x0000000707000000| Complete 
|  57|0x0000000707200000, 0x0000000707400000, 0x0000000707400000|100%|HC|  |TAMS 0x0000000707400000, 0x0000000707200000| Complete 
|  58|0x0000000707400000, 0x0000000707600000, 0x0000000707600000|100%|HC|  |TAMS 0x0000000707600000, 0x0000000707400000| Complete 
|  59|0x0000000707600000, 0x0000000707600000, 0x0000000707800000|  0%| F|  |TAMS 0x0000000707600000, 0x0000000707600000| Untracked 
|  60|0x0000000707800000, 0x0000000707800000, 0x0000000707a00000|  0%| F|  |TAMS 0x0000000707800000, 0x0000000707800000| Untracked 
|  61|0x0000000707a00000, 0x0000000707a00000, 0x0000000707c00000|  0%| F|  |TAMS 0x0000000707a00000, 0x0000000707a00000| Untracked 
|  62|0x0000000707c00000, 0x0000000707c317d0, 0x0000000707e00000|  9%| S|CS|TAMS 0x0000000707c00000, 0x0000000707c00000| Complete 
|  63|0x0000000707e00000, 0x0000000707e00000, 0x0000000708000000|  0%| F|  |TAMS 0x0000000707e00000, 0x0000000707e00000| Untracked 
|  64|0x0000000708000000, 0x0000000708000000, 0x0000000708200000|  0%| F|  |TAMS 0x0000000708000000, 0x0000000708000000| Untracked 
|  65|0x0000000708200000, 0x0000000708200000, 0x0000000708400000|  0%| F|  |TAMS 0x0000000708200000, 0x0000000708200000| Untracked 
|  66|0x0000000708400000, 0x0000000708400000, 0x0000000708600000|  0%| F|  |TAMS 0x0000000708400000, 0x0000000708400000| Untracked 
|  67|0x0000000708600000, 0x0000000708600000, 0x0000000708800000|  0%| F|  |TAMS 0x0000000708600000, 0x0000000708600000| Untracked 
|  68|0x0000000708800000, 0x0000000708a00000, 0x0000000708a00000|100%|HS|  |TAMS 0x0000000708a00000, 0x0000000708800000| Complete 
|  69|0x0000000708a00000, 0x0000000708c00000, 0x0000000708c00000|100%|HC|  |TAMS 0x0000000708c00000, 0x0000000708a00000| Complete 
|  70|0x0000000708c00000, 0x0000000708e00000, 0x0000000708e00000|100%|HC|  |TAMS 0x0000000708e00000, 0x0000000708c00000| Complete 
|  71|0x0000000708e00000, 0x0000000709000000, 0x0000000709000000|100%|HC|  |TAMS 0x0000000709000000, 0x0000000708e00000| Complete 
|  72|0x0000000709000000, 0x0000000709000000, 0x0000000709200000|  0%| F|  |TAMS 0x0000000709000000, 0x0000000709000000| Untracked 
|  73|0x0000000709200000, 0x0000000709400000, 0x0000000709400000|100%| O|  |TAMS 0x00000007092dd200, 0x0000000709200000| Untracked 
|  74|0x0000000709400000, 0x0000000709400000, 0x0000000709600000|  0%| F|  |TAMS 0x0000000709400000, 0x0000000709400000| Untracked 
|  75|0x0000000709600000, 0x0000000709600000, 0x0000000709800000|  0%| F|  |TAMS 0x0000000709600000, 0x0000000709600000| Untracked 
|  76|0x0000000709800000, 0x0000000709800000, 0x0000000709a00000|  0%| F|  |TAMS 0x0000000709800000, 0x0000000709800000| Untracked 
|  77|0x0000000709a00000, 0x0000000709a00000, 0x0000000709c00000|  0%| F|  |TAMS 0x0000000709a00000, 0x0000000709a00000| Untracked 
|  78|0x0000000709c00000, 0x0000000709c00000, 0x0000000709e00000|  0%| F|  |TAMS 0x0000000709c00000, 0x0000000709c00000| Untracked 
|  79|0x0000000709e00000, 0x0000000709e00000, 0x000000070a000000|  0%| F|  |TAMS 0x0000000709e00000, 0x0000000709e00000| Untracked 
|  80|0x000000070a000000, 0x000000070a000000, 0x000000070a200000|  0%| F|  |TAMS 0x000000070a000000, 0x000000070a000000| Untracked 
|  81|0x000000070a200000, 0x000000070a200000, 0x000000070a400000|  0%| F|  |TAMS 0x000000070a200000, 0x000000070a200000| Untracked 
|  82|0x000000070a400000, 0x000000070a400000, 0x000000070a600000|  0%| F|  |TAMS 0x000000070a400000, 0x000000070a400000| Untracked 
|  83|0x000000070a600000, 0x000000070a600000, 0x000000070a800000|  0%| F|  |TAMS 0x000000070a600000, 0x000000070a600000| Untracked 
|  84|0x000000070a800000, 0x000000070a800000, 0x000000070aa00000|  0%| F|  |TAMS 0x000000070a800000, 0x000000070a800000| Untracked 
|  85|0x000000070aa00000, 0x000000070aa00000, 0x000000070ac00000|  0%| F|  |TAMS 0x000000070aa00000, 0x000000070aa00000| Untracked 
|  86|0x000000070ac00000, 0x000000070ac00000, 0x000000070ae00000|  0%| F|  |TAMS 0x000000070ac00000, 0x000000070ac00000| Untracked 
|  87|0x000000070ae00000, 0x000000070ae00000, 0x000000070b000000|  0%| F|  |TAMS 0x000000070ae00000, 0x000000070ae00000| Untracked 
|  88|0x000000070b000000, 0x000000070b000000, 0x000000070b200000|  0%| F|  |TAMS 0x000000070b000000, 0x000000070b000000| Untracked 
|  89|0x000000070b200000, 0x000000070b200000, 0x000000070b400000|  0%| F|  |TAMS 0x000000070b200000, 0x000000070b200000| Untracked 
|  90|0x000000070b400000, 0x000000070b400000, 0x000000070b600000|  0%| F|  |TAMS 0x000000070b400000, 0x000000070b400000| Untracked 
|  91|0x000000070b600000, 0x000000070b600000, 0x000000070b800000|  0%| F|  |TAMS 0x000000070b600000, 0x000000070b600000| Untracked 
|  92|0x000000070b800000, 0x000000070b800000, 0x000000070ba00000|  0%| F|  |TAMS 0x000000070b800000, 0x000000070b800000| Untracked 
|  93|0x000000070ba00000, 0x000000070ba00000, 0x000000070bc00000|  0%| F|  |TAMS 0x000000070ba00000, 0x000000070ba00000| Untracked 
|  94|0x000000070bc00000, 0x000000070bc00000, 0x000000070be00000|  0%| F|  |TAMS 0x000000070bc00000, 0x000000070bc00000| Untracked 
|  95|0x000000070be00000, 0x000000070be00000, 0x000000070c000000|  0%| F|  |TAMS 0x000000070be00000, 0x000000070be00000| Untracked 
|  96|0x000000070c000000, 0x000000070c000000, 0x000000070c200000|  0%| F|  |TAMS 0x000000070c000000, 0x000000070c000000| Untracked 
|  97|0x000000070c200000, 0x000000070c200000, 0x000000070c400000|  0%| F|  |TAMS 0x000000070c200000, 0x000000070c200000| Untracked 
|  98|0x000000070c400000, 0x000000070c400000, 0x000000070c600000|  0%| F|  |TAMS 0x000000070c400000, 0x000000070c400000| Untracked 
|  99|0x000000070c600000, 0x000000070c700800, 0x000000070c800000| 50%| E|  |TAMS 0x000000070c600000, 0x000000070c600000| Complete 
| 100|0x000000070c800000, 0x000000070ca00000, 0x000000070ca00000|100%| E|CS|TAMS 0x000000070c800000, 0x000000070c800000| Complete 
| 101|0x000000070ca00000, 0x000000070cc00000, 0x000000070cc00000|100%| E|CS|TAMS 0x000000070ca00000, 0x000000070ca00000| Complete 
| 102|0x000000070cc00000, 0x000000070ce00000, 0x000000070ce00000|100%| E|CS|TAMS 0x000000070cc00000, 0x000000070cc00000| Complete 
| 103|0x000000070ce00000, 0x000000070d000000, 0x000000070d000000|100%| E|CS|TAMS 0x000000070ce00000, 0x000000070ce00000| Complete 
| 104|0x000000070d000000, 0x000000070d200000, 0x000000070d200000|100%| E|CS|TAMS 0x000000070d000000, 0x000000070d000000| Complete 
| 105|0x000000070d200000, 0x000000070d400000, 0x000000070d400000|100%| E|CS|TAMS 0x000000070d200000, 0x000000070d200000| Complete 
| 106|0x000000070d400000, 0x000000070d600000, 0x000000070d600000|100%| E|CS|TAMS 0x000000070d400000, 0x000000070d400000| Complete 
| 107|0x000000070d600000, 0x000000070d800000, 0x000000070d800000|100%| E|CS|TAMS 0x000000070d600000, 0x000000070d600000| Complete 
| 108|0x000000070d800000, 0x000000070da00000, 0x000000070da00000|100%| E|CS|TAMS 0x000000070d800000, 0x000000070d800000| Complete 
| 109|0x000000070da00000, 0x000000070dc00000, 0x000000070dc00000|100%| E|CS|TAMS 0x000000070da00000, 0x000000070da00000| Complete 
| 110|0x000000070dc00000, 0x000000070de00000, 0x000000070de00000|100%| E|CS|TAMS 0x000000070dc00000, 0x000000070dc00000| Complete 
| 111|0x000000070de00000, 0x000000070e000000, 0x000000070e000000|100%| E|CS|TAMS 0x000000070de00000, 0x000000070de00000| Complete 
| 112|0x000000070e000000, 0x000000070e200000, 0x000000070e200000|100%| E|CS|TAMS 0x000000070e000000, 0x000000070e000000| Complete 
| 113|0x000000070e200000, 0x000000070e400000, 0x000000070e400000|100%| E|CS|TAMS 0x000000070e200000, 0x000000070e200000| Complete 
| 114|0x000000070e400000, 0x000000070e600000, 0x000000070e600000|100%| E|CS|TAMS 0x000000070e400000, 0x000000070e400000| Complete 
| 115|0x000000070e600000, 0x000000070e800000, 0x000000070e800000|100%| E|CS|TAMS 0x000000070e600000, 0x000000070e600000| Complete 
| 116|0x000000070e800000, 0x000000070ea00000, 0x000000070ea00000|100%| E|CS|TAMS 0x000000070e800000, 0x000000070e800000| Complete 
| 117|0x000000070ea00000, 0x000000070ec00000, 0x000000070ec00000|100%| E|CS|TAMS 0x000000070ea00000, 0x000000070ea00000| Complete 
| 118|0x000000070ec00000, 0x000000070ee00000, 0x000000070ee00000|100%| E|CS|TAMS 0x000000070ec00000, 0x000000070ec00000| Complete 
| 119|0x000000070ee00000, 0x000000070f000000, 0x000000070f000000|100%| E|CS|TAMS 0x000000070ee00000, 0x000000070ee00000| Complete 
| 120|0x000000070f000000, 0x000000070f200000, 0x000000070f200000|100%| E|CS|TAMS 0x000000070f000000, 0x000000070f000000| Complete 
| 121|0x000000070f200000, 0x000000070f400000, 0x000000070f400000|100%| E|CS|TAMS 0x000000070f200000, 0x000000070f200000| Complete 
| 122|0x000000070f400000, 0x000000070f600000, 0x000000070f600000|100%| E|CS|TAMS 0x000000070f400000, 0x000000070f400000| Complete 
| 123|0x000000070f600000, 0x000000070f800000, 0x000000070f800000|100%| E|CS|TAMS 0x000000070f600000, 0x000000070f600000| Complete 
| 124|0x000000070f800000, 0x000000070fa00000, 0x000000070fa00000|100%| E|CS|TAMS 0x000000070f800000, 0x000000070f800000| Complete 
| 125|0x000000070fa00000, 0x000000070fc00000, 0x000000070fc00000|100%| E|CS|TAMS 0x000000070fa00000, 0x000000070fa00000| Complete 
| 126|0x000000070fc00000, 0x000000070fe00000, 0x000000070fe00000|100%| E|CS|TAMS 0x000000070fc00000, 0x000000070fc00000| Complete 
| 127|0x000000070fe00000, 0x0000000710000000, 0x0000000710000000|100%| E|CS|TAMS 0x000000070fe00000, 0x000000070fe00000| Complete 
| 128|0x0000000710000000, 0x0000000710200000, 0x0000000710200000|100%| E|CS|TAMS 0x0000000710000000, 0x0000000710000000| Complete 
| 129|0x0000000710200000, 0x0000000710400000, 0x0000000710400000|100%| E|CS|TAMS 0x0000000710200000, 0x0000000710200000| Complete 
| 130|0x0000000710400000, 0x0000000710600000, 0x0000000710600000|100%| E|CS|TAMS 0x0000000710400000, 0x0000000710400000| Complete 
| 131|0x0000000710600000, 0x0000000710800000, 0x0000000710800000|100%| E|CS|TAMS 0x0000000710600000, 0x0000000710600000| Complete 
| 132|0x0000000710800000, 0x0000000710a00000, 0x0000000710a00000|100%| E|CS|TAMS 0x0000000710800000, 0x0000000710800000| Complete 
| 133|0x0000000710a00000, 0x0000000710c00000, 0x0000000710c00000|100%| E|CS|TAMS 0x0000000710a00000, 0x0000000710a00000| Complete 
| 134|0x0000000710c00000, 0x0000000710e00000, 0x0000000710e00000|100%| E|CS|TAMS 0x0000000710c00000, 0x0000000710c00000| Complete 
| 135|0x0000000710e00000, 0x0000000711000000, 0x0000000711000000|100%| E|CS|TAMS 0x0000000710e00000, 0x0000000710e00000| Complete 
| 136|0x0000000711000000, 0x0000000711200000, 0x0000000711200000|100%| E|CS|TAMS 0x0000000711000000, 0x0000000711000000| Complete 
| 137|0x0000000711200000, 0x0000000711400000, 0x0000000711400000|100%| E|CS|TAMS 0x0000000711200000, 0x0000000711200000| Complete 
| 138|0x0000000711400000, 0x0000000711600000, 0x0000000711600000|100%| E|CS|TAMS 0x0000000711400000, 0x0000000711400000| Complete 
| 139|0x0000000711600000, 0x0000000711800000, 0x0000000711800000|100%| E|CS|TAMS 0x0000000711600000, 0x0000000711600000| Complete 
| 140|0x0000000711800000, 0x0000000711a00000, 0x0000000711a00000|100%| E|CS|TAMS 0x0000000711800000, 0x0000000711800000| Complete 
| 141|0x0000000711a00000, 0x0000000711c00000, 0x0000000711c00000|100%| E|CS|TAMS 0x0000000711a00000, 0x0000000711a00000| Complete 
| 142|0x0000000711c00000, 0x0000000711e00000, 0x0000000711e00000|100%| E|CS|TAMS 0x0000000711c00000, 0x0000000711c00000| Complete 
| 143|0x0000000711e00000, 0x0000000712000000, 0x0000000712000000|100%| E|CS|TAMS 0x0000000711e00000, 0x0000000711e00000| Complete 
| 144|0x0000000712000000, 0x0000000712200000, 0x0000000712200000|100%| E|CS|TAMS 0x0000000712000000, 0x0000000712000000| Complete 
| 145|0x0000000712200000, 0x0000000712400000, 0x0000000712400000|100%| E|CS|TAMS 0x0000000712200000, 0x0000000712200000| Complete 
| 146|0x0000000712400000, 0x0000000712600000, 0x0000000712600000|100%| E|CS|TAMS 0x0000000712400000, 0x0000000712400000| Complete 
| 147|0x0000000712600000, 0x0000000712800000, 0x0000000712800000|100%| E|CS|TAMS 0x0000000712600000, 0x0000000712600000| Complete 
| 148|0x0000000712800000, 0x0000000712a00000, 0x0000000712a00000|100%|HS|  |TAMS 0x0000000712a00000, 0x0000000712800000| Complete 
| 149|0x0000000712a00000, 0x0000000712c00000, 0x0000000712c00000|100%|HC|  |TAMS 0x0000000712c00000, 0x0000000712a00000| Complete 
| 150|0x0000000712c00000, 0x0000000712e00000, 0x0000000712e00000|100%|HC|  |TAMS 0x0000000712e00000, 0x0000000712c00000| Complete 
| 151|0x0000000712e00000, 0x0000000713000000, 0x0000000713000000|100%|HC|  |TAMS 0x0000000713000000, 0x0000000712e00000| Complete 
| 152|0x0000000713000000, 0x0000000713200000, 0x0000000713200000|100%| E|CS|TAMS 0x0000000713000000, 0x0000000713000000| Complete 
| 153|0x0000000713200000, 0x0000000713400000, 0x0000000713400000|100%| E|CS|TAMS 0x0000000713200000, 0x0000000713200000| Complete 
| 154|0x0000000713400000, 0x0000000713600000, 0x0000000713600000|100%| E|CS|TAMS 0x0000000713400000, 0x0000000713400000| Complete 
| 155|0x0000000713600000, 0x0000000713800000, 0x0000000713800000|100%| E|CS|TAMS 0x0000000713600000, 0x0000000713600000| Complete 
| 156|0x0000000713800000, 0x0000000713a00000, 0x0000000713a00000|100%| E|CS|TAMS 0x0000000713800000, 0x0000000713800000| Complete 
| 157|0x0000000713a00000, 0x0000000713c00000, 0x0000000713c00000|100%| E|CS|TAMS 0x0000000713a00000, 0x0000000713a00000| Complete 
| 158|0x0000000713c00000, 0x0000000713e00000, 0x0000000713e00000|100%| E|CS|TAMS 0x0000000713c00000, 0x0000000713c00000| Complete 
| 159|0x0000000713e00000, 0x0000000714000000, 0x0000000714000000|100%| E|CS|TAMS 0x0000000713e00000, 0x0000000713e00000| Complete 
| 160|0x0000000714000000, 0x0000000714200000, 0x0000000714200000|100%| E|CS|TAMS 0x0000000714000000, 0x0000000714000000| Complete 
| 161|0x0000000714200000, 0x0000000714400000, 0x0000000714400000|100%| E|CS|TAMS 0x0000000714200000, 0x0000000714200000| Complete 
| 162|0x0000000714400000, 0x0000000714600000, 0x0000000714600000|100%| E|CS|TAMS 0x0000000714400000, 0x0000000714400000| Complete 
| 163|0x0000000714600000, 0x0000000714800000, 0x0000000714800000|100%| E|CS|TAMS 0x0000000714600000, 0x0000000714600000| Complete 
| 164|0x0000000714800000, 0x0000000714a00000, 0x0000000714a00000|100%| E|CS|TAMS 0x0000000714800000, 0x0000000714800000| Complete 
| 165|0x0000000714a00000, 0x0000000714c00000, 0x0000000714c00000|100%| E|CS|TAMS 0x0000000714a00000, 0x0000000714a00000| Complete 
| 166|0x0000000714c00000, 0x0000000714e00000, 0x0000000714e00000|100%| E|CS|TAMS 0x0000000714c00000, 0x0000000714c00000| Complete 
| 167|0x0000000714e00000, 0x0000000715000000, 0x0000000715000000|100%| E|CS|TAMS 0x0000000714e00000, 0x0000000714e00000| Complete 
| 168|0x0000000715000000, 0x0000000715200000, 0x0000000715200000|100%| E|CS|TAMS 0x0000000715000000, 0x0000000715000000| Complete 
| 169|0x0000000715200000, 0x0000000715400000, 0x0000000715400000|100%| E|CS|TAMS 0x0000000715200000, 0x0000000715200000| Complete 
| 170|0x0000000715400000, 0x0000000715600000, 0x0000000715600000|100%| E|CS|TAMS 0x0000000715400000, 0x0000000715400000| Complete 
| 171|0x0000000715600000, 0x0000000715800000, 0x0000000715800000|100%| E|CS|TAMS 0x0000000715600000, 0x0000000715600000| Complete 
| 172|0x0000000715800000, 0x0000000715a00000, 0x0000000715a00000|100%| E|CS|TAMS 0x0000000715800000, 0x0000000715800000| Complete 
| 173|0x0000000715a00000, 0x0000000715c00000, 0x0000000715c00000|100%| E|CS|TAMS 0x0000000715a00000, 0x0000000715a00000| Complete 
| 174|0x0000000715c00000, 0x0000000715e00000, 0x0000000715e00000|100%| E|CS|TAMS 0x0000000715c00000, 0x0000000715c00000| Complete 
| 175|0x0000000715e00000, 0x0000000716000000, 0x0000000716000000|100%| E|CS|TAMS 0x0000000715e00000, 0x0000000715e00000| Complete 
| 176|0x0000000716000000, 0x0000000716200000, 0x0000000716200000|100%| E|CS|TAMS 0x0000000716000000, 0x0000000716000000| Complete 
| 177|0x0000000716200000, 0x0000000716400000, 0x0000000716400000|100%| E|CS|TAMS 0x0000000716200000, 0x0000000716200000| Complete 
| 178|0x0000000716400000, 0x0000000716600000, 0x0000000716600000|100%| E|CS|TAMS 0x0000000716400000, 0x0000000716400000| Complete 
| 179|0x0000000716600000, 0x0000000716800000, 0x0000000716800000|100%| E|CS|TAMS 0x0000000716600000, 0x0000000716600000| Complete 
| 180|0x0000000716800000, 0x0000000716a00000, 0x0000000716a00000|100%| E|CS|TAMS 0x0000000716800000, 0x0000000716800000| Complete 
| 181|0x0000000716a00000, 0x0000000716c00000, 0x0000000716c00000|100%| E|CS|TAMS 0x0000000716a00000, 0x0000000716a00000| Complete 
| 182|0x0000000716c00000, 0x0000000716e00000, 0x0000000716e00000|100%| E|CS|TAMS 0x0000000716c00000, 0x0000000716c00000| Complete 
|1534|0x00000007bfc00000, 0x00000007bfd51000, 0x00000007bfe00000| 65%|OA|  |TAMS 0x00000007bfd51000, 0x00000007bfc00000| Untracked 
|1535|0x00000007bfe00000, 0x00000007bfe79000, 0x00000007c0000000| 23%|CA|  |TAMS 0x00000007bfe79000, 0x00000007bfe00000| Untracked 

Card table byte_map: [0x000000012771d000,0x0000000127f1d000] _byte_map_base: 0x0000000123f1d000

Marking Bits (Prev, Next): (CMBitMap*) 0x00007f8c63822450, (CMBitMap*) 0x00007f8c63822410
 Prev Bits: [0x000000012c71d000, 0x000000013071d000)
 Next Bits: [0x000000012871d000, 0x000000012c71d000)

Polling page: 0x0000000100c87000

Metaspace:

Usage:
  Non-class:     20.67 MB capacity,    20.55 MB (>99%) used,    92.66 KB ( <1%) free+waste,    37.94 KB ( <1%) overhead. 
      Class:      2.85 MB capacity,     2.72 MB ( 95%) used,   116.94 KB (  4%) free+waste,    14.75 KB ( <1%) overhead. 
       Both:     23.53 MB capacity,    23.27 MB ( 99%) used,   209.60 KB ( <1%) free+waste,    52.69 KB ( <1%) overhead. 

Virtual space:
  Non-class space:       22.00 MB reserved,      21.00 MB ( 95%) committed 
      Class space:        1.00 GB reserved,       2.88 MB ( <1%) committed 
             Both:        1.02 GB reserved,      23.88 MB (  2%) committed 

Chunk freelists:
   Non-Class:  95.00 KB
       Class:  22.00 KB
        Both:  117.00 KB

MaxMetaspaceSize: 17179869184.00 GB
CompressedClassSpaceSize: 1.00 GB

CodeHeap 'non-profiled nmethods': size=120028Kb used=3831Kb max_used=3831Kb free=116196Kb
 bounds [0x000000011f810000, 0x000000011fbd0000, 0x0000000126d47000]
CodeHeap 'profiled nmethods': size=120028Kb used=9912Kb max_used=10343Kb free=110115Kb
 bounds [0x00000001182d9000, 0x0000000118d19000, 0x000000011f810000]
CodeHeap 'non-nmethods': size=5704Kb used=1568Kb max_used=1627Kb free=4135Kb
 bounds [0x0000000117d47000, 0x0000000117fb7000, 0x00000001182d9000]
 total_blobs=6088 nmethods=5148 adapters=851
 compilation: enabled
              stopped_count=0, restarted_count=0
 full_count=0

Compilation events (20 events):
Event: 73.552 Thread 0x00007f8c638d4200 5972       3       javafx.scene.paint.Color::checkSB (53 bytes)
Event: 73.554 Thread 0x00007f8c638d4200 nmethod 5972 0x00000001187d9f10 code [0x00000001187da120, 0x00000001187da5d0]
Event: 73.554 Thread 0x00007f8c638d4200 5973       3       com.sun.javafx.util.Utils::HSBtoRGB (257 bytes)
Event: 73.554 Thread 0x00007f8c638d4200 nmethod 5973 0x00000001187d9490 code [0x00000001187d9700, 0x00000001187d9cd0]
Event: 73.575 Thread 0x00007f8c61019000 5974       4       com.sun.marlin.DRenderer::copyAARow (100 bytes)
Event: 73.576 Thread 0x00007f8c61019000 nmethod 5974 0x000000011fbcd790 code [0x000000011fbcd920, 0x000000011fbcda98]
Event: 73.958 Thread 0x00007f8c638d4200 5976       3       com.sun.javafx.css.BitSet::remove (171 bytes)
Event: 73.959 Thread 0x00007f8c638d4200 nmethod 5976 0x00000001187d8710 code [0x00000001187d8920, 0x00000001187d91d0]
Event: 73.960 Thread 0x00007f8c638d4200 5975       3       com.sun.javafx.css.PseudoClassState::remove (6 bytes)
Event: 73.960 Thread 0x00007f8c638d4200 nmethod 5975 0x00000001188b2a10 code [0x00000001188b2ba0, 0x00000001188b2cc0]
Event: 73.986 Thread 0x00007f8c638d4200 5977       3       javafx.css.converter.DeriveColorConverter::convert (7 bytes)
Event: 73.986 Thread 0x00007f8c638d4200 nmethod 5977 0x000000011833e710 code [0x000000011833e8a0, 0x000000011833e9c0]
Event: 73.986 Thread 0x00007f8c638d4200 5978       3       javafx.css.converter.DeriveColorConverter::convert (44 bytes)
Event: 73.987 Thread 0x00007f8c638d4200 nmethod 5978 0x00000001187d7b90 code [0x00000001187d7dc0, 0x00000001187d84b0]
Event: 73.987 Thread 0x00007f8c638d4200 5979       3       javafx.css.SizeUnits$9::pixels (2 bytes)
Event: 73.987 Thread 0x00007f8c638d4200 nmethod 5979 0x00000001188d5f10 code [0x00000001188d60a0, 0x00000001188d6190]
Event: 73.987 Thread 0x00007f8c638d4200 5980       3       java.lang.Enum::hashCode (5 bytes)
Event: 73.987 Thread 0x00007f8c638d4200 nmethod 5980 0x00000001187d7590 code [0x00000001187d7720, 0x00000001187d7840]
Event: 73.988 Thread 0x00007f8c638d4200 5981       3       com.sun.javafx.css.CalculatedValue::<init> (20 bytes)
Event: 73.988 Thread 0x00007f8c638d4200 nmethod 5981 0x0000000118778510 code [0x00000001187786a0, 0x00000001187788d0]

GC Heap History (20 events):
Event: 66.770 GC heap before
{Heap before GC invocations=81 (full 0):
 garbage-first heap   total 315392K, used 262260K [0x0000000700000000, 0x0000000800000000)
  region size 2048K, 86 young (176128K), 1 survivors (2048K)
 Metaspace       used 23676K, capacity 23963K, committed 24192K, reserved 1071104K
  class space    used 2784K, capacity 2922K, committed 2944K, reserved 1048576K
}
Event: 66.770 GC heap after
{Heap after GC invocations=82 (full 0):
 garbage-first heap   total 315392K, used 88203K [0x0000000700000000, 0x0000000800000000)
  region size 2048K, 1 young (2048K), 1 survivors (2048K)
 Metaspace       used 23676K, capacity 23963K, committed 24192K, reserved 1071104K
  class space    used 2784K, capacity 2922K, committed 2944K, reserved 1048576K
}
Event: 66.833 GC heap before
{Heap before GC invocations=82 (full 0):
 garbage-first heap   total 315392K, used 272523K [0x0000000700000000, 0x0000000800000000)
  region size 2048K, 87 young (178176K), 1 survivors (2048K)
 Metaspace       used 23676K, capacity 23963K, committed 24192K, reserved 1071104K
  class space    used 2784K, capacity 2922K, committed 2944K, reserved 1048576K
}
Event: 66.833 GC heap after
{Heap after GC invocations=83 (full 0):
 garbage-first heap   total 315392K, used 96416K [0x0000000700000000, 0x0000000800000000)
  region size 2048K, 1 young (2048K), 1 survivors (2048K)
 Metaspace       used 23676K, capacity 23963K, committed 24192K, reserved 1071104K
  class space    used 2784K, capacity 2922K, committed 2944K, reserved 1048576K
}
Event: 66.868 GC heap before
{Heap before GC invocations=83 (full 0):
 garbage-first heap   total 315392K, used 268448K [0x0000000700000000, 0x0000000800000000)
  region size 2048K, 85 young (174080K), 1 survivors (2048K)
 Metaspace       used 23676K, capacity 23963K, committed 24192K, reserved 1071104K
  class space    used 2784K, capacity 2922K, committed 2944K, reserved 1048576K
}
Event: 66.869 GC heap after
{Heap after GC invocations=84 (full 0):
 garbage-first heap   total 315392K, used 96386K [0x0000000700000000, 0x0000000800000000)
  region size 2048K, 1 young (2048K), 1 survivors (2048K)
 Metaspace       used 23676K, capacity 23963K, committed 24192K, reserved 1071104K
  class space    used 2784K, capacity 2922K, committed 2944K, reserved 1048576K
}
Event: 66.901 GC heap before
{Heap before GC invocations=84 (full 0):
 garbage-first heap   total 315392K, used 268418K [0x0000000700000000, 0x0000000800000000)
  region size 2048K, 85 young (174080K), 1 survivors (2048K)
 Metaspace       used 23676K, capacity 23963K, committed 24192K, reserved 1071104K
  class space    used 2784K, capacity 2922K, committed 2944K, reserved 1048576K
}
Event: 66.902 GC heap after
{Heap after GC invocations=85 (full 0):
 garbage-first heap   total 315392K, used 96404K [0x0000000700000000, 0x0000000800000000)
  region size 2048K, 1 young (2048K), 1 survivors (2048K)
 Metaspace       used 23676K, capacity 23963K, committed 24192K, reserved 1071104K
  class space    used 2784K, capacity 2922K, committed 2944K, reserved 1048576K
}
Event: 66.938 GC heap before
{Heap before GC invocations=85 (full 0):
 garbage-first heap   total 315392K, used 270484K [0x0000000700000000, 0x0000000800000000)
  region size 2048K, 86 young (176128K), 1 survivors (2048K)
 Metaspace       used 23676K, capacity 23963K, committed 24192K, reserved 1071104K
  class space    used 2784K, capacity 2922K, committed 2944K, reserved 1048576K
}
Event: 66.939 GC heap after
{Heap after GC invocations=86 (full 0):
 garbage-first heap   total 315392K, used 96398K [0x0000000700000000, 0x0000000800000000)
  region size 2048K, 1 young (2048K), 1 survivors (2048K)
 Metaspace       used 23676K, capacity 23963K, committed 24192K, reserved 1071104K
  class space    used 2784K, capacity 2922K, committed 2944K, reserved 1048576K
}
Event: 66.973 GC heap before
{Heap before GC invocations=86 (full 0):
 garbage-first heap   total 315392K, used 270478K [0x0000000700000000, 0x0000000800000000)
  region size 2048K, 86 young (176128K), 1 survivors (2048K)
 Metaspace       used 23676K, capacity 23963K, committed 24192K, reserved 1071104K
  class space    used 2784K, capacity 2922K, committed 2944K, reserved 1048576K
}
Event: 66.973 GC heap after
{Heap after GC invocations=87 (full 0):
 garbage-first heap   total 315392K, used 96392K [0x0000000700000000, 0x0000000800000000)
  region size 2048K, 1 young (2048K), 1 survivors (2048K)
 Metaspace       used 23676K, capacity 23963K, committed 24192K, reserved 1071104K
  class space    used 2784K, capacity 2922K, committed 2944K, reserved 1048576K
}
Event: 67.021 GC heap before
{Heap before GC invocations=87 (full 0):
 garbage-first heap   total 315392K, used 280712K [0x0000000700000000, 0x0000000800000000)
  region size 2048K, 87 young (178176K), 1 survivors (2048K)
 Metaspace       used 23676K, capacity 23963K, committed 24192K, reserved 1071104K
  class space    used 2784K, capacity 2922K, committed 2944K, reserved 1048576K
}
Event: 67.022 GC heap after
{Heap after GC invocations=88 (full 0):
 garbage-first heap   total 315392K, used 104621K [0x0000000700000000, 0x0000000800000000)
  region size 2048K, 1 young (2048K), 1 survivors (2048K)
 Metaspace       used 23676K, capacity 23963K, committed 24192K, reserved 1071104K
  class space    used 2784K, capacity 2922K, committed 2944K, reserved 1048576K
}
Event: 67.054 GC heap before
{Heap before GC invocations=88 (full 0):
 garbage-first heap   total 315392K, used 272557K [0x0000000700000000, 0x0000000800000000)
  region size 2048K, 83 young (169984K), 1 survivors (2048K)
 Metaspace       used 23676K, capacity 23963K, committed 24192K, reserved 1071104K
  class space    used 2784K, capacity 2922K, committed 2944K, reserved 1048576K
}
Event: 67.055 GC heap after
{Heap after GC invocations=89 (full 0):
 garbage-first heap   total 378880K, used 104585K [0x0000000700000000, 0x0000000800000000)
  region size 2048K, 1 young (2048K), 1 survivors (2048K)
 Metaspace       used 23676K, capacity 23963K, committed 24192K, reserved 1071104K
  class space    used 2784K, capacity 2922K, committed 2944K, reserved 1048576K
}
Event: 67.112 GC heap before
{Heap before GC invocations=89 (full 0):
 garbage-first heap   total 378880K, used 327817K [0x0000000700000000, 0x0000000800000000)
  region size 2048K, 110 young (225280K), 1 survivors (2048K)
 Metaspace       used 23676K, capacity 23963K, committed 24192K, reserved 1071104K
  class space    used 2784K, capacity 2922K, committed 2944K, reserved 1048576K
}
Event: 67.113 GC heap after
{Heap after GC invocations=90 (full 0):
 garbage-first heap   total 378880K, used 104596K [0x0000000700000000, 0x0000000800000000)
  region size 2048K, 1 young (2048K), 1 survivors (2048K)
 Metaspace       used 23676K, capacity 23963K, committed 24192K, reserved 1071104K
  class space    used 2784K, capacity 2922K, committed 2944K, reserved 1048576K
}
Event: 67.164 GC heap before
{Heap before GC invocations=90 (full 0):
 garbage-first heap   total 378880K, used 329876K [0x0000000700000000, 0x0000000800000000)
  region size 2048K, 111 young (227328K), 1 survivors (2048K)
 Metaspace       used 23676K, capacity 23963K, committed 24192K, reserved 1071104K
  class space    used 2784K, capacity 2922K, committed 2944K, reserved 1048576K
}
Event: 67.164 GC heap after
{Heap after GC invocations=91 (full 0):
 garbage-first heap   total 378880K, used 104627K [0x0000000700000000, 0x0000000800000000)
  region size 2048K, 1 young (2048K), 1 survivors (2048K)
 Metaspace       used 23676K, capacity 23963K, committed 24192K, reserved 1071104K
  class space    used 2784K, capacity 2922K, committed 2944K, reserved 1048576K
}

Deoptimization events (20 events):
Event: 74.498 Thread 0x00007f8c63ffd800 Uncommon trap: trap_request=0xffffffde fr.pc=0x000000011fb68a3c relative=0x000000000000061c
Event: 74.498 Thread 0x00007f8c63ffd800 Uncommon trap: reason=class_check action=maybe_recompile pc=0x000000011fb68a3c method=com.sun.javafx.event.EventHandlerManager.dispatchCapturingEvent(Ljavafx/event/Event;)Ljavafx/event/Event; @ 1 c2
Event: 74.498 Thread 0x00007f8c63ffd800 DEOPT PACKING pc=0x000000011fb68a3c sp=0x0000000305a08490
Event: 74.498 Thread 0x00007f8c63ffd800 DEOPT UNPACKING pc=0x0000000117d94e1f sp=0x0000000305a08458 mode 2
Event: 74.498 Thread 0x00007f8c63ffd800 Uncommon trap: trap_request=0xffffffde fr.pc=0x000000011fb6e1e8 relative=0x0000000000000b68
Event: 74.498 Thread 0x00007f8c63ffd800 Uncommon trap: reason=class_check action=maybe_recompile pc=0x000000011fb6e1e8 method=com.sun.javafx.event.EventHandlerManager.dispatchBubblingEvent(Ljavafx/event/Event;)Ljavafx/event/Event; @ 1 c2
Event: 74.498 Thread 0x00007f8c63ffd800 DEOPT PACKING pc=0x000000011fb6e1e8 sp=0x0000000305a08440
Event: 74.498 Thread 0x00007f8c63ffd800 DEOPT UNPACKING pc=0x0000000117d94e1f sp=0x0000000305a08428 mode 2
Event: 74.504 Thread 0x00007f8c63ffd800 Uncommon trap: trap_request=0xffffffc6 fr.pc=0x000000011f8f5dfc relative=0x00000000000001dc
Event: 74.504 Thread 0x00007f8c63ffd800 Uncommon trap: reason=bimorphic_or_optimized_type_check action=maybe_recompile pc=0x000000011f8f5dfc method=com.sun.javafx.binding.ExpressionHelper.fireValueChangedEvent(Lcom/sun/javafx/binding/ExpressionHelper;)V @ 5 c2
Event: 74.504 Thread 0x00007f8c63ffd800 DEOPT PACKING pc=0x000000011f8f5dfc sp=0x0000000305a05f40
Event: 74.504 Thread 0x00007f8c63ffd800 DEOPT UNPACKING pc=0x0000000117d94e1f sp=0x0000000305a05f00 mode 2
Event: 74.531 Thread 0x00007f8c63760200 Uncommon trap: trap_request=0xffffffdc fr.pc=0x000000011fae392c relative=0x000000000000028c
Event: 74.531 Thread 0x00007f8c63760200 Uncommon trap: reason=class_check action=make_not_entrant pc=0x000000011fae392c method=java.util.ArrayList.toArray([Ljava/lang/Object;)[Ljava/lang/Object; @ 21 c2
Event: 74.531 Thread 0x00007f8c63760200 DEOPT PACKING pc=0x000000011fae392c sp=0x000000030801bfa0
Event: 74.531 Thread 0x00007f8c63760200 DEOPT UNPACKING pc=0x0000000117d94e1f sp=0x000000030801bf60 mode 2
Event: 74.569 Thread 0x00007f8c63ffd800 Uncommon trap: trap_request=0xffffff45 fr.pc=0x000000011fb7a978 relative=0x00000000000000f8
Event: 74.569 Thread 0x00007f8c63ffd800 Uncommon trap: reason=unstable_if action=reinterpret pc=0x000000011fb7a978 method=java.util.Collections.unmodifiableList(Ljava/util/List;)Ljava/util/List; @ 4 c2
Event: 74.569 Thread 0x00007f8c63ffd800 DEOPT PACKING pc=0x000000011fb7a978 sp=0x0000000305a08120
Event: 74.569 Thread 0x00007f8c63ffd800 DEOPT UNPACKING pc=0x0000000117d94e1f sp=0x0000000305a080d0 mode 2

Classes unloaded (0 events):
No events

Classes redefined (0 events):
No events

Internal exceptions (20 events):
Event: 67.230 Thread 0x00007f8c63ffd800 Exception <a 'java/io/FileNotFoundException'{0x000000070cee41e8}> (0x000000070cee41e8) 
thrown [./src/hotspot/share/prims/jni.cpp, line 578]
Event: 67.230 Thread 0x00007f8c63ffd800 Exception <a 'java/io/FileNotFoundException'{0x000000070cefa9b0}> (0x000000070cefa9b0) 
thrown [./src/hotspot/share/prims/jni.cpp, line 578]
Event: 67.230 Thread 0x00007f8c63ffd800 Exception <a 'java/io/FileNotFoundException'{0x000000070cf00f68}> (0x000000070cf00f68) 
thrown [./src/hotspot/share/prims/jni.cpp, line 578]
Event: 67.231 Thread 0x00007f8c63ffd800 Exception <a 'java/io/FileNotFoundException'{0x000000070cf282d0}> (0x000000070cf282d0) 
thrown [./src/hotspot/share/prims/jni.cpp, line 578]
Event: 67.231 Thread 0x00007f8c63ffd800 Exception <a 'java/io/FileNotFoundException'{0x000000070cf3eeb0}> (0x000000070cf3eeb0) 
thrown [./src/hotspot/share/prims/jni.cpp, line 578]
Event: 67.231 Thread 0x00007f8c63ffd800 Exception <a 'java/io/FileNotFoundException'{0x000000070cf55a90}> (0x000000070cf55a90) 
thrown [./src/hotspot/share/prims/jni.cpp, line 578]
Event: 67.231 Thread 0x00007f8c63ffd800 Exception <a 'java/io/FileNotFoundException'{0x000000070cf6c258}> (0x000000070cf6c258) 
thrown [./src/hotspot/share/prims/jni.cpp, line 578]
Event: 67.231 Thread 0x00007f8c63ffd800 Exception <a 'java/io/FileNotFoundException'{0x000000070cf832c8}> (0x000000070cf832c8) 
thrown [./src/hotspot/share/prims/jni.cpp, line 578]
Event: 67.232 Thread 0x00007f8c63ffd800 Exception <a 'java/io/FileNotFoundException'{0x000000070cf99ea8}> (0x000000070cf99ea8) 
thrown [./src/hotspot/share/prims/jni.cpp, line 578]
Event: 67.232 Thread 0x00007f8c63ffd800 Exception <a 'java/io/FileNotFoundException'{0x000000070cfb0a88}> (0x000000070cfb0a88) 
thrown [./src/hotspot/share/prims/jni.cpp, line 578]
Event: 67.232 Thread 0x00007f8c63ffd800 Exception <a 'java/io/FileNotFoundException'{0x000000070cfc7870}> (0x000000070cfc7870) 
thrown [./src/hotspot/share/prims/jni.cpp, line 578]
Event: 67.232 Thread 0x00007f8c63ffd800 Exception <a 'java/io/FileNotFoundException'{0x000000070cfde658}> (0x000000070cfde658) 
thrown [./src/hotspot/share/prims/jni.cpp, line 578]
Event: 67.232 Thread 0x00007f8c63ffd800 Exception <a 'java/io/FileNotFoundException'{0x000000070cff5440}> (0x000000070cff5440) 
thrown [./src/hotspot/share/prims/jni.cpp, line 578]
Event: 67.232 Thread 0x00007f8c63ffd800 Exception <a 'java/io/FileNotFoundException'{0x000000070cffbc90}> (0x000000070cffbc90) 
thrown [./src/hotspot/share/prims/jni.cpp, line 578]
Event: 67.233 Thread 0x00007f8c63ffd800 Exception <a 'java/io/FileNotFoundException'{0x000000070cc23db8}> (0x000000070cc23db8) 
thrown [./src/hotspot/share/prims/jni.cpp, line 578]
Event: 67.233 Thread 0x00007f8c63ffd800 Exception <a 'java/io/FileNotFoundException'{0x000000070cc3aba0}> (0x000000070cc3aba0) 
thrown [./src/hotspot/share/prims/jni.cpp, line 578]
Event: 67.233 Thread 0x00007f8c63ffd800 Exception <a 'java/io/FileNotFoundException'{0x000000070cc51988}> (0x000000070cc51988) 
thrown [./src/hotspot/share/prims/jni.cpp, line 578]
Event: 67.233 Thread 0x00007f8c63ffd800 Exception <a 'java/io/FileNotFoundException'{0x000000070cc68770}> (0x000000070cc68770) 
thrown [./src/hotspot/share/prims/jni.cpp, line 578]
Event: 67.233 Thread 0x00007f8c63ffd800 Exception <a 'java/io/FileNotFoundException'{0x000000070cc7f558}> (0x000000070cc7f558) 
thrown [./src/hotspot/share/prims/jni.cpp, line 578]
Event: 67.234 Thread 0x00007f8c63ffd800 Exception <a 'java/io/FileNotFoundException'{0x000000070cc961b0}> (0x000000070cc961b0) 
thrown [./src/hotspot/share/prims/jni.cpp, line 578]

Events (20 events):
Event: 73.835 Protecting memory [0x0000000306acd000,0x0000000306ad1000] with protection modes 3
Event: 73.835 Thread 0x00007f8c638d5800 Thread exited: 0x00007f8c638d5800
Event: 73.984 Protecting memory [0x0000000306acd000,0x0000000306ad1000] with protection modes 0
Event: 73.985 Thread 0x00007f8c638d5800 Thread added: 0x00007f8c638d5800
Event: 74.199 Executing VM operation: HandshakeAllThreads
Event: 74.199 Executing VM operation: HandshakeAllThreads done
Event: 74.268 Protecting memory [0x0000000306acd000,0x0000000306ad1000] with protection modes 3
Event: 74.268 Thread 0x00007f8c638d5800 Thread exited: 0x00007f8c638d5800
Event: 74.530 Protecting memory [0x0000000306acd000,0x0000000306ad1000] with protection modes 0
Event: 74.530 Thread 0x00007f8c62102800 Thread added: 0x00007f8c62102800
Event: 74.566 Protecting memory [0x00000003073fd000,0x0000000307401000] with protection modes 3
Event: 74.566 Thread 0x00007f8c6373ba00 Thread exited: 0x00007f8c6373ba00
Event: 74.569 Protecting memory [0x0000000305a90000,0x0000000305a94000] with protection modes 3
Event: 74.569 Thread 0x00007f8c6100dc00 Thread exited: 0x00007f8c6100dc00
Event: 74.573 Protecting memory [0x0000000305a90000,0x0000000305a94000] with protection modes 0
Event: 74.573 Thread 0x00007f8c620fe200 Thread added: 0x00007f8c620fe200
Event: 74.577 Protecting memory [0x000000030520d000,0x0000000305211000] with protection modes 3
Event: 74.577 Thread 0x00007f8c63ffd800 Thread exited: 0x00007f8c63ffd800
Event: 74.584 Protecting memory [0x0000000306fdc000,0x0000000306fe0000] with protection modes 3
Event: 74.584 Thread 0x00007f8c6100e200 Thread exited: 0x00007f8c6100e200


Dynamic libraries:
0x00007ffdffd32000 	/Library/Apple/usr/libexec/oah/runtime
0x00007fff2a5bd000 	/usr/lib/libz.1.dylib
0x0000000108f28000 	/Library/Java/JavaVirtualMachines/adoptopenjdk-15.jdk/Contents/Home/lib/libjli.dylib
0x00007fff350e5000 	/System/Library/Frameworks/Cocoa.framework/Versions/A/Cocoa
0x00007fff2210f000 	/System/Library/Frameworks/Security.framework/Versions/A/Security
0x00007fff33308000 	/System/Library/Frameworks/ApplicationServices.framework/Versions/A/ApplicationServices
0x00007fff2a689000 	/usr/lib/libSystem.B.dylib
0x00007fff2a683000 	/usr/lib/system/libcache.dylib
0x00007fff2a63f000 	/usr/lib/system/libcommonCrypto.dylib
0x00007fff2a669000 	/usr/lib/system/libcompiler_rt.dylib
0x00007fff2a65e000 	/usr/lib/system/libcopyfile.dylib
0x00007fff200e6000 	/usr/lib/system/libcorecrypto.dylib
0x00007fff201b1000 	/usr/lib/system/libdispatch.dylib
0x00007fff20364000 	/usr/lib/system/libdyld.dylib
0x00007fff2a67a000 	/usr/lib/system/libkeymgr.dylib
0x00007fff2dbd3000 	/usr/lib/system/liblaunch.dylib
0x00007fff2a61d000 	/usr/lib/system/libmacho.dylib
0x00007fff29e11000 	/usr/lib/system/libquarantine.dylib
0x00007fff2a677000 	/usr/lib/system/libremovefile.dylib
0x00007fff24add000 	/usr/lib/system/libsystem_asl.dylib
0x00007fff20096000 	/usr/lib/system/libsystem_blocks.dylib
0x00007fff20233000 	/usr/lib/system/libsystem_c.dylib
0x00007fff2a671000 	/usr/lib/system/libsystem_collections.dylib
0x00007fff29209000 	/usr/lib/system/libsystem_configuration.dylib
0x00007fff284f2000 	/usr/lib/system/libsystem_containermanager.dylib
0x00007fff2a3bc000 	/usr/lib/system/libsystem_coreservices.dylib
0x00007fff226c4000 	/usr/lib/system/libsystem_darwin.dylib
0x00007fff2a67b000 	/usr/lib/system/libsystem_dnssd.dylib
0x00007fff20230000 	/usr/lib/system/libsystem_featureflags.dylib
0x00007fff203aa000 	/usr/lib/system/libsystem_info.dylib
0x00007fff2a5d0000 	/usr/lib/system/libsystem_m.dylib
0x00007fff20184000 	/usr/lib/system/libsystem_malloc.dylib
0x00007fff24a70000 	/usr/lib/system/libsystem_networkextension.dylib
0x00007fff22ae3000 	/usr/lib/system/libsystem_notify.dylib
0x00007fff30057000 	/usr/lib/system/libsystem_product_info_filter.dylib
0x00007fff2920d000 	/usr/lib/system/libsystem_sandbox.dylib
0x00007fff2a674000 	/usr/lib/system/libsystem_secinit.dylib
0x00007fff20328000 	/usr/lib/system/libsystem_kernel.dylib
0x00007fff203a0000 	/usr/lib/system/libsystem_platform.dylib
0x00007fff20358000 	/usr/lib/system/libsystem_pthread.dylib
0x00007fff261eb000 	/usr/lib/system/libsystem_symptoms.dylib
0x00007fff200ce000 	/usr/lib/system/libsystem_trace.dylib
0x00007fff2a64b000 	/usr/lib/system/libunwind.dylib
0x00007fff20098000 	/usr/lib/system/libxpc.dylib
0x00007fff20312000 	/usr/lib/libc++abi.dylib
0x00007fff201f6000 	/usr/lib/libobjc.A.dylib
0x00007fff2a656000 	/usr/lib/liboah.dylib
0x00007fff202bc000 	/usr/lib/libc++.1.dylib
0x00007fff203d6000 	/System/Library/Frameworks/CoreFoundation.framework/Versions/A/CoreFoundation
0x00007fff210aa000 	/System/Library/Frameworks/Foundation.framework/Versions/C/Foundation
0x00007fff22b3d000 	/System/Library/Frameworks/AppKit.framework/Versions/C/AppKit
0x00007fff25a1b000 	/System/Library/Frameworks/CoreData.framework/Versions/A/CoreData
0x00007fff23885000 	/System/Library/PrivateFrameworks/UIFoundation.framework/Versions/A/UIFoundation
0x00007fff2fdea000 	/System/Library/PrivateFrameworks/RemoteViewServices.framework/Versions/A/RemoteViewServices
0x00007fff28bb8000 	/System/Library/PrivateFrameworks/XCTTargetBootstrap.framework/Versions/A/XCTTargetBootstrap
0x00007fff2b8ff000 	/usr/lib/libspindump.dylib
0x00007fff23ad4000 	/System/Library/Frameworks/UniformTypeIdentifiers.framework/Versions/A/UniformTypeIdentifiers
0x00007fff273bc000 	/usr/lib/libapp_launch_measurement.dylib
0x00007fff273bf000 	/System/Library/PrivateFrameworks/CoreAutoLayout.framework/Versions/A/CoreAutoLayout
0x00007fff2851f000 	/System/Library/Frameworks/Metal.framework/Versions/A/Metal
0x00007fff29218000 	/usr/lib/liblangid.dylib
0x00007fff28bbc000 	/System/Library/PrivateFrameworks/CoreSVG.framework/Versions/A/CoreSVG
0x00007fff24b0c000 	/System/Library/PrivateFrameworks/SkyLight.framework/Versions/A/SkyLight
0x00007fff24e70000 	/System/Library/Frameworks/CoreGraphics.framework/Versions/A/CoreGraphics
0x00007fff3030c000 	/System/Library/Frameworks/Accelerate.framework/Versions/A/Accelerate
0x00007fff2b33e000 	/System/Library/PrivateFrameworks/IconServices.framework/Versions/A/IconServices
0x00007fff28503000 	/System/Library/Frameworks/IOSurface.framework/Versions/A/IOSurface
0x00007fff263a8000 	/usr/lib/libDiagnosticMessagesClient.dylib
0x00007fff28ba4000 	/System/Library/PrivateFrameworks/DFRFoundation.framework/Versions/A/DFRFoundation
0x00007fff22464000 	/usr/lib/libicucore.A.dylib
0x00007fff2ce3c000 	/System/Library/Frameworks/AudioToolbox.framework/Versions/A/AudioToolbox
0x00007fff2c0ce000 	/System/Library/PrivateFrameworks/DataDetectorsCore.framework/Versions/A/DataDetectorsCore
0x00007fff24a80000 	/usr/lib/libMobileGestalt.dylib
0x00007fff288a8000 	/System/Library/Frameworks/Carbon.framework/Versions/A/Frameworks/HIToolbox.framework/Versions/A/HIToolbox
0x00007fff26e06000 	/System/Library/Frameworks/QuartzCore.framework/Versions/A/QuartzCore
0x00007fff2fe22000 	/System/Library/Frameworks/Carbon.framework/Versions/A/Frameworks/SpeechRecognition.framework/Versions/A/SpeechRecognition
0x00007fff27125000 	/System/Library/PrivateFrameworks/CoreUI.framework/Versions/A/CoreUI
0x00007fff21a7e000 	/System/Library/Frameworks/CoreAudio.framework/Versions/A/CoreAudio
0x00007fff26493000 	/System/Library/Frameworks/DiskArbitration.framework/Versions/A/DiskArbitration
0x00007fff2bccc000 	/System/Library/PrivateFrameworks/MultitouchSupport.framework/Versions/A/MultitouchSupport
0x00007fff2c0c5000 	/System/Library/PrivateFrameworks/InternationalSupport.framework/Versions/A/InternationalSupport
0x00007fff24a7f000 	/usr/lib/libenergytrace.dylib
0x00007fff22a34000 	/System/Library/Frameworks/IOKit.framework/Versions/A/IOKit
0x00007fff30155000 	/System/Library/Frameworks/CoreServices.framework/Versions/A/CoreServices
0x00007fff27352000 	/System/Library/PrivateFrameworks/PerformanceAnalysis.framework/Versions/A/PerformanceAnalysis
0x00007fff6bb9f000 	/System/Library/Frameworks/OpenGL.framework/Versions/A/OpenGL
0x00007fff2c149000 	/System/Library/PrivateFrameworks/UserActivity.framework/Versions/A/UserActivity
0x00007fff25522000 	/System/Library/Frameworks/ColorSync.framework/Versions/A/ColorSync
0x00007fff28e26000 	/System/Library/Frameworks/CoreImage.framework/Versions/A/CoreImage
0x00007fff21899000 	/System/Library/Frameworks/CoreText.framework/Versions/A/CoreText
0x00007fff28be6000 	/System/Library/Frameworks/ImageIO.framework/Versions/A/ImageIO
0x00007fff2a68f000 	/System/Library/PrivateFrameworks/SoftLinking.framework/Versions/A/SoftLinking
0x00007fff27407000 	/usr/lib/libxml2.2.dylib
0x00007fff2a8fc000 	/usr/lib/libcompression.dylib
0x00007fff2bff7000 	/System/Library/PrivateFrameworks/TextureIO.framework/Versions/A/TextureIO
0x00007fff2afe3000 	/usr/lib/libate.dylib
0x00007fff2ad10000 	/usr/lib/liblzma.5.dylib
0x00007fff20dbe000 	/System/Library/Frameworks/SystemConfiguration.framework/Versions/A/SystemConfiguration
0x00007fff2a68b000 	/usr/lib/libfakelink.dylib
0x00007fff245d1000 	/System/Library/Frameworks/CFNetwork.framework/Versions/A/CFNetwork
0x00007fff2a7cb000 	/usr/lib/libarchive.2.dylib
0x00007fff20e3c000 	/usr/lib/libCRFSuite.dylib
0x00007fff29e38000 	/usr/lib/libbsm.0.dylib
0x00007fff23f51000 	/usr/lib/libnetwork.dylib
0x00007fff2a690000 	/usr/lib/libpcap.A.dylib
0x00007fff261e4000 	/usr/lib/libdns_services.dylib
0x00007fff2ad29000 	/usr/lib/libcoretls_cfhelpers.dylib
0x00007fff2a8ca000 	/usr/lib/libapple_nghttp2.dylib
0x00007fff2a623000 	/usr/lib/system/libkxld.dylib
0x00007fff25e62000 	/usr/lib/libsqlite3.dylib
0x00007fff2a39f000 	/System/Library/PrivateFrameworks/AppleFSCompression.framework/Versions/A/AppleFSCompression
0x00007fff29e20000 	/usr/lib/libcoretls.dylib
0x00007fff2a8f7000 	/usr/lib/libpam.2.dylib
0x00007fff2ae26000 	/usr/lib/libxar.1.dylib
0x00007fff29214000 	/System/Library/PrivateFrameworks/AppleSystemInfo.framework/Versions/A/AppleSystemInfo
0x00007fff29a62000 	/System/Library/PrivateFrameworks/IOMobileFramebuffer.framework/Versions/A/IOMobileFramebuffer
0x00007fff2a3af000 	/usr/lib/libbz2.1.0.dylib
0x00007fff2a6c8000 	/usr/lib/libiconv.2.dylib
0x00007fff2a61c000 	/usr/lib/libcharset.1.dylib
0x00007fff2738e000 	/System/Library/Frameworks/CoreServices.framework/Versions/A/Frameworks/FSEvents.framework/Versions/A/FSEvents
0x00007fff226ce000 	/System/Library/Frameworks/CoreServices.framework/Versions/A/Frameworks/CarbonCore.framework/Versions/A/CarbonCore
0x00007fff263f8000 	/System/Library/Frameworks/CoreServices.framework/Versions/A/Frameworks/Metadata.framework/Versions/A/Metadata
0x00007fff2a3c1000 	/System/Library/Frameworks/CoreServices.framework/Versions/A/Frameworks/OSServices.framework/Versions/A/OSServices
0x00007fff2a83d000 	/System/Library/Frameworks/CoreServices.framework/Versions/A/Frameworks/SearchKit.framework/Versions/A/SearchKit
0x00007fff2616f000 	/System/Library/Frameworks/CoreServices.framework/Versions/A/Frameworks/AE.framework/Versions/A/AE
0x00007fff20874000 	/System/Library/Frameworks/CoreServices.framework/Versions/A/Frameworks/LaunchServices.framework/Versions/A/LaunchServices
0x00007fff2acc0000 	/System/Library/Frameworks/CoreServices.framework/Versions/A/Frameworks/DictionaryServices.framework/Versions/A/DictionaryServices
0x00007fff27397000 	/System/Library/Frameworks/CoreServices.framework/Versions/A/Frameworks/SharedFileList.framework/Versions/A/SharedFileList
0x00007fff29e14000 	/usr/lib/libCheckFix.dylib
0x00007fff24af4000 	/System/Library/PrivateFrameworks/TCC.framework/Versions/A/TCC
0x00007fff2921a000 	/System/Library/PrivateFrameworks/CoreNLP.framework/Versions/A/CoreNLP
0x00007fff263ab000 	/System/Library/PrivateFrameworks/MetadataUtilities.framework/Versions/A/MetadataUtilities
0x00007fff20e71000 	/usr/lib/libmecabra.dylib
0x00007fff2a11e000 	/System/Library/Frameworks/MLCompute.framework/Versions/A/MLCompute
0x00007fff29e49000 	/usr/lib/libmecab.dylib
0x00007fff29e93000 	/usr/lib/libgermantok.dylib
0x00007fff2a8a5000 	/usr/lib/libThaiTokenizer.dylib
0x00007fff2ae61000 	/usr/lib/libChineseTokenizer.dylib
0x00007fff2a8f5000 	/System/Library/Frameworks/MetalPerformanceShaders.framework/Versions/A/MetalPerformanceShaders
0x00007fff2649a000 	/System/Library/Frameworks/Accelerate.framework/Versions/A/Frameworks/vImage.framework/Versions/A/vImage
0x00007fff3012f000 	/System/Library/Frameworks/Accelerate.framework/Versions/A/Frameworks/vecLib.framework/Versions/A/vecLib
0x00007fff2ae6c000 	/System/Library/Frameworks/Accelerate.framework/Versions/A/Frameworks/vecLib.framework/Versions/A/libvMisc.dylib
0x00007fff298c2000 	/System/Library/Frameworks/Accelerate.framework/Versions/A/Frameworks/vecLib.framework/Versions/A/libvDSP.dylib
0x00007fff20b7b000 	/System/Library/Frameworks/Accelerate.framework/Versions/A/Frameworks/vecLib.framework/Versions/A/libBLAS.dylib
0x00007fff2a91b000 	/System/Library/Frameworks/Accelerate.framework/Versions/A/Frameworks/vecLib.framework/Versions/A/libLAPACK.dylib
0x00007fff29e99000 	/System/Library/Frameworks/Accelerate.framework/Versions/A/Frameworks/vecLib.framework/Versions/A/libLinearAlgebra.dylib
0x00007fff2a8e2000 	/System/Library/Frameworks/Accelerate.framework/Versions/A/Frameworks/vecLib.framework/Versions/A/libSparseBLAS.dylib
0x00007fff2a915000 	/System/Library/Frameworks/Accelerate.framework/Versions/A/Frameworks/vecLib.framework/Versions/A/libQuadrature.dylib
0x00007fff292c6000 	/System/Library/Frameworks/Accelerate.framework/Versions/A/Frameworks/vecLib.framework/Versions/A/libBNNS.dylib
0x00007fff20d4f000 	/System/Library/Frameworks/Accelerate.framework/Versions/A/Frameworks/vecLib.framework/Versions/A/libSparse.dylib
0x00007fff291a2000 	/System/Library/Frameworks/MetalPerformanceShaders.framework/Versions/A/Frameworks/MPSCore.framework/Versions/A/MPSCore
0x00007fff2a30e000 	/System/Library/Frameworks/MetalPerformanceShaders.framework/Versions/A/Frameworks/MPSImage.framework/Versions/A/MPSImage
0x00007fff29eaf000 	/System/Library/Frameworks/MetalPerformanceShaders.framework/Versions/A/Frameworks/MPSNeuralNetwork.framework/Versions/A/MPSNeuralNetwork
0x00007fff2a280000 	/System/Library/Frameworks/MetalPerformanceShaders.framework/Versions/A/Frameworks/MPSMatrix.framework/Versions/A/MPSMatrix
0x00007fff2a0ce000 	/System/Library/Frameworks/MetalPerformanceShaders.framework/Versions/A/Frameworks/MPSRayIntersector.framework/Versions/A/MPSRayIntersector
0x00007fff2a2b7000 	/System/Library/Frameworks/MetalPerformanceShaders.framework/Versions/A/Frameworks/MPSNDArray.framework/Versions/A/MPSNDArray
0x00007fff20aa7000 	/System/Library/PrivateFrameworks/MetalTools.framework/Versions/A/MetalTools
0x00007fff29212000 	/System/Library/PrivateFrameworks/AggregateDictionary.framework/Versions/A/AggregateDictionary
0x00007fff26378000 	/System/Library/PrivateFrameworks/CoreAnalytics.framework/Versions/A/CoreAnalytics
0x00007fff2a8a7000 	/System/Library/PrivateFrameworks/AppleSauce.framework/Versions/A/AppleSauce
0x00007fff28515000 	/System/Library/PrivateFrameworks/IOAccelerator.framework/Versions/A/IOAccelerator
0x00007fff6bb93000 	/System/Library/Frameworks/OpenGL.framework/Versions/A/Libraries/libCoreFSCache.dylib
0x00007fff21408000 	/System/Library/PrivateFrameworks/LanguageModeling.framework/Versions/A/LanguageModeling
0x00007fff29a50000 	/System/Library/PrivateFrameworks/CoreEmoji.framework/Versions/A/CoreEmoji
0x00007fff292bf000 	/System/Library/PrivateFrameworks/LinguisticData.framework/Versions/A/LinguisticData
0x00007fff20d02000 	/System/Library/PrivateFrameworks/Lexicon.framework/Versions/A/Lexicon
0x00007fff2a7b9000 	/usr/lib/libcmph.dylib
0x00007fff2736e000 	/System/Library/Frameworks/OpenDirectory.framework/Versions/A/Frameworks/CFOpenDirectory.framework/Versions/A/CFOpenDirectory
0x00007fff2735e000 	/System/Library/Frameworks/OpenDirectory.framework/Versions/A/OpenDirectory
0x00007fff2ad2b000 	/System/Library/PrivateFrameworks/APFS.framework/Versions/A/APFS
0x00007fff29d76000 	/System/Library/Frameworks/SecurityFoundation.framework/Versions/A/SecurityFoundation
0x00007fff2ae34000 	/usr/lib/libutil.dylib
0x00007fff229f9000 	/System/Library/PrivateFrameworks/CoreServicesStore.framework/Versions/A/CoreServicesStore
0x00007fff29e0c000 	/System/Library/Frameworks/ServiceManagement.framework/Versions/A/ServiceManagement
0x00007fff2ae38000 	/usr/lib/libxslt.1.dylib
0x00007fff29e02000 	/System/Library/PrivateFrameworks/BackgroundTaskManagement.framework/Versions/A/BackgroundTaskManagement
0x00007fff2bf42000 	/System/Library/Frameworks/ImageIO.framework/Versions/A/Resources/libRadiance.dylib
0x00007fff2bf4b000 	/System/Library/Frameworks/ImageIO.framework/Versions/A/Resources/libJPEG.dylib
0x00007fff2be96000 	/System/Library/Frameworks/ImageIO.framework/Versions/A/Resources/libPng.dylib
0x00007fff2bebd000 	/System/Library/Frameworks/ImageIO.framework/Versions/A/Resources/libTIFF.dylib
0x00007fff2bfa0000 	/System/Library/Frameworks/ImageIO.framework/Versions/A/Resources/libGIF.dylib
0x00007fff2bbe9000 	/System/Library/Frameworks/ImageIO.framework/Versions/A/Resources/libJP2.dylib
0x00007fff2b306000 	/usr/lib/libexpat.1.dylib
0x00007fff2bb9f000 	/System/Library/PrivateFrameworks/AppleJPEG.framework/Versions/A/AppleJPEG
0x00007fff2874b000 	/System/Library/PrivateFrameworks/FontServices.framework/libFontParser.dylib
0x00007fff26126000 	/System/Library/PrivateFrameworks/RunningBoardServices.framework/Versions/A/RunningBoardServices
0x00007fff2bcc8000 	/System/Library/PrivateFrameworks/WatchdogClient.framework/Versions/A/WatchdogClient
0x00007fff214f1000 	/System/Library/Frameworks/CoreDisplay.framework/Versions/A/CoreDisplay
0x00007fff28660000 	/System/Library/Frameworks/CoreMedia.framework/Versions/A/CoreMedia
0x00007fff274ea000 	/System/Library/Frameworks/CoreVideo.framework/Versions/A/CoreVideo
0x00007fff2bd03000 	/System/Library/Frameworks/VideoToolbox.framework/Versions/A/VideoToolbox
0x00007fff260a6000 	/System/Library/PrivateFrameworks/BaseBoard.framework/Versions/A/BaseBoard
0x00007fff2b449000 	/System/Library/PrivateFrameworks/PersistentConnection.framework/Versions/A/PersistentConnection
0x00007fff25e4c000 	/System/Library/PrivateFrameworks/ProtocolBuffer.framework/Versions/A/ProtocolBuffer
0x00007fff2608e000 	/System/Library/PrivateFrameworks/CommonUtilities.framework/Versions/A/CommonUtilities
0x00007fff2bb62000 	/System/Library/PrivateFrameworks/Bom.framework/Versions/A/Bom
0x00007fff2bf3a000 	/System/Library/PrivateFrameworks/GPUWrangler.framework/Versions/A/GPUWrangler
0x00007fff2bf1d000 	/System/Library/PrivateFrameworks/IOPresentment.framework/Versions/A/IOPresentment
0x00007fff2bf45000 	/System/Library/PrivateFrameworks/DSExternalDisplay.framework/Versions/A/DSExternalDisplay
0x00007fff2bfa5000 	/System/Library/PrivateFrameworks/CMCaptureCore.framework/Versions/A/CMCaptureCore
0x00007fff2b8e5000 	/System/Library/PrivateFrameworks/AppServerSupport.framework/Versions/A/AppServerSupport
0x00007fff2d976000 	/System/Library/PrivateFrameworks/perfdata.framework/Versions/A/perfdata
0x00007fff29d65000 	/System/Library/PrivateFrameworks/AssertionServices.framework/Versions/A/AssertionServices
0x00007fff21628000 	/System/Library/PrivateFrameworks/AudioToolboxCore.framework/Versions/A/AudioToolboxCore
0x00007fff28643000 	/System/Library/PrivateFrameworks/caulk.framework/Versions/A/caulk
0x00007fff3cd6b000 	/System/Library/PrivateFrameworks/SystemPolicy.framework/Versions/A/SystemPolicy
0x00007fff2b115000 	/usr/lib/libIOReport.dylib
0x00007fff2d1b2000 	/usr/lib/libSMC.dylib
0x00007fff2be62000 	/usr/lib/libAudioToolboxUtility.dylib
0x00007fff3d6c6000 	/usr/lib/libmis.dylib
0x00007fff6bbef000 	/System/Library/Frameworks/OpenGL.framework/Versions/A/Libraries/libGLU.dylib
0x00007fff6bbb2000 	/System/Library/Frameworks/OpenGL.framework/Versions/A/Libraries/libGFXShared.dylib
0x00007fff6bdc0000 	/System/Library/Frameworks/OpenGL.framework/Versions/A/Libraries/libGL.dylib
0x00007fff6bbbb000 	/System/Library/Frameworks/OpenGL.framework/Versions/A/Libraries/libGLImage.dylib
0x00007fff6bbaf000 	/System/Library/Frameworks/OpenGL.framework/Versions/A/Libraries/libCVMSPluginSupport.dylib
0x00007fff6bb9a000 	/System/Library/Frameworks/OpenGL.framework/Versions/A/Libraries/libCoreVMClient.dylib
0x00007fff6d20a000 	/System/Library/Frameworks/OpenCL.framework/Versions/A/OpenCL
0x00007fff2b472000 	/System/Library/PrivateFrameworks/GraphVisualizer.framework/Versions/A/GraphVisualizer
0x00007fff2b481000 	/System/Library/PrivateFrameworks/FaceCore.framework/Versions/A/FaceCore
0x00007fff2b89d000 	/System/Library/PrivateFrameworks/OTSVG.framework/Versions/A/OTSVG
0x00007fff270e3000 	/System/Library/Frameworks/ApplicationServices.framework/Versions/A/Frameworks/ATS.framework/Versions/A/Resources/libFontRegistry.dylib
0x00007fff2b8ec000 	/System/Library/PrivateFrameworks/FontServices.framework/libhvf.dylib
0x00007fff2b2b2000 	/System/Library/PrivateFrameworks/AppleVA.framework/Versions/A/AppleVA
0x00007fff2cffa000 	/System/Library/Frameworks/ApplicationServices.framework/Versions/A/Frameworks/ATS.framework/Versions/A/ATS
0x00007fff2d30d000 	/System/Library/Frameworks/ApplicationServices.framework/Versions/A/Frameworks/ColorSyncLegacy.framework/Versions/A/ColorSyncLegacy
0x00007fff25619000 	/System/Library/Frameworks/ApplicationServices.framework/Versions/A/Frameworks/HIServices.framework/Versions/A/HIServices
0x00007fff2d2f2000 	/System/Library/Frameworks/ApplicationServices.framework/Versions/A/Frameworks/LangAnalysis.framework/Versions/A/LangAnalysis
0x00007fff2bfaf000 	/System/Library/Frameworks/ApplicationServices.framework/Versions/A/Frameworks/PrintCore.framework/Versions/A/PrintCore
0x00007fff2d315000 	/System/Library/Frameworks/ApplicationServices.framework/Versions/A/Frameworks/QD.framework/Versions/A/QD
0x00007fff2cfea000 	/System/Library/Frameworks/ApplicationServices.framework/Versions/A/Frameworks/SpeechSynthesis.framework/Versions/A/SpeechSynthesis
0x00007fff2bf70000 	/System/Library/Frameworks/ApplicationServices.framework/Versions/A/Frameworks/ATSUI.framework/Versions/A/ATSUI
0x00007fff2d292000 	/usr/lib/libcups.2.dylib
0x00007fff2d302000 	/System/Library/PrivateFrameworks/NetAuth.framework/Versions/A/NetAuth
0x00007fff2d991000 	/System/Library/Frameworks/Kerberos.framework/Versions/A/Kerberos
0x00007fff2d9a1000 	/System/Library/Frameworks/GSS.framework/Versions/A/GSS
0x00007fff2d067000 	/usr/lib/libresolv.9.dylib
0x00007fff2b902000 	/System/Library/PrivateFrameworks/Heimdal.framework/Versions/A/Heimdal
0x00007fff3361d000 	/System/Library/Frameworks/Kerberos.framework/Versions/A/Libraries/libHeimdalProxy.dylib
0x00007fff261f3000 	/System/Library/Frameworks/Network.framework/Versions/A/Network
0x00007fff2b31f000 	/usr/lib/libheimdal-asn1.dylib
0x00007fff2d9f2000 	/System/Library/PrivateFrameworks/CommonAuth.framework/Versions/A/CommonAuth
0x00007fff27538000 	/System/Library/PrivateFrameworks/login.framework/Versions/A/Frameworks/loginsupport.framework/Versions/A/loginsupport
0x00007fff2cf71000 	/System/Library/PrivateFrameworks/AudioSession.framework/Versions/A/AudioSession
0x00007fff2cfd7000 	/usr/lib/libAudioStatistics.dylib
0x00007fff2b3ab000 	/System/Library/PrivateFrameworks/MediaExperience.framework/Versions/A/MediaExperience
0x00007fff2ce0a000 	/System/Library/PrivateFrameworks/AudioSession.framework/libSessionUtility.dylib
0x00007fff2d982000 	/usr/lib/libperfcheck.dylib
0x00007fff2d321000 	/System/Library/PrivateFrameworks/AudioResourceArbitration.framework/Versions/A/AudioResourceArbitration
0x00007fff2b329000 	/System/Library/PrivateFrameworks/IconFoundation.framework/Versions/A/IconFoundation
0x00007fff2fe12000 	/System/Library/PrivateFrameworks/SpeechRecognitionCore.framework/Versions/A/SpeechRecognitionCore
0x000000010d000000 	/Library/Java/JavaVirtualMachines/adoptopenjdk-15.jdk/Contents/Home/lib/server/libjvm.dylib
0x0000000108fd4000 	/Library/Java/JavaVirtualMachines/adoptopenjdk-15.jdk/Contents/Home/lib/libjimage.dylib
0x000000010f8a6000 	/Library/Java/JavaVirtualMachines/adoptopenjdk-15.jdk/Contents/Home/lib/libinstrument.dylib
0x000000010f8cb000 	/Library/Java/JavaVirtualMachines/adoptopenjdk-15.jdk/Contents/Home/lib/libjava.dylib
0x0000000134e4d000 	/Library/Java/JavaVirtualMachines/adoptopenjdk-15.jdk/Contents/Home/lib/libnio.dylib
0x0000000134e7b000 	/Library/Java/JavaVirtualMachines/adoptopenjdk-15.jdk/Contents/Home/lib/libnet.dylib
0x0000000134f0c000 	/Library/Java/JavaVirtualMachines/adoptopenjdk-15.jdk/Contents/Home/lib/libzip.dylib
0x00000001350d7000 	/Library/Java/JavaVirtualMachines/adoptopenjdk-15.jdk/Contents/Home/lib/libextnet.dylib
0x0000000135175000 	/Library/Java/javafx-sdk-15.0.1/lib/libprism_es2.dylib
0x00007fff229ba000 	/System/Library/PrivateFrameworks/CoreServicesInternal.framework/Versions/A/CoreServicesInternal
0x00007fff6bdcb000 	/System/Library/Frameworks/OpenGL.framework/Versions/A/Resources/GLEngine.bundle/GLEngine
0x00007fff6bc2c000 	/System/Library/Frameworks/OpenGL.framework/Versions/A/Libraries/libGLProgrammability.dylib
0x0000000135254000 	/System/Library/Extensions/AppleMetalOpenGLRenderer.bundle/Contents/MacOS/AppleMetalOpenGLRenderer
0x00007fff6bf49000 	/System/Library/Frameworks/OpenGL.framework/Versions/A/Resources/GLRendererFloat.bundle/GLRendererFloat
0x00000001353cd000 	/System/Library/Extensions/AGXMetal13_3.bundle/Contents/MacOS/AGXMetal13_3
0x00007fff386ee000 	/System/Library/PrivateFrameworks/IOGPU.framework/Versions/A/IOGPU
0x00007fff69748000 	/System/Library/PrivateFrameworks/GPUCompiler.framework/Versions/31001/Libraries/libmetal_timestamp.dylib
0x00000001367fe000 	/Library/Java/javafx-sdk-15.0.1/lib/libglass.dylib
0x00007fff31193000 	/System/Library/Frameworks/FileProvider.framework/Versions/A/FileProvider
0x00007fff26011000 	/System/Library/Frameworks/Accounts.framework/Versions/A/Accounts
0x00007fff312e2000 	/System/Library/PrivateFrameworks/GenerationalStorage.framework/Versions/A/GenerationalStorage
0x00007fff31c76000 	/System/Library/PrivateFrameworks/CoreSymbolication.framework/Versions/A/CoreSymbolication
0x00007fff30bb3000 	/System/Library/PrivateFrameworks/SymptomDiagnosticReporter.framework/Versions/A/SymptomDiagnosticReporter
0x00007fff23ae7000 	/System/Library/PrivateFrameworks/DesktopServicesPriv.framework/Versions/A/DesktopServicesPriv
0x00007fff22aef000 	/usr/lib/libsandbox.1.dylib
0x00007fff27563000 	/System/Library/PrivateFrameworks/UserManagement.framework/Versions/A/UserManagement
0x00007fff29d42000 	/System/Library/PrivateFrameworks/MobileKeyBag.framework/Versions/A/MobileKeyBag
0x00007fff34697000 	/System/Library/PrivateFrameworks/ChunkingLibrary.framework/Versions/A/ChunkingLibrary
0x00007fff31c3a000 	/System/Library/PrivateFrameworks/DebugSymbols.framework/Versions/A/DebugSymbols
0x00007fff2e3b4000 	/System/Library/PrivateFrameworks/Sharing.framework/Versions/A/Sharing
0x00007fff32c20000 	/System/Library/PrivateFrameworks/Apple80211.framework/Versions/A/Apple80211
0x00007fff2a3ef000 	/System/Library/PrivateFrameworks/AuthKit.framework/Versions/A/AuthKit
0x00007fff29b40000 	/System/Library/PrivateFrameworks/CoreUtils.framework/Versions/A/CoreUtils
0x00007fff29a6d000 	/System/Library/Frameworks/CoreWLAN.framework/Versions/A/CoreWLAN
0x00007fff2e500000 	/System/Library/Frameworks/IOBluetooth.framework/Versions/A/IOBluetooth
0x00007fff32c84000 	/System/Library/PrivateFrameworks/CoreWiFi.framework/Versions/A/CoreWiFi
0x00007fff2da78000 	/System/Library/PrivateFrameworks/CorePhoneNumbers.framework/Versions/A/CorePhoneNumbers
0x00007fff30cba000 	/System/Library/PrivateFrameworks/DiskManagement.framework/Versions/A/DiskManagement
0x00007fff30bd0000 	/System/Library/PrivateFrameworks/AppleIDAuthSupport.framework/Versions/A/AppleIDAuthSupport
0x00007fff2da58000 	/System/Library/PrivateFrameworks/KeychainCircle.framework/Versions/A/KeychainCircle
0x00007fff30c86000 	/System/Library/PrivateFrameworks/MediaKit.framework/Versions/A/MediaKit
0x00007fff30bdd000 	/System/Library/Frameworks/DiscRecording.framework/Versions/A/DiscRecording
0x00007fff2b226000 	/usr/lib/libCoreStorage.dylib
0x00007fff330bf000 	/usr/lib/libcsfde.dylib
0x00007fff2e63b000 	/System/Library/PrivateFrameworks/ProtectedCloudStorage.framework/Versions/A/ProtectedCloudStorage
0x00007fff330b7000 	/System/Library/PrivateFrameworks/EFILogin.framework/Versions/A/EFILogin
0x00007fff336d0000 	/System/Library/Frameworks/AudioUnit.framework/Versions/A/AudioUnit
0x00007fff30b4e000 	/System/Library/Frameworks/CoreBluetooth.framework/Versions/A/CoreBluetooth
0x00007fff2b21e000 	/usr/lib/libMatch.1.dylib
0x00000001384ed000 	/usr/lib/libobjc-trampolines.dylib
0x00007fff41370000 	/System/Library/Frameworks/Accelerate.framework/Versions/A/Frameworks/vImage.framework/Versions/A/Libraries/libCGInterfaces.dylib
0x00007fff27266000 	/System/Library/PrivateFrameworks/ViewBridge.framework/Versions/A/ViewBridge
0x00007fff2b9c3000 	/System/Library/PrivateFrameworks/login.framework/Versions/A/login
0x00007fff6f587000 	/System/Library/PrivateFrameworks/AccessibilityBundles.framework/Versions/A/AccessibilityBundles
0x000000013b4e8000 	/Library/Java/javafx-sdk-15.0.1/lib/libjavafx_font.dylib
0x000000013bb4e000 	/Library/Java/JavaVirtualMachines/adoptopenjdk-15.jdk/Contents/Home/lib/libawt.dylib
0x000000013bcc9000 	/Library/Java/JavaVirtualMachines/adoptopenjdk-15.jdk/Contents/Home/lib/libmlib_image.dylib
0x00007fff6eb3b000 	/System/Library/Frameworks/JavaNativeFoundation.framework/Versions/A/JavaNativeFoundation
0x00007fff6eb47000 	/System/Library/Frameworks/JavaRuntimeSupport.framework/Versions/A/JavaRuntimeSupport
0x00007fff3cab5000 	/System/Library/Frameworks/Carbon.framework/Versions/A/Carbon
0x00007fff36565000 	/System/Library/Frameworks/Carbon.framework/Versions/A/Frameworks/CommonPanels.framework/Versions/A/CommonPanels
0x00007fff330b3000 	/System/Library/Frameworks/Carbon.framework/Versions/A/Frameworks/Help.framework/Versions/A/Help
0x00007fff36569000 	/System/Library/Frameworks/Carbon.framework/Versions/A/Frameworks/ImageCapture.framework/Versions/A/ImageCapture
0x00007fff36539000 	/System/Library/Frameworks/Carbon.framework/Versions/A/Frameworks/OpenScripting.framework/Versions/A/OpenScripting
0x00007fff36561000 	/System/Library/Frameworks/Carbon.framework/Versions/A/Frameworks/Ink.framework/Versions/A/Ink
0x00007fff3cab1000 	/System/Library/Frameworks/Carbon.framework/Versions/A/Frameworks/Print.framework/Versions/A/Print
0x00007fff3655d000 	/System/Library/Frameworks/Carbon.framework/Versions/A/Frameworks/SecurityHI.framework/Versions/A/SecurityHI
0x000000013be21000 	/Library/Java/JavaVirtualMachines/adoptopenjdk-15.jdk/Contents/Home/lib/libawt_lwawt.dylib
0x000000013bfa5000 	/Library/Java/JavaVirtualMachines/adoptopenjdk-15.jdk/Contents/Home/lib/libosxapp.dylib
0x00007fff3c0cc000 	/System/Library/Frameworks/ExceptionHandling.framework/Versions/A/ExceptionHandling
0x000000013bfee000 	/Library/Java/JavaVirtualMachines/adoptopenjdk-15.jdk/Contents/Home/lib/libfontmanager.dylib
0x000000013c288000 	/Library/Java/JavaVirtualMachines/adoptopenjdk-15.jdk/Contents/Home/lib/libfreetype.dylib
0x000000013c50e000 	/Library/Java/JavaVirtualMachines/adoptopenjdk-15.jdk/Contents/Home/lib/libosxui.dylib
0x00007fff779b4000 	/usr/lib/libRosetta.dylib
0x00000001b510b000 	/Library/Java/javafx-sdk-15.0.1/lib/libjavafx_iio.dylib


VM Arguments:
jvm_args: -ea --module-path=/Library/Java/javafx-sdk-15.0.1/lib --add-modules=javafx.controls,javafx.fxml,javafx.media -Djava.library.path=/Library/Java/javafx-sdk-15.0.1/lib -javaagent:/Applications/IntelliJ IDEA.app/Contents/lib/idea_rt.jar=49471:/Applications/IntelliJ IDEA.app/Contents/bin -Dfile.encoding=UTF-8 
java_command: comp1110.ass2.gui.Game
java_class_path (initial): /Users/johnkim1216/IdeaProjects/comp1110-ass2-tue12i/out/production/comp1110-ass2:/Library/Java/javafx-sdk-15.0.1/lib/src.zip:/Library/Java/javafx-sdk-15.0.1/lib/javafx-swt.jar:/Library/Java/javafx-sdk-15.0.1/lib/javafx.web.jar:/Library/Java/javafx-sdk-15.0.1/lib/javafx.base.jar:/Library/Java/javafx-sdk-15.0.1/lib/javafx.fxml.jar:/Library/Java/javafx-sdk-15.0.1/lib/javafx.media.jar:/Library/Java/javafx-sdk-15.0.1/lib/javafx.swing.jar:/Library/Java/javafx-sdk-15.0.1/lib/javafx.controls.jar:/Library/Java/javafx-sdk-15.0.1/lib/javafx.graphics.jar
Launcher Type: SUN_STANDARD

[Global flags]
     intx CICompilerCount                          = 4                                         {product} {ergonomic}
     uint ConcGCThreads                            = 2                                         {product} {ergonomic}
     uint G1ConcRefinementThreads                  = 8                                         {product} {ergonomic}
   size_t G1HeapRegionSize                         = 2097152                                   {product} {ergonomic}
    uintx GCDrainStackTargetSize                   = 64                                        {product} {ergonomic}
   size_t InitialHeapSize                          = 268435456                                 {product} {ergonomic}
   size_t MarkStackSize                            = 4194304                                   {product} {ergonomic}
   size_t MaxHeapSize                              = 4294967296                                {product} {ergonomic}
   size_t MaxNewSize                               = 2575302656                                {product} {ergonomic}
   size_t MinHeapDeltaBytes                        = 2097152                                   {product} {ergonomic}
   size_t MinHeapSize                              = 8388608                                   {product} {ergonomic}
    uintx NonNMethodCodeHeapSize                   = 5839372                                {pd product} {ergonomic}
    uintx NonProfiledCodeHeapSize                  = 122909434                              {pd product} {ergonomic}
    uintx ProfiledCodeHeapSize                     = 122909434                              {pd product} {ergonomic}
    uintx ReservedCodeCacheSize                    = 251658240                              {pd product} {ergonomic}
     bool SegmentedCodeCache                       = true                                      {product} {ergonomic}
   size_t SoftMaxHeapSize                          = 4294967296                             {manageable} {ergonomic}
     bool UseCompressedClassPointers               = true                                 {lp64_product} {ergonomic}
     bool UseCompressedOops                        = true                                 {lp64_product} {ergonomic}
     bool UseG1GC                                  = true                                      {product} {ergonomic}
     bool UseNUMA                                  = false                                     {product} {ergonomic}
     bool UseNUMAInterleaving                      = false                                     {product} {ergonomic}

Logging:
Log output configuration:
 #0: stdout all=warning uptime,level,tags
 #1: stderr all=off uptime,level,tags

Environment Variables:
JAVA_HOME=/Library/Java/JavaVirtualMachines/adoptopenjdk-15.jdk/Contents/Home
PATH=/opt/homebrew/bin:/opt/homebrew/sbin:/opt/homebrew/bin:/opt/homebrew/sbin:/Library/Frameworks/Python.framework/Versions/3.9/bin:/usr/local/bin:/usr/bin:/bin:/usr/sbin:/sbin:/Library/TeX/texbin:/Library/Java/JavaVirtualMachines/adoptopenjdk-15.jdk/Contents/Home/bin
SHELL=/bin/zsh
LC_CTYPE=en_AU.UTF-8

Signal Handlers:
SIGSEGV: [libjvm.dylib+0xa88920], sa_mask[0]=11111111111111111111111111111111, sa_flags=SA_ONSTACK|SA_RESTART|SA_SIGINFO
SIGBUS: [libjvm.dylib+0xa88920], sa_mask[0]=11111111111111111111111111111111, sa_flags=SA_RESTART|SA_SIGINFO
SIGFPE: [libjvm.dylib+0xa88920], sa_mask[0]=11111111111111111111111111111111, sa_flags=SA_RESTART|SA_SIGINFO
SIGPIPE: [libjvm.dylib+0x842990], sa_mask[0]=11111111111111111111111111111111, sa_flags=SA_RESTART|SA_SIGINFO
SIGXFSZ: [libjvm.dylib+0x842990], sa_mask[0]=11111111111111111111111111111111, sa_flags=SA_RESTART|SA_SIGINFO
SIGILL: [libjvm.dylib+0xa88920], sa_mask[0]=11111111111111111111111111111111, sa_flags=SA_RESTART|SA_SIGINFO
SIGUSR2: [libjvm.dylib+0x8434b0], sa_mask[0]=00100000000000000000000000000000, sa_flags=SA_RESTART|SA_SIGINFO
SIGHUP: [libjvm.dylib+0x841b90], sa_mask[0]=11111111111111111111111111111111, sa_flags=SA_RESTART|SA_SIGINFO
SIGINT: [libjvm.dylib+0x841b90], sa_mask[0]=11111111111111111111111111111111, sa_flags=SA_RESTART|SA_SIGINFO
SIGTERM: [libjvm.dylib+0x841b90], sa_mask[0]=11111111111111111111111111111111, sa_flags=SA_RESTART|SA_SIGINFO
SIGQUIT: [libjvm.dylib+0x841b90], sa_mask[0]=11111111111111111111111111111111, sa_flags=SA_RESTART|SA_SIGINFO


---------------  S Y S T E M  ---------------

OS:uname: Darwin 20.4.0 Darwin Kernel Version 20.4.0: Thu Apr 22 21:46:41 PDT 2021; root:xnu-7195.101.2~1/RELEASE_ARM64_T8101 x86_64
OS uptime: 0 days 1:15 hours
rlimit (soft/hard): STACK 8176k/65520k , CORE 0k/infinity , NPROC 2666/4000 , NOFILE 10240/infinity , AS infinity/infinity , CPU infinity/infinity , DATA infinity/infinity , FSIZE infinity/infinity , MEMLOCK infinity/infinity , RSS infinity/infinity
load average: 1.53 1.63 2.11

CPU: total 8 (initial active 8) (1 cores per cpu, 1 threads per core) family 6 model 44 stepping 0 microcode 0x0, cmov, cx8, fxsr, mmx, sse, sse2, sse3, ssse3, sse4.1, sse4.2, popcnt, aes, clmul, tsc, tscinvbit, tscinv, clflush

Memory: 4k page, physical 16777216k(380684k free), swap 0k(0k free)

vm_info: OpenJDK 64-Bit Server VM (15.0.2+7) for bsd-amd64 JRE (15.0.2+7), built on Jan 21 2021 11:59:27 by "jenkins" with clang 4.2.1 Compatible Apple LLVM 10.0.1 (clang-1001.0.46.4)

END.
