#
# A fatal error has been detected by the Java Runtime Environment:
#
#  SIGSEGV (0xb) at pc=0x00007fff6eb5c67c, pid=3648, tid=259
#
# JRE version: OpenJDK Runtime Environment AdoptOpenJDK (15.0.2+7) (build 15.0.2+7)
# Java VM: OpenJDK 64-Bit Server VM AdoptOpenJDK (15.0.2+7, mixed mode, sharing, tiered, compressed oops, g1 gc, bsd-amd64)
# Problematic frame:
# C  [JavaNativeFoundation+0x967c]  -[JNFWeakJObjectWrapper _getWithEnv:]+0x2b
#
# No core dump will be written. Core dumps have been disabled. To enable core dumping, try "ulimit -c unlimited" before starting Java again
#
# If you would like to submit a bug report, please visit:
#   https://github.com/AdoptOpenJDK/openjdk-support/issues
#

---------------  S U M M A R Y ------------

Command Line: -ea --module-path=/Library/Java/javafx-sdk-15.0.1/lib --add-modules=javafx.controls,javafx.fxml,javafx.media -Djava.library.path=/Library/Java/javafx-sdk-15.0.1/lib -javaagent:/Applications/IntelliJ IDEA.app/Contents/lib/idea_rt.jar=50495:/Applications/IntelliJ IDEA.app/Contents/bin -Dfile.encoding=UTF-8 comp1110.ass2.gui.Game

Host: MacBookPro17,1 x86_64 2400 MHz, 8 cores, 16G, Darwin 20.4.0
Time: Tue May 18 12:55:56 2021 KST elapsed time: 2.135604 seconds (0d 0h 0m 2s)

---------------  T H R E A D  ---------------

Current thread is native thread

Stack: [0x0000000304a7e000,0x000000030527e000],  sp=0x0000000305279a70,  free space=8174k
Native frames: (J=compiled Java code, A=aot compiled Java code, j=interpreted, Vv=VM code, C=native code)
C  [JavaNativeFoundation+0x967c]  -[JNFWeakJObjectWrapper _getWithEnv:]+0x2b
C  [JavaNativeFoundation+0x9496]  -[JNFJObjectWrapper jObjectWithEnv:]+0x16
C  [libawt_lwawt.dylib+0x1d281]  -[CGLLayer drawInCGLContext:pixelFormat:forLayerTime:displayTime:]+0xa1
C  [QuartzCore+0xc6979]  _ZL17CAOpenGLLayerDrawP13CAOpenGLLayerdPK11CVTimeStampj+0x7d9
C  [QuartzCore+0xc5fc2]  -[CAOpenGLLayer _display]+0x246
C  [QuartzCore+0x2125f]  _ZN2CA5Layer17display_if_neededEPNS_11TransactionE+0x35f
C  [QuartzCore+0x16c44a]  _ZN2CA7Context18commit_transactionEPNS_11TransactionEdPd+0x29a
C  [QuartzCore+0x274f]  _ZN2CA11Transaction6commitEv+0x2c9
C  [QuartzCore+0x3b1de]  _ZN2CA11Transaction17observer_callbackEP19__CFRunLoopObservermPv+0x6e
C  [CoreFoundation+0x80b7d]  __CFRUNLOOP_IS_CALLING_OUT_TO_AN_OBSERVER_CALLBACK_FUNCTION__+0x17
C  [CoreFoundation+0x80a0d]  __CFRunLoopDoObservers+0x21f
C  [CoreFoundation+0x7ffd2]  __CFRunLoopRun+0x48b
C  [CoreFoundation+0x7f480]  CFRunLoopRunSpecific+0x237
C  [libjli.dylib+0x6e82]  CreateExecutionEnvironment+0x192
C  [libjli.dylib+0x2848]  JLI_Launch+0x5d8
C  [java+0xc0e]  main+0x19e
C  [libdyld.dylib+0x15f3d]  start+0x1


siginfo: si_signo: 11 (SIGSEGV), si_code: 1 (SEGV_MAPERR), si_addr: 0x00000000000000c0

Registers:
RAX=0x0000000000000000, RBX=0x00007fb13300a328, RCX=0x0000000200a76e00, RDX=0x0000000000000000
RSP=0x0000000305279a70, RBP=0x0000000305279a90, RSI=0x00007fb0f2911289, RDI=0x00007fb13300a328
R8 =0x0000000000000000, R9 =0x0000000000000000, R10=0x00007fff85dd8420, R11=0x00007fff6eb5c602
R12=0x00007fb1329aee00, R13=0x00007fb0f2c20440, R14=0x00007fb0f2c17310, R15=0x00007fb0f2911289
RIP=0x00007fff6eb5c67c, EFLAGS=0x0000000000000246, ERR=0x0000000000000004
  TRAPNO=0x000000000000000e

Top of Stack: (sp=0x0000000305279a70)
0x0000000305279a70:   00007fb0f2c17310 00007fb13300a328
0x0000000305279a80:   00007fff20214780 00007fb1316b6a10
0x0000000305279a90:   0000000305279ab0 00007fff6eb5c496
0x0000000305279aa0:   00007fb0f2c17310 00007fb13300a328
0x0000000305279ab0:   0000000305279b10 000000013b39b281
0x0000000305279ac0:   00007fb0f2c0c720 00007fff7bb30a27
0x0000000305279ad0:   00007fb0f2c20440 0000000000000000
0x0000000305279ae0:   40d0fba80d48b548 00007fff20214780
0x0000000305279af0:   00007fb0f2c0c720 00007fb0f2c20440
0x0000000305279b00:   00007fb0f2c20440 00007fb0f1704ee0
0x0000000305279b10:   0000000305279bd0 00007fff26ee4979
0x0000000305279b20:   00007fb1315e1d70 0000000000000000
0x0000000305279b30:   00007fb0f2c20440 0000000000000000
0x0000000305279b40:   00000004f2c20440 00007fb13167cf10
0x0000000305279b50:   40d0fba80d48b548 000002040000040c
0x0000000305279b60:   0000000000000000 00007fb131564410
0x0000000305279b70:   0000000000000004 0000000000000000
0x0000000305279b80:   0000000000000000 0000000305279ba8
0x0000000305279b90:   0000000300000000 00007fff26e609cf
0x0000000305279ba0:   238a5fc94efa004e 00007fff20214780
0x0000000305279bb0:   0000000000000004 0000000000000000
0x0000000305279bc0:   00007fb0f2c20440 00007fff7bb30a27
0x0000000305279bd0:   0000000305279c50 00007fff26ee3fc2
0x0000000305279be0:   0000000000000000 4070200000000000
0x0000000305279bf0:   4080300000000000 4000000000000000
0x0000000305279c00:   0000000000000000 0000000000000000
0x0000000305279c10:   4080300000000000 4070200000000000
0x0000000305279c20:   238a5fc94efa004e 0000000305279d30
0x0000000305279c30:   00007fff7bbb1f3d 00007fb0f2805310
0x0000000305279c40:   0000000305279c60 0000000305279d38
0x0000000305279c50:   000000030527ad30 00007fff26e3f25f
0x0000000305279c60:   0000000000000000 00007fff26e3f100 

Instructions: (pc=0x00007fff6eb5c67c)
0x00007fff6eb5c57c:   c0 74 38 49 89 c6 48 8b 35 6f b9 27 17 4c 8b 25
0x00007fff6eb5c58c:   c0 c8 69 1e 4c 89 ff 48 89 da 48 89 c1 41 ff d4
0x00007fff6eb5c59c:   48 8b 35 45 b9 27 17 4c 89 ff 31 d2 41 ff d4 48
0x00007fff6eb5c5ac:   8d 75 d8 4c 89 f7 e8 4e fc ff ff 48 83 c4 10 5b
0x00007fff6eb5c5bc:   41 5c 41 5e 41 5f 5d c3 55 48 89 e5 53 48 83 ec
0x00007fff6eb5c5cc:   18 48 89 fb 48 8b 35 29 b9 27 17 ff 15 73 c8 69
0x00007fff6eb5c5dc:   1e 48 8d 7d e8 48 89 1f 48 8b 05 85 ba 27 17 48
0x00007fff6eb5c5ec:   89 47 08 48 8b 35 22 b7 27 17 e8 db 05 00 00 48
0x00007fff6eb5c5fc:   83 c4 18 5b 5d c3 55 48 89 e5 48 8b 47 08 5d c3
0x00007fff6eb5c60c:   55 48 89 e5 48 89 57 08 5d c3 55 48 89 e5 41 56
0x00007fff6eb5c61c:   53 49 89 ce 48 89 d3 48 8b 3d 16 ba 27 17 e8 77
0x00007fff6eb5c62c:   05 00 00 48 8b 35 42 b8 27 17 48 89 c7 48 89 da
0x00007fff6eb5c63c:   4c 89 f1 ff 15 0b c8 69 1e 48 89 c7 5b 41 5e 5d
0x00007fff6eb5c64c:   e9 61 05 00 00 55 48 89 e5 41 57 41 56 53 50 48
0x00007fff6eb5c65c:   89 d3 49 89 fe 48 8b 35 20 b8 27 17 ff 15 e2 c7
0x00007fff6eb5c66c:   69 1e 49 89 c7 48 8b 03 48 89 df 4c 89 fe 31 d2
0x00007fff6eb5c67c:   ff 90 c0 00 00 00 3c 01 75 15 48 8b 35 5b b8 27
0x00007fff6eb5c68c:   17 45 31 ff 4c 89 f7 31 d2 ff 15 b5 c7 69 1e 4c
0x00007fff6eb5c69c:   89 f8 48 83 c4 08 5b 41 5e 41 5f 5d c3 55 48 89
0x00007fff6eb5c6ac:   e5 48 89 cf 48 89 d6 5d e9 5e e1 ff ff 55 48 89
0x00007fff6eb5c6bc:   e5 48 89 cf 48 89 d6 5d e9 9b e1 ff ff 55 48 89
0x00007fff6eb5c6cc:   e5 48 83 ec 10 48 83 3d cf c5 27 17 00 75 52 48
0x00007fff6eb5c6dc:   8b 3d 1e b9 27 17 e8 bf 04 00 00 48 8b 0d 12 c7
0x00007fff6eb5c6ec:   69 1e 48 8b 11 48 8b 0d 18 c7 69 1e 48 8b 09 48
0x00007fff6eb5c6fc:   8b 35 06 c7 69 1e 4c 8b 06 48 8b 35 fc b7 27 17
0x00007fff6eb5c70c:   48 c7 04 24 00 00 00 00 4c 8d 0d e5 cb 69 1e 48
0x00007fff6eb5c71c:   89 c7 31 c0 ff 15 2a c7 69 1e 48 89 05 7b c5 27
0x00007fff6eb5c72c:   17 48 83 c4 10 5d c3 55 48 89 e5 48 8d 05 c2 cb
0x00007fff6eb5c73c:   69 1e 5d c3 55 48 89 e5 44 89 c8 4c 8b 0d 5a c5
0x00007fff6eb5c74c:   27 17 48 8b 35 bb b7 27 17 48 89 cf 4c 89 c1 41
0x00007fff6eb5c75c:   89 c0 5d ff 25 eb c6 69 1e 55 48 89 e5 48 89 d7
0x00007fff6eb5c76c:   5d ff 67 10 55 48 89 e5 53 50 48 89 d3 48 89 d7 



---------------  P R O C E S S  ---------------

VM state: at safepoint (normal execution)

VM Mutex/Monitor currently owned by a thread:  ([mutex/lock_event])
[0x00007fb13160c630] Threads_lock - owner thread: 0x00007fb13151b030
[0x00007fb13160d2f0] Heap_lock - owner thread: 0x00007fb133008e00

Heap address: 0x0000000700000000, size: 4096 MB, Compressed Oops mode: Zero based, Oop shift amount: 3
CDS archive(s) mapped at: [0x0000000800000000-0x0000000800b2f000-0x0000000800b2f000), size 11726848, SharedBaseAddress: 0x0000000800000000, ArchiveRelocationMode: 0.
Compressed class space mapped at: 0x0000000800b30000-0x0000000840b30000, size: 1073741824
Narrow klass base: 0x0000000800000000, Narrow klass shift: 3, Narrow klass range: 0x100000000

GC Precious Log:
 CPUs: 8 total, 8 available
 Memory: 16384M
 Large Page Support: Disabled
 NUMA Support: Disabled
 Compressed Oops: Enabled (Zero based)
 Heap Region Size: 2M
 Heap Min Capacity: 8M
 Heap Initial Capacity: 256M
 Heap Max Capacity: 4G
 Pre-touch: Disabled
 Parallel Workers: 8
 Concurrent Workers: 2
 Concurrent Refinement Workers: 8
 Periodic GC: Disabled

Heap:
 garbage-first heap   total 266240K, used 15032K [0x0000000700000000, 0x0000000800000000)
  region size 2048K, 8 young (16384K), 2 survivors (4096K)
 Metaspace       used 14979K, capacity 15218K, committed 15360K, reserved 1062912K
  class space    used 1893K, capacity 1994K, committed 2048K, reserved 1048576K

Heap Regions: E=young(eden), S=young(survivor), O=old, HS=humongous(starts), HC=humongous(continues), CS=collection set, F=free, OA=open archive, CA=closed archive, TAMS=top-at-mark-start (previous, next)
|   0|0x0000000700000000, 0x0000000700000000, 0x0000000700200000|  0%| F|  |TAMS 0x0000000700000000, 0x0000000700000000| Untracked 
|   1|0x0000000700200000, 0x0000000700200000, 0x0000000700400000|  0%| F|  |TAMS 0x0000000700200000, 0x0000000700200000| Untracked 
|   2|0x0000000700400000, 0x0000000700400000, 0x0000000700600000|  0%| F|  |TAMS 0x0000000700400000, 0x0000000700400000| Untracked 
|   3|0x0000000700600000, 0x0000000700600000, 0x0000000700800000|  0%| F|  |TAMS 0x0000000700600000, 0x0000000700600000| Untracked 
|   4|0x0000000700800000, 0x0000000700800000, 0x0000000700a00000|  0%| F|  |TAMS 0x0000000700800000, 0x0000000700800000| Untracked 
|   5|0x0000000700a00000, 0x0000000700a00000, 0x0000000700c00000|  0%| F|  |TAMS 0x0000000700a00000, 0x0000000700a00000| Untracked 
|   6|0x0000000700c00000, 0x0000000700c00000, 0x0000000700e00000|  0%| F|  |TAMS 0x0000000700c00000, 0x0000000700c00000| Untracked 
|   7|0x0000000700e00000, 0x0000000700e00000, 0x0000000701000000|  0%| F|  |TAMS 0x0000000700e00000, 0x0000000700e00000| Untracked 
|   8|0x0000000701000000, 0x0000000701000000, 0x0000000701200000|  0%| F|  |TAMS 0x0000000701000000, 0x0000000701000000| Untracked 
|   9|0x0000000701200000, 0x0000000701200000, 0x0000000701400000|  0%| F|  |TAMS 0x0000000701200000, 0x0000000701200000| Untracked 
|  10|0x0000000701400000, 0x0000000701400000, 0x0000000701600000|  0%| F|  |TAMS 0x0000000701400000, 0x0000000701400000| Untracked 
|  11|0x0000000701600000, 0x0000000701600000, 0x0000000701800000|  0%| F|  |TAMS 0x0000000701600000, 0x0000000701600000| Untracked 
|  12|0x0000000701800000, 0x0000000701800000, 0x0000000701a00000|  0%| F|  |TAMS 0x0000000701800000, 0x0000000701800000| Untracked 
|  13|0x0000000701a00000, 0x0000000701a00000, 0x0000000701c00000|  0%| F|  |TAMS 0x0000000701a00000, 0x0000000701a00000| Untracked 
|  14|0x0000000701c00000, 0x0000000701c00000, 0x0000000701e00000|  0%| F|  |TAMS 0x0000000701c00000, 0x0000000701c00000| Untracked 
|  15|0x0000000701e00000, 0x0000000701e00000, 0x0000000702000000|  0%| F|  |TAMS 0x0000000701e00000, 0x0000000701e00000| Untracked 
|  16|0x0000000702000000, 0x0000000702000000, 0x0000000702200000|  0%| F|  |TAMS 0x0000000702000000, 0x0000000702000000| Untracked 
|  17|0x0000000702200000, 0x0000000702200000, 0x0000000702400000|  0%| F|  |TAMS 0x0000000702200000, 0x0000000702200000| Untracked 
|  18|0x0000000702400000, 0x0000000702400000, 0x0000000702600000|  0%| F|  |TAMS 0x0000000702400000, 0x0000000702400000| Untracked 
|  19|0x0000000702600000, 0x0000000702600000, 0x0000000702800000|  0%| F|  |TAMS 0x0000000702600000, 0x0000000702600000| Untracked 
|  20|0x0000000702800000, 0x0000000702800000, 0x0000000702a00000|  0%| F|  |TAMS 0x0000000702800000, 0x0000000702800000| Untracked 
|  21|0x0000000702a00000, 0x0000000702a00000, 0x0000000702c00000|  0%| F|  |TAMS 0x0000000702a00000, 0x0000000702a00000| Untracked 
|  22|0x0000000702c00000, 0x0000000702c00000, 0x0000000702e00000|  0%| F|  |TAMS 0x0000000702c00000, 0x0000000702c00000| Untracked 
|  23|0x0000000702e00000, 0x0000000702e00000, 0x0000000703000000|  0%| F|  |TAMS 0x0000000702e00000, 0x0000000702e00000| Untracked 
|  24|0x0000000703000000, 0x0000000703000000, 0x0000000703200000|  0%| F|  |TAMS 0x0000000703000000, 0x0000000703000000| Untracked 
|  25|0x0000000703200000, 0x0000000703200000, 0x0000000703400000|  0%| F|  |TAMS 0x0000000703200000, 0x0000000703200000| Untracked 
|  26|0x0000000703400000, 0x0000000703400000, 0x0000000703600000|  0%| F|  |TAMS 0x0000000703400000, 0x0000000703400000| Untracked 
|  27|0x0000000703600000, 0x0000000703600000, 0x0000000703800000|  0%| F|  |TAMS 0x0000000703600000, 0x0000000703600000| Untracked 
|  28|0x0000000703800000, 0x0000000703800000, 0x0000000703a00000|  0%| F|  |TAMS 0x0000000703800000, 0x0000000703800000| Untracked 
|  29|0x0000000703a00000, 0x0000000703a00000, 0x0000000703c00000|  0%| F|  |TAMS 0x0000000703a00000, 0x0000000703a00000| Untracked 
|  30|0x0000000703c00000, 0x0000000703c00000, 0x0000000703e00000|  0%| F|  |TAMS 0x0000000703c00000, 0x0000000703c00000| Untracked 
|  31|0x0000000703e00000, 0x0000000703e00000, 0x0000000704000000|  0%| F|  |TAMS 0x0000000703e00000, 0x0000000703e00000| Untracked 
|  32|0x0000000704000000, 0x0000000704000000, 0x0000000704200000|  0%| F|  |TAMS 0x0000000704000000, 0x0000000704000000| Untracked 
|  33|0x0000000704200000, 0x0000000704200000, 0x0000000704400000|  0%| F|  |TAMS 0x0000000704200000, 0x0000000704200000| Untracked 
|  34|0x0000000704400000, 0x0000000704400000, 0x0000000704600000|  0%| F|  |TAMS 0x0000000704400000, 0x0000000704400000| Untracked 
|  35|0x0000000704600000, 0x0000000704600000, 0x0000000704800000|  0%| F|  |TAMS 0x0000000704600000, 0x0000000704600000| Untracked 
|  36|0x0000000704800000, 0x0000000704800000, 0x0000000704a00000|  0%| F|  |TAMS 0x0000000704800000, 0x0000000704800000| Untracked 
|  37|0x0000000704a00000, 0x0000000704a00000, 0x0000000704c00000|  0%| F|  |TAMS 0x0000000704a00000, 0x0000000704a00000| Untracked 
|  38|0x0000000704c00000, 0x0000000704c00000, 0x0000000704e00000|  0%| F|  |TAMS 0x0000000704c00000, 0x0000000704c00000| Untracked 
|  39|0x0000000704e00000, 0x0000000704e00000, 0x0000000705000000|  0%| F|  |TAMS 0x0000000704e00000, 0x0000000704e00000| Untracked 
|  40|0x0000000705000000, 0x0000000705000000, 0x0000000705200000|  0%| F|  |TAMS 0x0000000705000000, 0x0000000705000000| Untracked 
|  41|0x0000000705200000, 0x0000000705200000, 0x0000000705400000|  0%| F|  |TAMS 0x0000000705200000, 0x0000000705200000| Untracked 
|  42|0x0000000705400000, 0x0000000705400000, 0x0000000705600000|  0%| F|  |TAMS 0x0000000705400000, 0x0000000705400000| Untracked 
|  43|0x0000000705600000, 0x0000000705600000, 0x0000000705800000|  0%| F|  |TAMS 0x0000000705600000, 0x0000000705600000| Untracked 
|  44|0x0000000705800000, 0x0000000705800000, 0x0000000705a00000|  0%| F|  |TAMS 0x0000000705800000, 0x0000000705800000| Untracked 
|  45|0x0000000705a00000, 0x0000000705a00000, 0x0000000705c00000|  0%| F|  |TAMS 0x0000000705a00000, 0x0000000705a00000| Untracked 
|  46|0x0000000705c00000, 0x0000000705c00000, 0x0000000705e00000|  0%| F|  |TAMS 0x0000000705c00000, 0x0000000705c00000| Untracked 
|  47|0x0000000705e00000, 0x0000000705e00000, 0x0000000706000000|  0%| F|  |TAMS 0x0000000705e00000, 0x0000000705e00000| Untracked 
|  48|0x0000000706000000, 0x0000000706000000, 0x0000000706200000|  0%| F|  |TAMS 0x0000000706000000, 0x0000000706000000| Untracked 
|  49|0x0000000706200000, 0x0000000706200000, 0x0000000706400000|  0%| F|  |TAMS 0x0000000706200000, 0x0000000706200000| Untracked 
|  50|0x0000000706400000, 0x0000000706400000, 0x0000000706600000|  0%| F|  |TAMS 0x0000000706400000, 0x0000000706400000| Untracked 
|  51|0x0000000706600000, 0x0000000706600000, 0x0000000706800000|  0%| F|  |TAMS 0x0000000706600000, 0x0000000706600000| Untracked 
|  52|0x0000000706800000, 0x0000000706800000, 0x0000000706a00000|  0%| F|  |TAMS 0x0000000706800000, 0x0000000706800000| Untracked 
|  53|0x0000000706a00000, 0x0000000706a00000, 0x0000000706c00000|  0%| F|  |TAMS 0x0000000706a00000, 0x0000000706a00000| Untracked 
|  54|0x0000000706c00000, 0x0000000706c00000, 0x0000000706e00000|  0%| F|  |TAMS 0x0000000706c00000, 0x0000000706c00000| Untracked 
|  55|0x0000000706e00000, 0x0000000706e00000, 0x0000000707000000|  0%| F|  |TAMS 0x0000000706e00000, 0x0000000706e00000| Untracked 
|  56|0x0000000707000000, 0x0000000707000000, 0x0000000707200000|  0%| F|  |TAMS 0x0000000707000000, 0x0000000707000000| Untracked 
|  57|0x0000000707200000, 0x0000000707200000, 0x0000000707400000|  0%| F|  |TAMS 0x0000000707200000, 0x0000000707200000| Untracked 
|  58|0x0000000707400000, 0x0000000707400000, 0x0000000707600000|  0%| F|  |TAMS 0x0000000707400000, 0x0000000707400000| Untracked 
|  59|0x0000000707600000, 0x0000000707600000, 0x0000000707800000|  0%| F|  |TAMS 0x0000000707600000, 0x0000000707600000| Untracked 
|  60|0x0000000707800000, 0x0000000707800000, 0x0000000707a00000|  0%| F|  |TAMS 0x0000000707800000, 0x0000000707800000| Untracked 
|  61|0x0000000707a00000, 0x0000000707a00000, 0x0000000707c00000|  0%| F|  |TAMS 0x0000000707a00000, 0x0000000707a00000| Untracked 
|  62|0x0000000707c00000, 0x0000000707c00000, 0x0000000707e00000|  0%| F|  |TAMS 0x0000000707c00000, 0x0000000707c00000| Untracked 
|  63|0x0000000707e00000, 0x0000000707e00000, 0x0000000708000000|  0%| F|  |TAMS 0x0000000707e00000, 0x0000000707e00000| Untracked 
|  64|0x0000000708000000, 0x0000000708000000, 0x0000000708200000|  0%| F|  |TAMS 0x0000000708000000, 0x0000000708000000| Untracked 
|  65|0x0000000708200000, 0x0000000708200000, 0x0000000708400000|  0%| F|  |TAMS 0x0000000708200000, 0x0000000708200000| Untracked 
|  66|0x0000000708400000, 0x0000000708400000, 0x0000000708600000|  0%| F|  |TAMS 0x0000000708400000, 0x0000000708400000| Untracked 
|  67|0x0000000708600000, 0x0000000708600000, 0x0000000708800000|  0%| F|  |TAMS 0x0000000708600000, 0x0000000708600000| Untracked 
|  68|0x0000000708800000, 0x0000000708800000, 0x0000000708a00000|  0%| F|  |TAMS 0x0000000708800000, 0x0000000708800000| Untracked 
|  69|0x0000000708a00000, 0x0000000708a00000, 0x0000000708c00000|  0%| F|  |TAMS 0x0000000708a00000, 0x0000000708a00000| Untracked 
|  70|0x0000000708c00000, 0x0000000708c00000, 0x0000000708e00000|  0%| F|  |TAMS 0x0000000708c00000, 0x0000000708c00000| Untracked 
|  71|0x0000000708e00000, 0x0000000708e00000, 0x0000000709000000|  0%| F|  |TAMS 0x0000000708e00000, 0x0000000708e00000| Untracked 
|  72|0x0000000709000000, 0x0000000709000000, 0x0000000709200000|  0%| F|  |TAMS 0x0000000709000000, 0x0000000709000000| Untracked 
|  73|0x0000000709200000, 0x0000000709200000, 0x0000000709400000|  0%| F|  |TAMS 0x0000000709200000, 0x0000000709200000| Untracked 
|  74|0x0000000709400000, 0x0000000709400000, 0x0000000709600000|  0%| F|  |TAMS 0x0000000709400000, 0x0000000709400000| Untracked 
|  75|0x0000000709600000, 0x0000000709600000, 0x0000000709800000|  0%| F|  |TAMS 0x0000000709600000, 0x0000000709600000| Untracked 
|  76|0x0000000709800000, 0x0000000709800000, 0x0000000709a00000|  0%| F|  |TAMS 0x0000000709800000, 0x0000000709800000| Untracked 
|  77|0x0000000709a00000, 0x0000000709a00000, 0x0000000709c00000|  0%| F|  |TAMS 0x0000000709a00000, 0x0000000709a00000| Untracked 
|  78|0x0000000709c00000, 0x0000000709c00000, 0x0000000709e00000|  0%| F|  |TAMS 0x0000000709c00000, 0x0000000709c00000| Untracked 
|  79|0x0000000709e00000, 0x0000000709e00000, 0x000000070a000000|  0%| F|  |TAMS 0x0000000709e00000, 0x0000000709e00000| Untracked 
|  80|0x000000070a000000, 0x000000070a000000, 0x000000070a200000|  0%| F|  |TAMS 0x000000070a000000, 0x000000070a000000| Untracked 
|  81|0x000000070a200000, 0x000000070a200000, 0x000000070a400000|  0%| F|  |TAMS 0x000000070a200000, 0x000000070a200000| Untracked 
|  82|0x000000070a400000, 0x000000070a400000, 0x000000070a600000|  0%| F|  |TAMS 0x000000070a400000, 0x000000070a400000| Untracked 
|  83|0x000000070a600000, 0x000000070a600000, 0x000000070a800000|  0%| F|  |TAMS 0x000000070a600000, 0x000000070a600000| Untracked 
|  84|0x000000070a800000, 0x000000070a800000, 0x000000070aa00000|  0%| F|  |TAMS 0x000000070a800000, 0x000000070a800000| Untracked 
|  85|0x000000070aa00000, 0x000000070aa00000, 0x000000070ac00000|  0%| F|  |TAMS 0x000000070aa00000, 0x000000070aa00000| Untracked 
|  86|0x000000070ac00000, 0x000000070ac00000, 0x000000070ae00000|  0%| F|  |TAMS 0x000000070ac00000, 0x000000070ac00000| Untracked 
|  87|0x000000070ae00000, 0x000000070ae00000, 0x000000070b000000|  0%| F|  |TAMS 0x000000070ae00000, 0x000000070ae00000| Untracked 
|  88|0x000000070b000000, 0x000000070b000000, 0x000000070b200000|  0%| F|  |TAMS 0x000000070b000000, 0x000000070b000000| Untracked 
|  89|0x000000070b200000, 0x000000070b200000, 0x000000070b400000|  0%| F|  |TAMS 0x000000070b200000, 0x000000070b200000| Untracked 
|  90|0x000000070b400000, 0x000000070b400000, 0x000000070b600000|  0%| F|  |TAMS 0x000000070b400000, 0x000000070b400000| Untracked 
|  91|0x000000070b600000, 0x000000070b600000, 0x000000070b800000|  0%| F|  |TAMS 0x000000070b600000, 0x000000070b600000| Untracked 
|  92|0x000000070b800000, 0x000000070b800000, 0x000000070ba00000|  0%| F|  |TAMS 0x000000070b800000, 0x000000070b800000| Untracked 
|  93|0x000000070ba00000, 0x000000070ba00000, 0x000000070bc00000|  0%| F|  |TAMS 0x000000070ba00000, 0x000000070ba00000| Untracked 
|  94|0x000000070bc00000, 0x000000070bc00000, 0x000000070be00000|  0%| F|  |TAMS 0x000000070bc00000, 0x000000070bc00000| Untracked 
|  95|0x000000070be00000, 0x000000070be00000, 0x000000070c000000|  0%| F|  |TAMS 0x000000070be00000, 0x000000070be00000| Untracked 
|  96|0x000000070c000000, 0x000000070c000000, 0x000000070c200000|  0%| F|  |TAMS 0x000000070c000000, 0x000000070c000000| Untracked 
|  97|0x000000070c200000, 0x000000070c200000, 0x000000070c400000|  0%| F|  |TAMS 0x000000070c200000, 0x000000070c200000| Untracked 
|  98|0x000000070c400000, 0x000000070c400000, 0x000000070c600000|  0%| F|  |TAMS 0x000000070c400000, 0x000000070c400000| Untracked 
|  99|0x000000070c600000, 0x000000070c600000, 0x000000070c800000|  0%| F|  |TAMS 0x000000070c600000, 0x000000070c600000| Untracked 
| 100|0x000000070c800000, 0x000000070c800000, 0x000000070ca00000|  0%| F|  |TAMS 0x000000070c800000, 0x000000070c800000| Untracked 
| 101|0x000000070ca00000, 0x000000070ca00000, 0x000000070cc00000|  0%| F|  |TAMS 0x000000070ca00000, 0x000000070ca00000| Untracked 
| 102|0x000000070cc00000, 0x000000070cc00000, 0x000000070ce00000|  0%| F|  |TAMS 0x000000070cc00000, 0x000000070cc00000| Untracked 
| 103|0x000000070ce00000, 0x000000070ce00000, 0x000000070d000000|  0%| F|  |TAMS 0x000000070ce00000, 0x000000070ce00000| Untracked 
| 104|0x000000070d000000, 0x000000070d000000, 0x000000070d200000|  0%| F|  |TAMS 0x000000070d000000, 0x000000070d000000| Untracked 
| 105|0x000000070d200000, 0x000000070d200000, 0x000000070d400000|  0%| F|  |TAMS 0x000000070d200000, 0x000000070d200000| Untracked 
| 106|0x000000070d400000, 0x000000070d400000, 0x000000070d600000|  0%| F|  |TAMS 0x000000070d400000, 0x000000070d400000| Untracked 
| 107|0x000000070d600000, 0x000000070d600000, 0x000000070d800000|  0%| F|  |TAMS 0x000000070d600000, 0x000000070d600000| Untracked 
| 108|0x000000070d800000, 0x000000070d800000, 0x000000070da00000|  0%| F|  |TAMS 0x000000070d800000, 0x000000070d800000| Untracked 
| 109|0x000000070da00000, 0x000000070da00000, 0x000000070dc00000|  0%| F|  |TAMS 0x000000070da00000, 0x000000070da00000| Untracked 
| 110|0x000000070dc00000, 0x000000070dc00000, 0x000000070de00000|  0%| F|  |TAMS 0x000000070dc00000, 0x000000070dc00000| Untracked 
| 111|0x000000070de00000, 0x000000070de00000, 0x000000070e000000|  0%| F|  |TAMS 0x000000070de00000, 0x000000070de00000| Untracked 
| 112|0x000000070e000000, 0x000000070e000000, 0x000000070e200000|  0%| F|  |TAMS 0x000000070e000000, 0x000000070e000000| Untracked 
| 113|0x000000070e200000, 0x000000070e200000, 0x000000070e400000|  0%| F|  |TAMS 0x000000070e200000, 0x000000070e200000| Untracked 
| 114|0x000000070e400000, 0x000000070e400000, 0x000000070e600000|  0%| F|  |TAMS 0x000000070e400000, 0x000000070e400000| Untracked 
| 115|0x000000070e600000, 0x000000070e6e4128, 0x000000070e800000| 44%| S|CS|TAMS 0x000000070e600000, 0x000000070e600000| Complete 
| 116|0x000000070e800000, 0x000000070ea00000, 0x000000070ea00000|100%| S|CS|TAMS 0x000000070e800000, 0x000000070e800000| Complete 
| 117|0x000000070ea00000, 0x000000070ea00000, 0x000000070ec00000|  0%| F|  |TAMS 0x000000070ea00000, 0x000000070ea00000| Untracked 
| 118|0x000000070ec00000, 0x000000070ec00000, 0x000000070ee00000|  0%| F|  |TAMS 0x000000070ec00000, 0x000000070ec00000| Untracked 
| 119|0x000000070ee00000, 0x000000070ee00000, 0x000000070f000000|  0%| F|  |TAMS 0x000000070ee00000, 0x000000070ee00000| Untracked 
| 120|0x000000070f000000, 0x000000070f000000, 0x000000070f200000|  0%| F|  |TAMS 0x000000070f000000, 0x000000070f000000| Untracked 
| 121|0x000000070f200000, 0x000000070f200000, 0x000000070f400000|  0%| F|  |TAMS 0x000000070f200000, 0x000000070f200000| Untracked 
| 122|0x000000070f400000, 0x000000070f46b0e8, 0x000000070f600000| 20%| E|  |TAMS 0x000000070f400000, 0x000000070f400000| Complete 
| 123|0x000000070f600000, 0x000000070f800000, 0x000000070f800000|100%| E|CS|TAMS 0x000000070f600000, 0x000000070f600000| Complete 
| 124|0x000000070f800000, 0x000000070fa00000, 0x000000070fa00000|100%| E|CS|TAMS 0x000000070f800000, 0x000000070f800000| Complete 
| 125|0x000000070fa00000, 0x000000070fc00000, 0x000000070fc00000|100%| E|CS|TAMS 0x000000070fa00000, 0x000000070fa00000| Complete 
| 126|0x000000070fc00000, 0x000000070fe00000, 0x000000070fe00000|100%| E|CS|TAMS 0x000000070fc00000, 0x000000070fc00000| Complete 
| 127|0x000000070fe00000, 0x0000000710000000, 0x0000000710000000|100%| E|CS|TAMS 0x000000070fe00000, 0x000000070fe00000| Complete 
|1534|0x00000007bfc00000, 0x00000007bfd51000, 0x00000007bfe00000| 65%|OA|  |TAMS 0x00000007bfc00000, 0x00000007bfc00000| Untracked 
|1535|0x00000007bfe00000, 0x00000007bfe79000, 0x00000007c0000000| 23%|CA|  |TAMS 0x00000007bfe00000, 0x00000007bfe00000| Untracked 

Card table byte_map: [0x000000012747f000,0x0000000127c7f000] _byte_map_base: 0x0000000123c7f000

Marking Bits (Prev, Next): (CMBitMap*) 0x00007fb132023e10, (CMBitMap*) 0x00007fb132023e50
 Prev Bits: [0x000000012847f000, 0x000000012c47f000)
 Next Bits: [0x000000012c47f000, 0x000000013047f000)

Polling page: 0x00000001007da000

Metaspace:

Usage:
  Non-class:     12.91 MB capacity,    12.78 MB ( 99%) used,   116.64 KB ( <1%) free+waste,    21.00 KB ( <1%) overhead. 
      Class:      1.95 MB capacity,     1.85 MB ( 95%) used,    91.76 KB (  5%) free+waste,     9.00 KB ( <1%) overhead. 
       Both:     14.86 MB capacity,    14.63 MB ( 98%) used,   208.40 KB (  1%) free+waste,    30.00 KB ( <1%) overhead. 

Virtual space:
  Non-class space:       14.00 MB reserved,      13.00 MB ( 93%) committed 
      Class space:        1.00 GB reserved,       2.00 MB ( <1%) committed 
             Both:        1.01 GB reserved,      15.00 MB (  1%) committed 

Chunk freelists:
   Non-Class:  24.00 KB
       Class:  22.00 KB
        Both:  46.00 KB

MaxMetaspaceSize: 17179869184.00 GB
CompressedClassSpaceSize: 1.00 GB

CodeHeap 'non-profiled nmethods': size=120028Kb used=426Kb max_used=426Kb free=119601Kb
 bounds [0x000000011f748000, 0x000000011f9b8000, 0x0000000126c7f000]
CodeHeap 'profiled nmethods': size=120028Kb used=2285Kb max_used=2285Kb free=117742Kb
 bounds [0x0000000118211000, 0x0000000118481000, 0x000000011f748000]
CodeHeap 'non-nmethods': size=5704Kb used=1396Kb max_used=1396Kb free=4307Kb
 bounds [0x0000000117c7f000, 0x0000000117eef000, 0x0000000118211000]
 total_blobs=2140 nmethods=1412 adapters=642
 compilation: enabled
              stopped_count=0, restarted_count=0
 full_count=0

Compilation events (20 events):
Event: 2.128 Thread 0x00007fb132811400 1403  s    3       sun.font.CCharToGlyphMapper$Cache::get (74 bytes)
Event: 2.128 Thread 0x00007fb132811400 nmethod 1403 0x0000000118449b10 code [0x0000000118449d20, 0x000000011844a650]
Event: 2.128 Thread 0x00007fb132811400 1404  s    3       sun.font.CStrike$GlyphInfoCache::get (80 bytes)
Event: 2.129 Thread 0x00007fb132811400 nmethod 1404 0x000000011844a910 code [0x000000011844ab20, 0x000000011844b4b0]
Event: 2.129 Thread 0x00007fb132811400 1405       3       java.lang.ThreadLocal$ThreadLocalMap::getEntry (42 bytes)
Event: 2.129 Thread 0x00007fb132811400 nmethod 1405 0x000000011844b710 code [0x000000011844b8c0, 0x000000011844bb80]
Event: 2.129 Thread 0x00007fb132811400 1406       1       java.awt.geom.Rectangle2D$Double::getWidth (5 bytes)
Event: 2.129 Thread 0x00007fb132811400 nmethod 1406 0x000000011f7b1b10 code [0x000000011f7b1ca0, 0x000000011f7b1d50]
Event: 2.129 Thread 0x00007fb132811400 1407       1       java.awt.geom.Rectangle2D$Double::getHeight (5 bytes)
Event: 2.129 Thread 0x00007fb132811400 nmethod 1407 0x000000011f7b1e10 code [0x000000011f7b1fa0, 0x000000011f7b2050]
Event: 2.131 Thread 0x00007fb132811400 1408       3       java.awt.Component::setBoundsOp (51 bytes)
Event: 2.131 Thread 0x00007fb132811400 nmethod 1408 0x000000011844bc90 code [0x000000011844be20, 0x000000011844bfd0]
Event: 2.131 Thread 0x00007fb132811400 1409       1       sun.java2d.SurfaceData::isValid (5 bytes)
Event: 2.131 Thread 0x00007fb132811400 nmethod 1409 0x000000011f7b2110 code [0x000000011f7b22a0, 0x000000011f7b2350]
Event: 2.131 Thread 0x00007fb132811400 1410       3       java.awt.geom.AffineTransform::getType (17 bytes)
Event: 2.132 Thread 0x00007fb132811400 nmethod 1410 0x000000011844c090 code [0x000000011844c220, 0x000000011844c3a0]
Event: 2.132 Thread 0x00007fb132811400 1411       1       java.util.concurrent.CopyOnWriteArrayList::getArray (5 bytes)
Event: 2.132 Thread 0x00007fb132811400 nmethod 1411 0x000000011f7b2410 code [0x000000011f7b25a0, 0x000000011f7b2650]
Event: 2.132 Thread 0x00007fb132811400 1412       1       sun.java2d.loops.SurfaceType::getSuperType (5 bytes)
Event: 2.132 Thread 0x00007fb132811400 nmethod 1412 0x000000011f7b2710 code [0x000000011f7b28a0, 0x000000011f7b2950]

GC Heap History (2 events):
Event: 0.877 GC heap before
{Heap before GC invocations=0 (full 0):
 garbage-first heap   total 266240K, used 22312K [0x0000000700000000, 0x0000000800000000)
  region size 2048K, 11 young (22528K), 0 survivors (0K)
 Metaspace       used 5708K, capacity 8294K, committed 8448K, reserved 1056768K
  class space    used 720K, capacity 949K, committed 1024K, reserved 1048576K
}
Event: 0.885 GC heap after
{Heap after GC invocations=1 (full 0):
 garbage-first heap   total 266240K, used 4792K [0x0000000700000000, 0x0000000800000000)
  region size 2048K, 2 young (4096K), 2 survivors (4096K)
 Metaspace       used 5708K, capacity 8294K, committed 8448K, reserved 1056768K
  class space    used 720K, capacity 949K, committed 1024K, reserved 1048576K
}

Deoptimization events (20 events):
Event: 2.015 Thread 0x00007fb13300a000 Uncommon trap: trap_request=0xffffff45 fr.pc=0x000000011f756744 relative=0x0000000000000044
Event: 2.015 Thread 0x00007fb13300a000 Uncommon trap: reason=unstable_if action=reinterpret pc=0x000000011f756744 method=java.lang.CharacterData.of(I)Ljava/lang/CharacterData; @ 4 c2
Event: 2.015 Thread 0x00007fb13300a000 DEOPT PACKING pc=0x000000011f756744 sp=0x0000000305278750
Event: 2.015 Thread 0x00007fb13300a000 DEOPT UNPACKING pc=0x0000000117ccce1f sp=0x0000000305278710 mode 2
Event: 2.112 Thread 0x00007fb13215f400 Uncommon trap: trap_request=0xffffffc6 fr.pc=0x000000011f7960a4 relative=0x0000000000000564
Event: 2.112 Thread 0x00007fb13215f400 Uncommon trap: reason=bimorphic_or_optimized_type_check action=maybe_recompile pc=0x000000011f7960a4 method=java.util.HashMap.getNode(Ljava/lang/Object;)Ljava/util/HashMap$Node; @ 128 c2
Event: 2.112 Thread 0x00007fb13215f400 DEOPT PACKING pc=0x000000011f7960a4 sp=0x000000030768bbc0
Event: 2.112 Thread 0x00007fb13215f400 DEOPT UNPACKING pc=0x0000000117ccce1f sp=0x000000030768bb68 mode 2
Event: 2.117 Thread 0x00007fb13215f400 Uncommon trap: trap_request=0xffffffc6 fr.pc=0x000000011f7960a4 relative=0x0000000000000564
Event: 2.117 Thread 0x00007fb13215f400 Uncommon trap: reason=bimorphic_or_optimized_type_check action=maybe_recompile pc=0x000000011f7960a4 method=java.util.HashMap.getNode(Ljava/lang/Object;)Ljava/util/HashMap$Node; @ 128 c2
Event: 2.117 Thread 0x00007fb13215f400 DEOPT PACKING pc=0x000000011f7960a4 sp=0x000000030768bbc0
Event: 2.117 Thread 0x00007fb13215f400 DEOPT UNPACKING pc=0x0000000117ccce1f sp=0x000000030768bb68 mode 2
Event: 2.118 Thread 0x00007fb13215f400 Uncommon trap: trap_request=0xffffffc6 fr.pc=0x000000011f7960a4 relative=0x0000000000000564
Event: 2.118 Thread 0x00007fb13215f400 Uncommon trap: reason=bimorphic_or_optimized_type_check action=maybe_recompile pc=0x000000011f7960a4 method=java.util.HashMap.getNode(Ljava/lang/Object;)Ljava/util/HashMap$Node; @ 128 c2
Event: 2.118 Thread 0x00007fb13215f400 DEOPT PACKING pc=0x000000011f7960a4 sp=0x000000030768bbc0
Event: 2.118 Thread 0x00007fb13215f400 DEOPT UNPACKING pc=0x0000000117ccce1f sp=0x000000030768bb68 mode 2
Event: 2.126 Thread 0x00007fb13215f400 Uncommon trap: trap_request=0xffffffc6 fr.pc=0x000000011f7960a4 relative=0x0000000000000564
Event: 2.126 Thread 0x00007fb13215f400 Uncommon trap: reason=bimorphic_or_optimized_type_check action=maybe_recompile pc=0x000000011f7960a4 method=java.util.HashMap.getNode(Ljava/lang/Object;)Ljava/util/HashMap$Node; @ 128 c2
Event: 2.126 Thread 0x00007fb13215f400 DEOPT PACKING pc=0x000000011f7960a4 sp=0x000000030768b770
Event: 2.126 Thread 0x00007fb13215f400 DEOPT UNPACKING pc=0x0000000117ccce1f sp=0x000000030768b718 mode 2

Classes unloaded (0 events):
No events

Classes redefined (0 events):
No events

Internal exceptions (20 events):
Event: 0.797 Thread 0x00007fb13300a000 Exception <a 'java/lang/NoSuchMethodError'{0x000000070ec74140}: 'void java.lang.invoke.DirectMethodHandle$Holder.invokeSpecial(java.lang.Object, java.lang.Object, java.lang.Object, java.lang.Object, java.lang.Object)'> (0x000000070ec74140) 
thrown [./src/hotspot/share/interpreter/linkResolver.cpp, line 782]
Event: 0.918 Thread 0x00007fb13300a000 Exception <a 'java/lang/ClassNotFoundException'{0x000000070ffe64d8}: sun/awt/resources/spi/awtProvider> (0x000000070ffe64d8) 
thrown [./src/hotspot/share/classfile/systemDictionary.cpp, line 295]
Event: 0.931 Thread 0x00007fb13300a000 Exception <a 'java/io/FileNotFoundException'{0x000000070fff81c0}> (0x000000070fff81c0) 
thrown [./src/hotspot/share/prims/jni.cpp, line 578]
Event: 0.932 Thread 0x00007fb13300a000 Exception <a 'java/io/FileNotFoundException'{0x000000070fff9668}> (0x000000070fff9668) 
thrown [./src/hotspot/share/prims/jni.cpp, line 578]
Event: 0.943 Thread 0x00007fb13300a000 Exception <a 'java/lang/ClassNotFoundException'{0x000000070fc20078}: sun/awt/resources/spi/awtosxProvider> (0x000000070fc20078) 
thrown [./src/hotspot/share/classfile/systemDictionary.cpp, line 295]
Event: 1.023 Thread 0x00007fb13300a000 Exception <a 'java/lang/NoSuchMethodError'{0x000000070fd72f18}: 'java.lang.Object java.lang.invoke.DirectMethodHandle$Holder.invokeStatic(java.lang.Object, int, java.lang.Object, java.lang.Object, java.lang.Object, java.lang.Object)'> (0x000000070fd72f18) 
thrown [./src/hotspot/share/interpreter/linkResolver.cpp, line 782]
Event: 1.030 Thread 0x00007fb13300a000 Exception <a 'java/lang/NoSuchMethodError'{0x000000070fd991d8}: 'java.lang.Object java.lang.invoke.DirectMethodHandle$Holder.invokeStatic(java.lang.Object, int, java.lang.Object)'> (0x000000070fd991d8) 
thrown [./src/hotspot/share/interpreter/linkResolver.cpp, line 782]
Event: 1.036 Thread 0x00007fb13300a000 Exception <a 'java/lang/ClassNotFoundException'{0x000000070fdce5e8}: com/apple/laf/resources/spi/aquaProvider> (0x000000070fdce5e8) 
thrown [./src/hotspot/share/classfile/systemDictionary.cpp, line 295]
Event: 1.068 Thread 0x00007fb13300a000 Exception <a 'java/lang/ClassNotFoundException'{0x000000070fa3e1e8}: com/sun/swing/internal/plaf/basic/resources/spi/basicProvider> (0x000000070fa3e1e8) 
thrown [./src/hotspot/share/classfile/systemDictionary.cpp, line 295]
Event: 1.077 Thread 0x00007fb13300a000 Implicit null exception at 0x000000011f7632d8 to 0x000000011f76336a
Event: 1.938 Thread 0x00007fb13300a000 Exception <a 'java/lang/NoSuchMethodError'{0x000000070f8b14b8}: 'java.lang.Object java.lang.invoke.DirectMethodHandle$Holder.newInvokeSpecial(java.lang.Object, java.lang.Object, java.lang.Object, int, java.lang.Object)'> (0x000000070f8b14b8) 
thrown [./src/hotspot/share/interpreter/linkResolver.cpp, line 782]
Event: 1.952 Thread 0x00007fb13300a000 Exception <a 'java/lang/NoSuchMethodError'{0x000000070f8bd280}: 'void java.lang.invoke.DirectMethodHandle$Holder.invokeStatic(java.lang.Object, int, long)'> (0x000000070f8bd280) 
thrown [./src/hotspot/share/interpreter/linkResolver.cpp, line 782]
Event: 1.956 Thread 0x00007fb13215f400 Exception <a 'java/lang/NoSuchMethodError'{0x000000070faaf208}: 'void java.lang.invoke.DirectMethodHandle$Holder.invokeStatic(java.lang.Object, long)'> (0x000000070faaf208) 
thrown [./src/hotspot/share/interpreter/linkResolver.cpp, line 782]
Event: 1.957 Thread 0x00007fb13300a000 Exception <a 'java/lang/NoSuchMethodError'{0x000000070f8d6050}: 'java.lang.Object java.lang.invoke.Invokers$Holder.linkToTargetMethod(int, int, int, int, java.lang.Object)'> (0x000000070f8d6050) 
thrown [./src/hotspot/share/interpreter/linkResolver.cpp, line 782]
Event: 1.959 Thread 0x00007fb13300a000 Exception <a 'java/lang/NoSuchMethodError'{0x000000070f8d9cb8}: 'void java.lang.invoke.DirectMethodHandle$Holder.invokeStatic(java.lang.Object, java.lang.Object, long)'> (0x000000070f8d9cb8) 
thrown [./src/hotspot/share/interpreter/linkResolver.cpp, line 782]
Event: 1.994 Thread 0x00007fb13300a000 Exception <a 'java/lang/NoSuchMethodError'{0x000000070f904ac0}: 'void java.lang.invoke.DirectMethodHandle$Holder.invokeSpecial(java.lang.Object, java.lang.Object, long)'> (0x000000070f904ac0) 
thrown [./src/hotspot/share/interpreter/linkResolver.cpp, line 782]
Event: 1.995 Thread 0x00007fb13300a000 Exception <a 'java/lang/NoSuchMethodError'{0x000000070f90ac80}: 'void java.lang.invoke.DirectMethodHandle$Holder.invokeStatic(java.lang.Object, long, long)'> (0x000000070f90ac80) 
thrown [./src/hotspot/share/interpreter/linkResolver.cpp, line 782]
Event: 1.995 Thread 0x00007fb13300a000 Exception <a 'java/lang/NoSuchMethodError'{0x000000070f9107e0}: 'java.lang.Object java.lang.invoke.DirectMethodHandle$Holder.newInvokeSpecial(java.lang.Object, long)'> (0x000000070f9107e0) 
thrown [./src/hotspot/share/interpreter/linkResolver.cpp, line 782]
Event: 1.998 Thread 0x00007fb13300a000 Exception <a 'java/lang/NoSuchMethodError'{0x000000070f91ad40}: 'java.lang.Object java.lang.invoke.DirectMethodHandle$Holder.newInvokeSpecial(java.lang.Object, java.lang.Object, int)'> (0x000000070f91ad40) 
thrown [./src/hotspot/share/interpreter/linkResolver.cpp, line 782]
Event: 2.129 Thread 0x00007fb133008e00 Exception <a 'java/lang/reflect/InvocationTargetException'{0x000000070f7a3d20}> (0x000000070f7a3d20) 
thrown [./src/hotspot/share/runtime/reflection.cpp, line 1157]

Events (20 events):
Event: 2.107 loading class java/awt/print/PrinterGraphics done
Event: 2.107 loading class java/awt/PrintGraphics
Event: 2.107 loading class java/awt/PrintGraphics done
Event: 2.107 loading class sun/java2d/loops/FontInfo
Event: 2.107 loading class sun/java2d/loops/FontInfo done
Event: 2.129 Protecting memory [0x0000000304a7e000,0x0000000304a82000] with protection modes 3
Event: 2.129 Thread 0x00007fb13300a000 Thread exited: 0x00007fb13300a000
Event: 2.129 Protecting memory [0x0000000306b70000,0x0000000306b74000] with protection modes 3
Event: 2.129 Thread 0x00007fb1319c2200 Thread exited: 0x00007fb1319c2200
Event: 2.129 Protecting memory [0x0000000306646000,0x000000030664a000] with protection modes 3
Event: 2.129 Thread 0x00007fb1330cbc00 Thread exited: 0x00007fb1330cbc00
Event: 2.130 loading class java/lang/Throwable$WrappedPrintStream
Event: 2.130 loading class java/lang/Throwable$PrintStreamOrWriter
Event: 2.130 loading class java/lang/Throwable$PrintStreamOrWriter done
Event: 2.130 loading class java/lang/Throwable$WrappedPrintStream done
Event: 2.131 Thread 0x00007fb132067200 Thread added: 0x00007fb132067200
Event: 2.131 Protecting memory [0x0000000306646000,0x000000030664a000] with protection modes 0
Event: 2.132 Protecting memory [0x0000000306646000,0x000000030664a000] with protection modes 3
Event: 2.132 Thread 0x00007fb132067200 Thread exited: 0x00007fb132067200
Event: 2.132 Executing VM operation: Exit


Dynamic libraries:
0x00007ffdffea3000 	/Library/Apple/usr/libexec/oah/runtime
0x00007fff2a5d5000 	/usr/lib/libz.1.dylib
0x0000000108a7b000 	/Library/Java/JavaVirtualMachines/adoptopenjdk-15.jdk/Contents/Home/lib/libjli.dylib
0x00007fff350fd000 	/System/Library/Frameworks/Cocoa.framework/Versions/A/Cocoa
0x00007fff22127000 	/System/Library/Frameworks/Security.framework/Versions/A/Security
0x00007fff33320000 	/System/Library/Frameworks/ApplicationServices.framework/Versions/A/ApplicationServices
0x00007fff2a6a1000 	/usr/lib/libSystem.B.dylib
0x00007fff2a69b000 	/usr/lib/system/libcache.dylib
0x00007fff2a657000 	/usr/lib/system/libcommonCrypto.dylib
0x00007fff2a681000 	/usr/lib/system/libcompiler_rt.dylib
0x00007fff2a676000 	/usr/lib/system/libcopyfile.dylib
0x00007fff200fe000 	/usr/lib/system/libcorecrypto.dylib
0x00007fff201c9000 	/usr/lib/system/libdispatch.dylib
0x00007fff2037c000 	/usr/lib/system/libdyld.dylib
0x00007fff2a692000 	/usr/lib/system/libkeymgr.dylib
0x00007fff2dbeb000 	/usr/lib/system/liblaunch.dylib
0x00007fff2a635000 	/usr/lib/system/libmacho.dylib
0x00007fff29e29000 	/usr/lib/system/libquarantine.dylib
0x00007fff2a68f000 	/usr/lib/system/libremovefile.dylib
0x00007fff24af5000 	/usr/lib/system/libsystem_asl.dylib
0x00007fff200ae000 	/usr/lib/system/libsystem_blocks.dylib
0x00007fff2024b000 	/usr/lib/system/libsystem_c.dylib
0x00007fff2a689000 	/usr/lib/system/libsystem_collections.dylib
0x00007fff29221000 	/usr/lib/system/libsystem_configuration.dylib
0x00007fff2850a000 	/usr/lib/system/libsystem_containermanager.dylib
0x00007fff2a3d4000 	/usr/lib/system/libsystem_coreservices.dylib
0x00007fff226dc000 	/usr/lib/system/libsystem_darwin.dylib
0x00007fff2a693000 	/usr/lib/system/libsystem_dnssd.dylib
0x00007fff20248000 	/usr/lib/system/libsystem_featureflags.dylib
0x00007fff203c2000 	/usr/lib/system/libsystem_info.dylib
0x00007fff2a5e8000 	/usr/lib/system/libsystem_m.dylib
0x00007fff2019c000 	/usr/lib/system/libsystem_malloc.dylib
0x00007fff24a88000 	/usr/lib/system/libsystem_networkextension.dylib
0x00007fff22afb000 	/usr/lib/system/libsystem_notify.dylib
0x00007fff3006f000 	/usr/lib/system/libsystem_product_info_filter.dylib
0x00007fff29225000 	/usr/lib/system/libsystem_sandbox.dylib
0x00007fff2a68c000 	/usr/lib/system/libsystem_secinit.dylib
0x00007fff20340000 	/usr/lib/system/libsystem_kernel.dylib
0x00007fff203b8000 	/usr/lib/system/libsystem_platform.dylib
0x00007fff20370000 	/usr/lib/system/libsystem_pthread.dylib
0x00007fff26203000 	/usr/lib/system/libsystem_symptoms.dylib
0x00007fff200e6000 	/usr/lib/system/libsystem_trace.dylib
0x00007fff2a663000 	/usr/lib/system/libunwind.dylib
0x00007fff200b0000 	/usr/lib/system/libxpc.dylib
0x00007fff2032a000 	/usr/lib/libc++abi.dylib
0x00007fff2020e000 	/usr/lib/libobjc.A.dylib
0x00007fff2a66e000 	/usr/lib/liboah.dylib
0x00007fff202d4000 	/usr/lib/libc++.1.dylib
0x00007fff203ee000 	/System/Library/Frameworks/CoreFoundation.framework/Versions/A/CoreFoundation
0x00007fff210c2000 	/System/Library/Frameworks/Foundation.framework/Versions/C/Foundation
0x00007fff22b55000 	/System/Library/Frameworks/AppKit.framework/Versions/C/AppKit
0x00007fff25a33000 	/System/Library/Frameworks/CoreData.framework/Versions/A/CoreData
0x00007fff2389d000 	/System/Library/PrivateFrameworks/UIFoundation.framework/Versions/A/UIFoundation
0x00007fff2fe02000 	/System/Library/PrivateFrameworks/RemoteViewServices.framework/Versions/A/RemoteViewServices
0x00007fff28bd0000 	/System/Library/PrivateFrameworks/XCTTargetBootstrap.framework/Versions/A/XCTTargetBootstrap
0x00007fff2b917000 	/usr/lib/libspindump.dylib
0x00007fff23aec000 	/System/Library/Frameworks/UniformTypeIdentifiers.framework/Versions/A/UniformTypeIdentifiers
0x00007fff273d4000 	/usr/lib/libapp_launch_measurement.dylib
0x00007fff273d7000 	/System/Library/PrivateFrameworks/CoreAutoLayout.framework/Versions/A/CoreAutoLayout
0x00007fff28537000 	/System/Library/Frameworks/Metal.framework/Versions/A/Metal
0x00007fff29230000 	/usr/lib/liblangid.dylib
0x00007fff28bd4000 	/System/Library/PrivateFrameworks/CoreSVG.framework/Versions/A/CoreSVG
0x00007fff24b24000 	/System/Library/PrivateFrameworks/SkyLight.framework/Versions/A/SkyLight
0x00007fff24e88000 	/System/Library/Frameworks/CoreGraphics.framework/Versions/A/CoreGraphics
0x00007fff30324000 	/System/Library/Frameworks/Accelerate.framework/Versions/A/Accelerate
0x00007fff2b356000 	/System/Library/PrivateFrameworks/IconServices.framework/Versions/A/IconServices
0x00007fff2851b000 	/System/Library/Frameworks/IOSurface.framework/Versions/A/IOSurface
0x00007fff263c0000 	/usr/lib/libDiagnosticMessagesClient.dylib
0x00007fff28bbc000 	/System/Library/PrivateFrameworks/DFRFoundation.framework/Versions/A/DFRFoundation
0x00007fff2247c000 	/usr/lib/libicucore.A.dylib
0x00007fff2ce54000 	/System/Library/Frameworks/AudioToolbox.framework/Versions/A/AudioToolbox
0x00007fff2c0e6000 	/System/Library/PrivateFrameworks/DataDetectorsCore.framework/Versions/A/DataDetectorsCore
0x00007fff24a98000 	/usr/lib/libMobileGestalt.dylib
0x00007fff288c0000 	/System/Library/Frameworks/Carbon.framework/Versions/A/Frameworks/HIToolbox.framework/Versions/A/HIToolbox
0x00007fff26e1e000 	/System/Library/Frameworks/QuartzCore.framework/Versions/A/QuartzCore
0x00007fff2fe3a000 	/System/Library/Frameworks/Carbon.framework/Versions/A/Frameworks/SpeechRecognition.framework/Versions/A/SpeechRecognition
0x00007fff2713d000 	/System/Library/PrivateFrameworks/CoreUI.framework/Versions/A/CoreUI
0x00007fff21a96000 	/System/Library/Frameworks/CoreAudio.framework/Versions/A/CoreAudio
0x00007fff264ab000 	/System/Library/Frameworks/DiskArbitration.framework/Versions/A/DiskArbitration
0x00007fff2bce4000 	/System/Library/PrivateFrameworks/MultitouchSupport.framework/Versions/A/MultitouchSupport
0x00007fff2c0dd000 	/System/Library/PrivateFrameworks/InternationalSupport.framework/Versions/A/InternationalSupport
0x00007fff24a97000 	/usr/lib/libenergytrace.dylib
0x00007fff22a4c000 	/System/Library/Frameworks/IOKit.framework/Versions/A/IOKit
0x00007fff3016d000 	/System/Library/Frameworks/CoreServices.framework/Versions/A/CoreServices
0x00007fff2736a000 	/System/Library/PrivateFrameworks/PerformanceAnalysis.framework/Versions/A/PerformanceAnalysis
0x00007fff6bbb7000 	/System/Library/Frameworks/OpenGL.framework/Versions/A/OpenGL
0x00007fff2c161000 	/System/Library/PrivateFrameworks/UserActivity.framework/Versions/A/UserActivity
0x00007fff2553a000 	/System/Library/Frameworks/ColorSync.framework/Versions/A/ColorSync
0x00007fff28e3e000 	/System/Library/Frameworks/CoreImage.framework/Versions/A/CoreImage
0x00007fff218b1000 	/System/Library/Frameworks/CoreText.framework/Versions/A/CoreText
0x00007fff28bfe000 	/System/Library/Frameworks/ImageIO.framework/Versions/A/ImageIO
0x00007fff2a6a7000 	/System/Library/PrivateFrameworks/SoftLinking.framework/Versions/A/SoftLinking
0x00007fff2741f000 	/usr/lib/libxml2.2.dylib
0x00007fff2a914000 	/usr/lib/libcompression.dylib
0x00007fff2c00f000 	/System/Library/PrivateFrameworks/TextureIO.framework/Versions/A/TextureIO
0x00007fff2affb000 	/usr/lib/libate.dylib
0x00007fff2ad28000 	/usr/lib/liblzma.5.dylib
0x00007fff20dd6000 	/System/Library/Frameworks/SystemConfiguration.framework/Versions/A/SystemConfiguration
0x00007fff2a6a3000 	/usr/lib/libfakelink.dylib
0x00007fff245e9000 	/System/Library/Frameworks/CFNetwork.framework/Versions/A/CFNetwork
0x00007fff2a7e3000 	/usr/lib/libarchive.2.dylib
0x00007fff20e54000 	/usr/lib/libCRFSuite.dylib
0x00007fff29e50000 	/usr/lib/libbsm.0.dylib
0x00007fff23f69000 	/usr/lib/libnetwork.dylib
0x00007fff2a6a8000 	/usr/lib/libpcap.A.dylib
0x00007fff261fc000 	/usr/lib/libdns_services.dylib
0x00007fff2ad41000 	/usr/lib/libcoretls_cfhelpers.dylib
0x00007fff2a8e2000 	/usr/lib/libapple_nghttp2.dylib
0x00007fff2a63b000 	/usr/lib/system/libkxld.dylib
0x00007fff25e7a000 	/usr/lib/libsqlite3.dylib
0x00007fff2a3b7000 	/System/Library/PrivateFrameworks/AppleFSCompression.framework/Versions/A/AppleFSCompression
0x00007fff29e38000 	/usr/lib/libcoretls.dylib
0x00007fff2a90f000 	/usr/lib/libpam.2.dylib
0x00007fff2ae3e000 	/usr/lib/libxar.1.dylib
0x00007fff2922c000 	/System/Library/PrivateFrameworks/AppleSystemInfo.framework/Versions/A/AppleSystemInfo
0x00007fff29a7a000 	/System/Library/PrivateFrameworks/IOMobileFramebuffer.framework/Versions/A/IOMobileFramebuffer
0x00007fff2a3c7000 	/usr/lib/libbz2.1.0.dylib
0x00007fff2a6e0000 	/usr/lib/libiconv.2.dylib
0x00007fff2a634000 	/usr/lib/libcharset.1.dylib
0x00007fff273a6000 	/System/Library/Frameworks/CoreServices.framework/Versions/A/Frameworks/FSEvents.framework/Versions/A/FSEvents
0x00007fff226e6000 	/System/Library/Frameworks/CoreServices.framework/Versions/A/Frameworks/CarbonCore.framework/Versions/A/CarbonCore
0x00007fff26410000 	/System/Library/Frameworks/CoreServices.framework/Versions/A/Frameworks/Metadata.framework/Versions/A/Metadata
0x00007fff2a3d9000 	/System/Library/Frameworks/CoreServices.framework/Versions/A/Frameworks/OSServices.framework/Versions/A/OSServices
0x00007fff2a855000 	/System/Library/Frameworks/CoreServices.framework/Versions/A/Frameworks/SearchKit.framework/Versions/A/SearchKit
0x00007fff26187000 	/System/Library/Frameworks/CoreServices.framework/Versions/A/Frameworks/AE.framework/Versions/A/AE
0x00007fff2088c000 	/System/Library/Frameworks/CoreServices.framework/Versions/A/Frameworks/LaunchServices.framework/Versions/A/LaunchServices
0x00007fff2acd8000 	/System/Library/Frameworks/CoreServices.framework/Versions/A/Frameworks/DictionaryServices.framework/Versions/A/DictionaryServices
0x00007fff273af000 	/System/Library/Frameworks/CoreServices.framework/Versions/A/Frameworks/SharedFileList.framework/Versions/A/SharedFileList
0x00007fff29e2c000 	/usr/lib/libCheckFix.dylib
0x00007fff24b0c000 	/System/Library/PrivateFrameworks/TCC.framework/Versions/A/TCC
0x00007fff29232000 	/System/Library/PrivateFrameworks/CoreNLP.framework/Versions/A/CoreNLP
0x00007fff263c3000 	/System/Library/PrivateFrameworks/MetadataUtilities.framework/Versions/A/MetadataUtilities
0x00007fff20e89000 	/usr/lib/libmecabra.dylib
0x00007fff2a136000 	/System/Library/Frameworks/MLCompute.framework/Versions/A/MLCompute
0x00007fff29e61000 	/usr/lib/libmecab.dylib
0x00007fff29eab000 	/usr/lib/libgermantok.dylib
0x00007fff2a8bd000 	/usr/lib/libThaiTokenizer.dylib
0x00007fff2ae79000 	/usr/lib/libChineseTokenizer.dylib
0x00007fff2a90d000 	/System/Library/Frameworks/MetalPerformanceShaders.framework/Versions/A/MetalPerformanceShaders
0x00007fff264b2000 	/System/Library/Frameworks/Accelerate.framework/Versions/A/Frameworks/vImage.framework/Versions/A/vImage
0x00007fff30147000 	/System/Library/Frameworks/Accelerate.framework/Versions/A/Frameworks/vecLib.framework/Versions/A/vecLib
0x00007fff2ae84000 	/System/Library/Frameworks/Accelerate.framework/Versions/A/Frameworks/vecLib.framework/Versions/A/libvMisc.dylib
0x00007fff298da000 	/System/Library/Frameworks/Accelerate.framework/Versions/A/Frameworks/vecLib.framework/Versions/A/libvDSP.dylib
0x00007fff20b93000 	/System/Library/Frameworks/Accelerate.framework/Versions/A/Frameworks/vecLib.framework/Versions/A/libBLAS.dylib
0x00007fff2a933000 	/System/Library/Frameworks/Accelerate.framework/Versions/A/Frameworks/vecLib.framework/Versions/A/libLAPACK.dylib
0x00007fff29eb1000 	/System/Library/Frameworks/Accelerate.framework/Versions/A/Frameworks/vecLib.framework/Versions/A/libLinearAlgebra.dylib
0x00007fff2a8fa000 	/System/Library/Frameworks/Accelerate.framework/Versions/A/Frameworks/vecLib.framework/Versions/A/libSparseBLAS.dylib
0x00007fff2a92d000 	/System/Library/Frameworks/Accelerate.framework/Versions/A/Frameworks/vecLib.framework/Versions/A/libQuadrature.dylib
0x00007fff292de000 	/System/Library/Frameworks/Accelerate.framework/Versions/A/Frameworks/vecLib.framework/Versions/A/libBNNS.dylib
0x00007fff20d67000 	/System/Library/Frameworks/Accelerate.framework/Versions/A/Frameworks/vecLib.framework/Versions/A/libSparse.dylib
0x00007fff291ba000 	/System/Library/Frameworks/MetalPerformanceShaders.framework/Versions/A/Frameworks/MPSCore.framework/Versions/A/MPSCore
0x00007fff2a326000 	/System/Library/Frameworks/MetalPerformanceShaders.framework/Versions/A/Frameworks/MPSImage.framework/Versions/A/MPSImage
0x00007fff29ec7000 	/System/Library/Frameworks/MetalPerformanceShaders.framework/Versions/A/Frameworks/MPSNeuralNetwork.framework/Versions/A/MPSNeuralNetwork
0x00007fff2a298000 	/System/Library/Frameworks/MetalPerformanceShaders.framework/Versions/A/Frameworks/MPSMatrix.framework/Versions/A/MPSMatrix
0x00007fff2a0e6000 	/System/Library/Frameworks/MetalPerformanceShaders.framework/Versions/A/Frameworks/MPSRayIntersector.framework/Versions/A/MPSRayIntersector
0x00007fff2a2cf000 	/System/Library/Frameworks/MetalPerformanceShaders.framework/Versions/A/Frameworks/MPSNDArray.framework/Versions/A/MPSNDArray
0x00007fff20abf000 	/System/Library/PrivateFrameworks/MetalTools.framework/Versions/A/MetalTools
0x00007fff2922a000 	/System/Library/PrivateFrameworks/AggregateDictionary.framework/Versions/A/AggregateDictionary
0x00007fff26390000 	/System/Library/PrivateFrameworks/CoreAnalytics.framework/Versions/A/CoreAnalytics
0x00007fff2a8bf000 	/System/Library/PrivateFrameworks/AppleSauce.framework/Versions/A/AppleSauce
0x00007fff2852d000 	/System/Library/PrivateFrameworks/IOAccelerator.framework/Versions/A/IOAccelerator
0x00007fff6bbab000 	/System/Library/Frameworks/OpenGL.framework/Versions/A/Libraries/libCoreFSCache.dylib
0x00007fff21420000 	/System/Library/PrivateFrameworks/LanguageModeling.framework/Versions/A/LanguageModeling
0x00007fff29a68000 	/System/Library/PrivateFrameworks/CoreEmoji.framework/Versions/A/CoreEmoji
0x00007fff292d7000 	/System/Library/PrivateFrameworks/LinguisticData.framework/Versions/A/LinguisticData
0x00007fff20d1a000 	/System/Library/PrivateFrameworks/Lexicon.framework/Versions/A/Lexicon
0x00007fff2a7d1000 	/usr/lib/libcmph.dylib
0x00007fff27386000 	/System/Library/Frameworks/OpenDirectory.framework/Versions/A/Frameworks/CFOpenDirectory.framework/Versions/A/CFOpenDirectory
0x00007fff27376000 	/System/Library/Frameworks/OpenDirectory.framework/Versions/A/OpenDirectory
0x00007fff2ad43000 	/System/Library/PrivateFrameworks/APFS.framework/Versions/A/APFS
0x00007fff29d8e000 	/System/Library/Frameworks/SecurityFoundation.framework/Versions/A/SecurityFoundation
0x00007fff2ae4c000 	/usr/lib/libutil.dylib
0x00007fff22a11000 	/System/Library/PrivateFrameworks/CoreServicesStore.framework/Versions/A/CoreServicesStore
0x00007fff29e24000 	/System/Library/Frameworks/ServiceManagement.framework/Versions/A/ServiceManagement
0x00007fff2ae50000 	/usr/lib/libxslt.1.dylib
0x00007fff29e1a000 	/System/Library/PrivateFrameworks/BackgroundTaskManagement.framework/Versions/A/BackgroundTaskManagement
0x00007fff2bf5a000 	/System/Library/Frameworks/ImageIO.framework/Versions/A/Resources/libRadiance.dylib
0x00007fff2bf63000 	/System/Library/Frameworks/ImageIO.framework/Versions/A/Resources/libJPEG.dylib
0x00007fff2beae000 	/System/Library/Frameworks/ImageIO.framework/Versions/A/Resources/libPng.dylib
0x00007fff2bed5000 	/System/Library/Frameworks/ImageIO.framework/Versions/A/Resources/libTIFF.dylib
0x00007fff2bfb8000 	/System/Library/Frameworks/ImageIO.framework/Versions/A/Resources/libGIF.dylib
0x00007fff2bc01000 	/System/Library/Frameworks/ImageIO.framework/Versions/A/Resources/libJP2.dylib
0x00007fff2b31e000 	/usr/lib/libexpat.1.dylib
0x00007fff2bbb7000 	/System/Library/PrivateFrameworks/AppleJPEG.framework/Versions/A/AppleJPEG
0x00007fff28763000 	/System/Library/PrivateFrameworks/FontServices.framework/libFontParser.dylib
0x00007fff2613e000 	/System/Library/PrivateFrameworks/RunningBoardServices.framework/Versions/A/RunningBoardServices
0x00007fff2bce0000 	/System/Library/PrivateFrameworks/WatchdogClient.framework/Versions/A/WatchdogClient
0x00007fff21509000 	/System/Library/Frameworks/CoreDisplay.framework/Versions/A/CoreDisplay
0x00007fff28678000 	/System/Library/Frameworks/CoreMedia.framework/Versions/A/CoreMedia
0x00007fff27502000 	/System/Library/Frameworks/CoreVideo.framework/Versions/A/CoreVideo
0x00007fff2bd1b000 	/System/Library/Frameworks/VideoToolbox.framework/Versions/A/VideoToolbox
0x00007fff260be000 	/System/Library/PrivateFrameworks/BaseBoard.framework/Versions/A/BaseBoard
0x00007fff2b461000 	/System/Library/PrivateFrameworks/PersistentConnection.framework/Versions/A/PersistentConnection
0x00007fff25e64000 	/System/Library/PrivateFrameworks/ProtocolBuffer.framework/Versions/A/ProtocolBuffer
0x00007fff260a6000 	/System/Library/PrivateFrameworks/CommonUtilities.framework/Versions/A/CommonUtilities
0x00007fff2bb7a000 	/System/Library/PrivateFrameworks/Bom.framework/Versions/A/Bom
0x00007fff2bf52000 	/System/Library/PrivateFrameworks/GPUWrangler.framework/Versions/A/GPUWrangler
0x00007fff2bf35000 	/System/Library/PrivateFrameworks/IOPresentment.framework/Versions/A/IOPresentment
0x00007fff2bf5d000 	/System/Library/PrivateFrameworks/DSExternalDisplay.framework/Versions/A/DSExternalDisplay
0x00007fff2bfbd000 	/System/Library/PrivateFrameworks/CMCaptureCore.framework/Versions/A/CMCaptureCore
0x00007fff2b8fd000 	/System/Library/PrivateFrameworks/AppServerSupport.framework/Versions/A/AppServerSupport
0x00007fff2d98e000 	/System/Library/PrivateFrameworks/perfdata.framework/Versions/A/perfdata
0x00007fff29d7d000 	/System/Library/PrivateFrameworks/AssertionServices.framework/Versions/A/AssertionServices
0x00007fff21640000 	/System/Library/PrivateFrameworks/AudioToolboxCore.framework/Versions/A/AudioToolboxCore
0x00007fff2865b000 	/System/Library/PrivateFrameworks/caulk.framework/Versions/A/caulk
0x00007fff3cd83000 	/System/Library/PrivateFrameworks/SystemPolicy.framework/Versions/A/SystemPolicy
0x00007fff2b12d000 	/usr/lib/libIOReport.dylib
0x00007fff2d1ca000 	/usr/lib/libSMC.dylib
0x00007fff2be7a000 	/usr/lib/libAudioToolboxUtility.dylib
0x00007fff3d6de000 	/usr/lib/libmis.dylib
0x00007fff6bc07000 	/System/Library/Frameworks/OpenGL.framework/Versions/A/Libraries/libGLU.dylib
0x00007fff6bbca000 	/System/Library/Frameworks/OpenGL.framework/Versions/A/Libraries/libGFXShared.dylib
0x00007fff6bdd8000 	/System/Library/Frameworks/OpenGL.framework/Versions/A/Libraries/libGL.dylib
0x00007fff6bbd3000 	/System/Library/Frameworks/OpenGL.framework/Versions/A/Libraries/libGLImage.dylib
0x00007fff6bbc7000 	/System/Library/Frameworks/OpenGL.framework/Versions/A/Libraries/libCVMSPluginSupport.dylib
0x00007fff6bbb2000 	/System/Library/Frameworks/OpenGL.framework/Versions/A/Libraries/libCoreVMClient.dylib
0x00007fff6d222000 	/System/Library/Frameworks/OpenCL.framework/Versions/A/OpenCL
0x00007fff2b48a000 	/System/Library/PrivateFrameworks/GraphVisualizer.framework/Versions/A/GraphVisualizer
0x00007fff2b499000 	/System/Library/PrivateFrameworks/FaceCore.framework/Versions/A/FaceCore
0x00007fff2b8b5000 	/System/Library/PrivateFrameworks/OTSVG.framework/Versions/A/OTSVG
0x00007fff270fb000 	/System/Library/Frameworks/ApplicationServices.framework/Versions/A/Frameworks/ATS.framework/Versions/A/Resources/libFontRegistry.dylib
0x00007fff2b904000 	/System/Library/PrivateFrameworks/FontServices.framework/libhvf.dylib
0x00007fff2b2ca000 	/System/Library/PrivateFrameworks/AppleVA.framework/Versions/A/AppleVA
0x00007fff2d012000 	/System/Library/Frameworks/ApplicationServices.framework/Versions/A/Frameworks/ATS.framework/Versions/A/ATS
0x00007fff2d325000 	/System/Library/Frameworks/ApplicationServices.framework/Versions/A/Frameworks/ColorSyncLegacy.framework/Versions/A/ColorSyncLegacy
0x00007fff25631000 	/System/Library/Frameworks/ApplicationServices.framework/Versions/A/Frameworks/HIServices.framework/Versions/A/HIServices
0x00007fff2d30a000 	/System/Library/Frameworks/ApplicationServices.framework/Versions/A/Frameworks/LangAnalysis.framework/Versions/A/LangAnalysis
0x00007fff2bfc7000 	/System/Library/Frameworks/ApplicationServices.framework/Versions/A/Frameworks/PrintCore.framework/Versions/A/PrintCore
0x00007fff2d32d000 	/System/Library/Frameworks/ApplicationServices.framework/Versions/A/Frameworks/QD.framework/Versions/A/QD
0x00007fff2d002000 	/System/Library/Frameworks/ApplicationServices.framework/Versions/A/Frameworks/SpeechSynthesis.framework/Versions/A/SpeechSynthesis
0x00007fff2bf88000 	/System/Library/Frameworks/ApplicationServices.framework/Versions/A/Frameworks/ATSUI.framework/Versions/A/ATSUI
0x00007fff2d2aa000 	/usr/lib/libcups.2.dylib
0x00007fff2d31a000 	/System/Library/PrivateFrameworks/NetAuth.framework/Versions/A/NetAuth
0x00007fff2d9a9000 	/System/Library/Frameworks/Kerberos.framework/Versions/A/Kerberos
0x00007fff2d9b9000 	/System/Library/Frameworks/GSS.framework/Versions/A/GSS
0x00007fff2d07f000 	/usr/lib/libresolv.9.dylib
0x00007fff2b91a000 	/System/Library/PrivateFrameworks/Heimdal.framework/Versions/A/Heimdal
0x00007fff33635000 	/System/Library/Frameworks/Kerberos.framework/Versions/A/Libraries/libHeimdalProxy.dylib
0x00007fff2620b000 	/System/Library/Frameworks/Network.framework/Versions/A/Network
0x00007fff2b337000 	/usr/lib/libheimdal-asn1.dylib
0x00007fff2da0a000 	/System/Library/PrivateFrameworks/CommonAuth.framework/Versions/A/CommonAuth
0x00007fff27550000 	/System/Library/PrivateFrameworks/login.framework/Versions/A/Frameworks/loginsupport.framework/Versions/A/loginsupport
0x00007fff2cf89000 	/System/Library/PrivateFrameworks/AudioSession.framework/Versions/A/AudioSession
0x00007fff2cfef000 	/usr/lib/libAudioStatistics.dylib
0x00007fff2b3c3000 	/System/Library/PrivateFrameworks/MediaExperience.framework/Versions/A/MediaExperience
0x00007fff2ce22000 	/System/Library/PrivateFrameworks/AudioSession.framework/libSessionUtility.dylib
0x00007fff2d99a000 	/usr/lib/libperfcheck.dylib
0x00007fff2d339000 	/System/Library/PrivateFrameworks/AudioResourceArbitration.framework/Versions/A/AudioResourceArbitration
0x00007fff2b341000 	/System/Library/PrivateFrameworks/IconFoundation.framework/Versions/A/IconFoundation
0x00007fff2fe2a000 	/System/Library/PrivateFrameworks/SpeechRecognitionCore.framework/Versions/A/SpeechRecognitionCore
0x000000010d000000 	/Library/Java/JavaVirtualMachines/adoptopenjdk-15.jdk/Contents/Home/lib/server/libjvm.dylib
0x0000000108b27000 	/Library/Java/JavaVirtualMachines/adoptopenjdk-15.jdk/Contents/Home/lib/libjimage.dylib
0x0000000108b42000 	/Library/Java/JavaVirtualMachines/adoptopenjdk-15.jdk/Contents/Home/lib/libinstrument.dylib
0x0000000108b67000 	/Library/Java/JavaVirtualMachines/adoptopenjdk-15.jdk/Contents/Home/lib/libjava.dylib
0x0000000108f7a000 	/Library/Java/JavaVirtualMachines/adoptopenjdk-15.jdk/Contents/Home/lib/libnio.dylib
0x0000000108fa8000 	/Library/Java/JavaVirtualMachines/adoptopenjdk-15.jdk/Contents/Home/lib/libnet.dylib
0x0000000134a55000 	/Library/Java/JavaVirtualMachines/adoptopenjdk-15.jdk/Contents/Home/lib/libzip.dylib
0x0000000108f2a000 	/Library/Java/JavaVirtualMachines/adoptopenjdk-15.jdk/Contents/Home/lib/libextnet.dylib
0x0000000134ca2000 	/Library/Java/javafx-sdk-15.0.1/lib/libprism_es2.dylib
0x00007fff229d2000 	/System/Library/PrivateFrameworks/CoreServicesInternal.framework/Versions/A/CoreServicesInternal
0x00007fff6bde3000 	/System/Library/Frameworks/OpenGL.framework/Versions/A/Resources/GLEngine.bundle/GLEngine
0x00007fff6bc44000 	/System/Library/Frameworks/OpenGL.framework/Versions/A/Libraries/libGLProgrammability.dylib
0x0000000134d84000 	/System/Library/Extensions/AppleMetalOpenGLRenderer.bundle/Contents/MacOS/AppleMetalOpenGLRenderer
0x00007fff6bf61000 	/System/Library/Frameworks/OpenGL.framework/Versions/A/Resources/GLRendererFloat.bundle/GLRendererFloat
0x0000000134efd000 	/System/Library/Extensions/AGXMetal13_3.bundle/Contents/MacOS/AGXMetal13_3
0x00007fff38706000 	/System/Library/PrivateFrameworks/IOGPU.framework/Versions/A/IOGPU
0x00007fff69760000 	/System/Library/PrivateFrameworks/GPUCompiler.framework/Versions/31001/Libraries/libmetal_timestamp.dylib
0x0000000136337000 	/Library/Java/javafx-sdk-15.0.1/lib/libglass.dylib
0x00007fff311ab000 	/System/Library/Frameworks/FileProvider.framework/Versions/A/FileProvider
0x00007fff26029000 	/System/Library/Frameworks/Accounts.framework/Versions/A/Accounts
0x00007fff312fa000 	/System/Library/PrivateFrameworks/GenerationalStorage.framework/Versions/A/GenerationalStorage
0x00007fff31c8e000 	/System/Library/PrivateFrameworks/CoreSymbolication.framework/Versions/A/CoreSymbolication
0x00007fff30bcb000 	/System/Library/PrivateFrameworks/SymptomDiagnosticReporter.framework/Versions/A/SymptomDiagnosticReporter
0x00007fff23aff000 	/System/Library/PrivateFrameworks/DesktopServicesPriv.framework/Versions/A/DesktopServicesPriv
0x00007fff22b07000 	/usr/lib/libsandbox.1.dylib
0x00007fff2757b000 	/System/Library/PrivateFrameworks/UserManagement.framework/Versions/A/UserManagement
0x00007fff29d5a000 	/System/Library/PrivateFrameworks/MobileKeyBag.framework/Versions/A/MobileKeyBag
0x00007fff346af000 	/System/Library/PrivateFrameworks/ChunkingLibrary.framework/Versions/A/ChunkingLibrary
0x00007fff31c52000 	/System/Library/PrivateFrameworks/DebugSymbols.framework/Versions/A/DebugSymbols
0x00007fff2e3cc000 	/System/Library/PrivateFrameworks/Sharing.framework/Versions/A/Sharing
0x00007fff32c38000 	/System/Library/PrivateFrameworks/Apple80211.framework/Versions/A/Apple80211
0x00007fff2a407000 	/System/Library/PrivateFrameworks/AuthKit.framework/Versions/A/AuthKit
0x00007fff29b58000 	/System/Library/PrivateFrameworks/CoreUtils.framework/Versions/A/CoreUtils
0x00007fff29a85000 	/System/Library/Frameworks/CoreWLAN.framework/Versions/A/CoreWLAN
0x00007fff2e518000 	/System/Library/Frameworks/IOBluetooth.framework/Versions/A/IOBluetooth
0x00007fff32c9c000 	/System/Library/PrivateFrameworks/CoreWiFi.framework/Versions/A/CoreWiFi
0x00007fff2da90000 	/System/Library/PrivateFrameworks/CorePhoneNumbers.framework/Versions/A/CorePhoneNumbers
0x00007fff30cd2000 	/System/Library/PrivateFrameworks/DiskManagement.framework/Versions/A/DiskManagement
0x00007fff30be8000 	/System/Library/PrivateFrameworks/AppleIDAuthSupport.framework/Versions/A/AppleIDAuthSupport
0x00007fff2da70000 	/System/Library/PrivateFrameworks/KeychainCircle.framework/Versions/A/KeychainCircle
0x00007fff30c9e000 	/System/Library/PrivateFrameworks/MediaKit.framework/Versions/A/MediaKit
0x00007fff30bf5000 	/System/Library/Frameworks/DiscRecording.framework/Versions/A/DiscRecording
0x00007fff2b23e000 	/usr/lib/libCoreStorage.dylib
0x00007fff330d7000 	/usr/lib/libcsfde.dylib
0x00007fff2e653000 	/System/Library/PrivateFrameworks/ProtectedCloudStorage.framework/Versions/A/ProtectedCloudStorage
0x00007fff330cf000 	/System/Library/PrivateFrameworks/EFILogin.framework/Versions/A/EFILogin
0x00007fff336e8000 	/System/Library/Frameworks/AudioUnit.framework/Versions/A/AudioUnit
0x00007fff30b66000 	/System/Library/Frameworks/CoreBluetooth.framework/Versions/A/CoreBluetooth
0x00007fff2b236000 	/usr/lib/libMatch.1.dylib
0x000000013802a000 	/usr/lib/libobjc-trampolines.dylib
0x00007fff41388000 	/System/Library/Frameworks/Accelerate.framework/Versions/A/Frameworks/vImage.framework/Versions/A/Libraries/libCGInterfaces.dylib
0x00007fff2727e000 	/System/Library/PrivateFrameworks/ViewBridge.framework/Versions/A/ViewBridge
0x00007fff2b9db000 	/System/Library/PrivateFrameworks/login.framework/Versions/A/login
0x00007fff2b135000 	/System/Library/PrivateFrameworks/CrashReporterSupport.framework/Versions/A/CrashReporterSupport
0x00007fff47acb000 	/System/Library/PrivateFrameworks/OSAnalytics.framework/Versions/A/OSAnalytics
0x00007fff779cc000 	/usr/lib/libRosetta.dylib
0x00007fff3305e000 	/System/Library/PrivateFrameworks/RemoteServiceDiscovery.framework/Versions/A/RemoteServiceDiscovery
0x00007fff51743000 	/System/Library/PrivateFrameworks/Symbolication.framework/Versions/A/Symbolication
0x00007fff3d6be000 	/System/Library/PrivateFrameworks/MallocStackLogging.framework/Versions/A/MallocStackLogging
0x00007fff6f59f000 	/System/Library/PrivateFrameworks/AccessibilityBundles.framework/Versions/A/AccessibilityBundles
0x000000013b02a000 	/Library/Java/javafx-sdk-15.0.1/lib/libjavafx_font.dylib
0x000000013b0ab000 	/Library/Java/JavaVirtualMachines/adoptopenjdk-15.jdk/Contents/Home/lib/libawt.dylib
0x000000013b226000 	/Library/Java/JavaVirtualMachines/adoptopenjdk-15.jdk/Contents/Home/lib/libmlib_image.dylib
0x00007fff6eb53000 	/System/Library/Frameworks/JavaNativeFoundation.framework/Versions/A/JavaNativeFoundation
0x00007fff6eb5f000 	/System/Library/Frameworks/JavaRuntimeSupport.framework/Versions/A/JavaRuntimeSupport
0x00007fff3cacd000 	/System/Library/Frameworks/Carbon.framework/Versions/A/Carbon
0x00007fff3657d000 	/System/Library/Frameworks/Carbon.framework/Versions/A/Frameworks/CommonPanels.framework/Versions/A/CommonPanels
0x00007fff330cb000 	/System/Library/Frameworks/Carbon.framework/Versions/A/Frameworks/Help.framework/Versions/A/Help
0x00007fff36581000 	/System/Library/Frameworks/Carbon.framework/Versions/A/Frameworks/ImageCapture.framework/Versions/A/ImageCapture
0x00007fff36551000 	/System/Library/Frameworks/Carbon.framework/Versions/A/Frameworks/OpenScripting.framework/Versions/A/OpenScripting
0x00007fff36579000 	/System/Library/Frameworks/Carbon.framework/Versions/A/Frameworks/Ink.framework/Versions/A/Ink
0x00007fff3cac9000 	/System/Library/Frameworks/Carbon.framework/Versions/A/Frameworks/Print.framework/Versions/A/Print
0x00007fff36575000 	/System/Library/Frameworks/Carbon.framework/Versions/A/Frameworks/SecurityHI.framework/Versions/A/SecurityHI
0x000000013b37e000 	/Library/Java/JavaVirtualMachines/adoptopenjdk-15.jdk/Contents/Home/lib/libawt_lwawt.dylib
0x000000013b502000 	/Library/Java/JavaVirtualMachines/adoptopenjdk-15.jdk/Contents/Home/lib/libosxapp.dylib
0x00007fff3c0e4000 	/System/Library/Frameworks/ExceptionHandling.framework/Versions/A/ExceptionHandling
0x000000013b540000 	/Library/Java/JavaVirtualMachines/adoptopenjdk-15.jdk/Contents/Home/lib/libfontmanager.dylib
0x000000013b7da000 	/Library/Java/JavaVirtualMachines/adoptopenjdk-15.jdk/Contents/Home/lib/libfreetype.dylib
0x000000013bc50000 	/Library/Java/JavaVirtualMachines/adoptopenjdk-15.jdk/Contents/Home/lib/libosxui.dylib


VM Arguments:
jvm_args: -ea --module-path=/Library/Java/javafx-sdk-15.0.1/lib --add-modules=javafx.controls,javafx.fxml,javafx.media -Djava.library.path=/Library/Java/javafx-sdk-15.0.1/lib -javaagent:/Applications/IntelliJ IDEA.app/Contents/lib/idea_rt.jar=50495:/Applications/IntelliJ IDEA.app/Contents/bin -Dfile.encoding=UTF-8 
java_command: comp1110.ass2.gui.Game
java_class_path (initial): /Users/johnkim1216/IdeaProjects/comp1110-ass2-tue12i/out/production/comp1110-ass2:/Library/Java/javafx-sdk-15.0.1/lib/src.zip:/Library/Java/javafx-sdk-15.0.1/lib/javafx-swt.jar:/Library/Java/javafx-sdk-15.0.1/lib/javafx.web.jar:/Library/Java/javafx-sdk-15.0.1/lib/javafx.base.jar:/Library/Java/javafx-sdk-15.0.1/lib/javafx.fxml.jar:/Library/Java/javafx-sdk-15.0.1/lib/javafx.media.jar:/Library/Java/javafx-sdk-15.0.1/lib/javafx.swing.jar:/Library/Java/javafx-sdk-15.0.1/lib/javafx.controls.jar:/Library/Java/javafx-sdk-15.0.1/lib/javafx.graphics.jar
Launcher Type: SUN_STANDARD

[Global flags]
     intx CICompilerCount                          = 4                                         {product} {ergonomic}
     uint ConcGCThreads                            = 2                                         {product} {ergonomic}
     uint G1ConcRefinementThreads                  = 8                                         {product} {ergonomic}
   size_t G1HeapRegionSize                         = 2097152                                   {product} {ergonomic}
    uintx GCDrainStackTargetSize                   = 64                                        {product} {ergonomic}
   size_t InitialHeapSize                          = 268435456                                 {product} {ergonomic}
   size_t MarkStackSize                            = 4194304                                   {product} {ergonomic}
   size_t MaxHeapSize                              = 4294967296                                {product} {ergonomic}
   size_t MaxNewSize                               = 2575302656                                {product} {ergonomic}
   size_t MinHeapDeltaBytes                        = 2097152                                   {product} {ergonomic}
   size_t MinHeapSize                              = 8388608                                   {product} {ergonomic}
    uintx NonNMethodCodeHeapSize                   = 5839372                                {pd product} {ergonomic}
    uintx NonProfiledCodeHeapSize                  = 122909434                              {pd product} {ergonomic}
    uintx ProfiledCodeHeapSize                     = 122909434                              {pd product} {ergonomic}
    uintx ReservedCodeCacheSize                    = 251658240                              {pd product} {ergonomic}
     bool SegmentedCodeCache                       = true                                      {product} {ergonomic}
   size_t SoftMaxHeapSize                          = 4294967296                             {manageable} {ergonomic}
     bool UseCompressedClassPointers               = true                                 {lp64_product} {ergonomic}
     bool UseCompressedOops                        = true                                 {lp64_product} {ergonomic}
     bool UseG1GC                                  = true                                      {product} {ergonomic}
     bool UseNUMA                                  = false                                     {product} {ergonomic}
     bool UseNUMAInterleaving                      = false                                     {product} {ergonomic}

Logging:
Log output configuration:
 #0: stdout all=warning uptime,level,tags
 #1: stderr all=off uptime,level,tags

Environment Variables:
JAVA_HOME=/Library/Java/JavaVirtualMachines/adoptopenjdk-15.jdk/Contents/Home
PATH=/opt/homebrew/bin:/opt/homebrew/sbin:/opt/homebrew/bin:/opt/homebrew/sbin:/Library/Frameworks/Python.framework/Versions/3.9/bin:/usr/local/bin:/usr/bin:/bin:/usr/sbin:/sbin:/Library/TeX/texbin:/Library/Java/JavaVirtualMachines/adoptopenjdk-15.jdk/Contents/Home/bin
SHELL=/bin/zsh
LC_CTYPE=en_AU.UTF-8

Signal Handlers:
SIGSEGV: [libjvm.dylib+0xa88920], sa_mask[0]=11111111111111111111111111111111, sa_flags=SA_ONSTACK|SA_RESTART|SA_SIGINFO
SIGBUS: [libjvm.dylib+0xa88920], sa_mask[0]=11111111111111111111111111111111, sa_flags=SA_RESTART|SA_SIGINFO
SIGFPE: [libjvm.dylib+0xa88920], sa_mask[0]=11111111111111111111111111111111, sa_flags=SA_RESTART|SA_SIGINFO
SIGPIPE: [libjvm.dylib+0x842990], sa_mask[0]=11111111111111111111111111111111, sa_flags=SA_RESTART|SA_SIGINFO
SIGXFSZ: [libjvm.dylib+0x842990], sa_mask[0]=11111111111111111111111111111111, sa_flags=SA_RESTART|SA_SIGINFO
SIGILL: [libjvm.dylib+0xa88920], sa_mask[0]=11111111111111111111111111111111, sa_flags=SA_RESTART|SA_SIGINFO
SIGUSR2: [libjvm.dylib+0x8434b0], sa_mask[0]=00100000000000000000000000000000, sa_flags=SA_RESTART|SA_SIGINFO
SIGHUP: [libjvm.dylib+0x841b90], sa_mask[0]=11111111111111111111111111111111, sa_flags=SA_RESTART|SA_SIGINFO
SIGINT: [libjvm.dylib+0x841b90], sa_mask[0]=11111111111111111111111111111111, sa_flags=SA_RESTART|SA_SIGINFO
SIGTERM: [libjvm.dylib+0x841b90], sa_mask[0]=11111111111111111111111111111111, sa_flags=SA_RESTART|SA_SIGINFO
SIGQUIT: [libjvm.dylib+0x841b90], sa_mask[0]=11111111111111111111111111111111, sa_flags=SA_RESTART|SA_SIGINFO


---------------  S Y S T E M  ---------------

OS:uname: Darwin 20.4.0 Darwin Kernel Version 20.4.0: Thu Apr 22 21:46:41 PDT 2021; root:xnu-7195.101.2~1/RELEASE_ARM64_T8101 x86_64
OS uptime: 0 days 5:57 hours
rlimit (soft/hard): STACK 8176k/65520k , CORE 0k/infinity , NPROC 2666/4000 , NOFILE 10240/infinity , AS infinity/infinity , CPU infinity/infinity , DATA infinity/infinity , FSIZE infinity/infinity , MEMLOCK infinity/infinity , RSS infinity/infinity
load average: 1.38 1.29 1.52

CPU: total 8 (initial active 8) (1 cores per cpu, 1 threads per core) family 6 model 44 stepping 0 microcode 0x0, cmov, cx8, fxsr, mmx, sse, sse2, sse3, ssse3, sse4.1, sse4.2, popcnt, aes, clmul, tsc, tscinvbit, tscinv, clflush

Memory: 4k page, physical 16777216k(254432k free), swap 0k(0k free)

vm_info: OpenJDK 64-Bit Server VM (15.0.2+7) for bsd-amd64 JRE (15.0.2+7), built on Jan 21 2021 11:59:27 by "jenkins" with clang 4.2.1 Compatible Apple LLVM 10.0.1 (clang-1001.0.46.4)

END.
